16 [140379091384000] INFO perfrun.launcher <> - Launcher main begin
22 [140379091384000] INFO perfrun.launcher <> - MessageCatalogInit finished
22 [140379091384000] INFO perfrun.launcher <> - Launcher instance created
22 [140379091384000] INFO perfrun.launcher <> - argc = 6; cmdline = /share/intel/oneapi/vtune/2022.4.0/bin64/amplxe-runss -dump-vdso -r /tmp/amplxe-tmp-uid-1674/amplxe-res-1485993-14067684527817349 --tmp-dir /tmp/amplxe-tmp-uid-1674 
88 [140379091384000] INFO perfrun.launcher <> - create msngr2::ICliToolContext
89 [140379091384000] INFO perfrun.launcher <> - create file finder object
112 [140378951943936] INFO perfrun.launcher <> - plugin [remoteplug] was disabled because it doesn't support the given collection type.
112 [140378951943936] INFO perfrun.launcher <> - plugin [system] was disabled because it doesn't support the given collection type.
112 [140378951943936] INFO perfrun.vdso <> - dumping [vdso] pseudomodule
115 [140378951943936] INFO perfrun.launcher <> - plugin [itt] was disabled because it doesn't support the given collection type.
115 [140378951943936] INFO perfrun.launcher <> - plugin [ptracecollector] was disabled because it doesn't support the given collection type.
115 [140378951943936] INFO perfrun.launcher <> - plugin [gpu] was disabled because it doesn't support the given collection type.
115 [140378951943936] INFO perfrun.launcher <> - plugin [] was disabled because it doesn't support the given collection type.
115 [140378951943936] INFO perfrun.launcher <> - plugin [] was disabled because it doesn't support the given collection type.
115 [140378951943936] INFO perfrun.launcher <> - plugin [] was disabled because it doesn't support the given collection type.
115 [140378951943936] INFO perfrun.launcher <> - plugin [mrte] was disabled because it doesn't support the given collection type.
115 [140378951943936] INFO perfrun.launcher <> - plugin [emon] was disabled because it doesn't support the given collection type.
115 [140378951943936] INFO perfrun.launcher <> - plugin [cuscol] was disabled because it doesn't support the given collection type.
115 [140378951943936] INFO perfrun.launcher <> - plugin [stdsrc] was disabled because it doesn't support the given collection type.
115 [140378951943936] INFO perfrun.launcher <> - plugin [sep] was disabled because it doesn't support the given collection type.
115 [140378951943936] INFO perfrun.launcher <> - plugin [vtsspp] was disabled because it doesn't support the given collection type.
115 [140378951943936] INFO perfrun.launcher <> - plugin [perf] was disabled because it doesn't support the given collection type.
115 [140378951943936] INFO perfrun.launcher <> - plugin [aoclprofile] was disabled because it doesn't support the given collection type.
115 [140378951943936] INFO perfrun.launcher <> - plugin [tpss] was disabled because it doesn't support the given collection type.
115 [140378951943936] INFO perfrun.launcher <> - plugin [media] was disabled because it doesn't support the given collection type.
115 [140378951943936] INFO perfrun.launcher <> - plugin [] was disabled because it doesn't support the given collection type.
115 [140378951943936] INFO perfrun.launcher <> - plugin [] was disabled because it doesn't support the given collection type.
115 [140378951943936] INFO perfrun.launcher <> - plugin [parallelfs] was disabled because it doesn't support the given collection type.
115 [140378951943936] INFO perfrun.launcher <> - plugin [power] was disabled because it doesn't support the given collection type.
115 [140378951943936] INFO perfrun.launcher <> - plugin [hwloc] was disabled because it doesn't support the given collection type.
115 [140378951943936] INFO perfrun.launcher <> - plugin [ipmwatch] was disabled because it doesn't support the given collection type.
115 [140378951943936] INFO perfrun.launcher <> - plugin [os_counters] was disabled because it doesn't support the given collection type.
115 [140378951943936] INFO perfrun.launcher <> - plugin [l0_metrics] was disabled because it doesn't support the given collection type.
120 [140379091384000] INFO perfrun.launcher <> - Application exit code: 0
120 [140379091384000] INFO perfrun.launcher <> - Exit code: 0
