
------------------------------------------------------------
Sender: LSF System <lsfadmin@a08u16b>
Subject: Job 204660: <hpcx-xbx> in cluster <qmhpc> Exited

Job <hpcx-xbx> was submitted from host <b04u17l> by user <apac4> in cluster <qmhpc> at Sat Sep 21 19:53:01 2024
Job was executed on host(s) <24*a08u16b>, in queue <ssc-cpu>, as user <apac4> in cluster <qmhpc> at Sat Sep 21 19:53:02 2024
                            <24*a08u16a>
                            <24*a08u17a>
                            <24*a08u17b>
</work/apac4> was used as the home directory.
</work/apac4/xbx/apac/hpc/hoomd-benchmarks> was used as the working directory.
Started at Sat Sep 21 19:53:02 2024
Terminated at Sat Sep 21 19:53:21 2024
Results reported at Sat Sep 21 19:53:21 2024

Your job looked like:

------------------------------------------------------------
# LSBATCH: User input
#!/bin/bash
#BSUB -q ssc-cpu
#BSUB -n 96
#BSUB -e %J.err
#BSUB -o %J.out
#BSUB -R "span[ptile=24]"
#BSUB -J hpcx-xbx

hostfile=`echo $LSB_DJOB_HOSTFILE`
NP=`cat $hostfile | wc -l`
cd $LS_SUBCWD

source /work/apac4/miniforge3/etc/profile.d/conda.sh
conda activate apac-hpc-xbx

source /work/apac4/xbx/apac/hpc/hpcx-v2.7.0-gcc-MLNX_OFED_LINUX-4.7-1.0.0.1-redhat7.6-x86_64/hpcx-init.sh
module use /work/apac4/xbx/apac/hpc/hpcx-v2.7.0-gcc-MLNX_OFED_LINUX-4.7-1.0.0.1-redhat7.6-x86_64/modulefiles
module load hpcx

#time -p mpirun --hostfile $LSB_DJOB_HOSTFILE -n $NP -x LD_LIBRARY_PATH -x PATH -x CONDA_PREFIX -x CONDA_DEFAULT_ENV python3 -m hoomd_benchmarks.md_pair_wca --device CPU -N 2000000 --benchmark_steps 100000 -v
# oshmem中启动hcoll
#time -p oshrun  -mca scoll_mpi_enable 1 -mca scoll basic,mpi -mca coll_hcoll_enable 1 -x HCOLL_ENABLE_SHARP=1 -x HCOLL_ALLREDUCE_LB_SUPPORT=0 -x HCOLL_BCOL_P2P_LARGE_ALLREDUCE_ALG=1 -x HCOLL_BCOL_UCX_P2P_HYBRID_SRA_NODE_RADIX=3 -x HCOLL_BCOL_UCX_P2P_HYBRID_SRA_NET_RADIX=2 --hostfile $LSB_DJOB_HOSTFILE -n $NP -x LD_LIBRARY_PATH -x PATH -x CONDA_PREFIX -x CONDA_DEFAULT_ENV python3 -m hoomd_benchmarks.md_pair_wca --device CPU -N 2000000 --benchmark_steps 100000 -v
# mpi中启动hcoll
time -p mpirun -mca coll_hcoll_enable 1 -x HCOLL_ENABLE_SHARP=1 -x HCOLL_ALLREDUCE_LB_SUPPORT=0 -x HCOLL_BCOL_P2P_LARGE_ALLREDUCE_ALG=1 -x HCOLL_BCOL_UCX_P2P_HYBRID_SRA_NODE_RADIX=3 -x HCOLL_BCOL_UCX_P2P_HYBRID_SRA_NET_RADIX=2 --hostfile $LSB_DJOB_HOSTFILE -n $NP -x LD_LIBRARY_PATH -x PATH -x CONDA_PREFIX -x CONDA_DEFAULT_ENV python3 -m hoomd_benchmarks.md_pair_wca --device CPU -N 2000000 --benchmark_steps 100000 -v

------------------------------------------------------------

Exited with exit code 1.

Resource usage summary:

    CPU time :                                   2.00 sec.
    Max Memory :                                 63 MB
    Average Memory :                             50.50 MB
    Total Requested Memory :                     -
    Delta Memory :                               -
    Max Swap :                                   -
    Max Processes :                              7
    Max Threads :                                11
    Run time :                                   17 sec.
    Turnaround time :                            20 sec.

The output (if any) is above this job summary.



PS:

Read file <204660.err> for stderr output of this job.

