[LOG_CAT_SHARP] Failed to initialize SHArP collectives:Cannot connect to SHArPD(-8)  job ID:2949840897
[LOG_CAT_ML] Failure in hcoll_sharp_base_select
[LOG_CAT_ML] Failure in hcoll_sharp_base_select
[LOG_CAT_ML] Failure in hcoll_sharp_base_select
[LOG_CAT_ML] Failure in hcoll_sharp_base_select
[LOG_CAT_ML] Failure in hcoll_sharp_base_select
[LOG_CAT_ML] Failure in hcoll_sharp_base_select
[LOG_CAT_ML] Failure in hcoll_sharp_base_select
[LOG_CAT_ML] Failure in hcoll_sharp_base_select
[LOG_CAT_ML] Failure in hcoll_sharp_base_select
[LOG_CAT_ML] Failure in hcoll_sharp_base_select
[LOG_CAT_ML] Failure in hcoll_sharp_base_select
[LOG_CAT_ML] Failure in hcoll_sharp_base_select
[LOG_CAT_ML] Failure in hcoll_sharp_base_select
[LOG_CAT_ML] Failure in hcoll_sharp_base_select
[LOG_CAT_ML] Failure in hcoll_sharp_base_select
[LOG_CAT_ML] Failure in hcoll_sharp_base_select
[LOG_CAT_ML] Failure in hcoll_sharp_base_select
[LOG_CAT_ML] Failure in hcoll_sharp_base_select
[LOG_CAT_ML] Failure in hcoll_sharp_base_select
[LOG_CAT_ML] Failure in hcoll_sharp_base_select
[LOG_CAT_ML] Failure in hcoll_sharp_base_select
[LOG_CAT_ML] Failure in hcoll_sharp_base_select
[LOG_CAT_ML] Failure in hcoll_sharp_base_select
[LOG_CAT_ML] Failure in hcoll_sharp_base_select
[LOG_CAT_ML] Failure in hcoll_sharp_base_select
[LOG_CAT_ML] Failure in hcoll_sharp_base_select
[LOG_CAT_ML] Failure in hcoll_sharp_base_select
[LOG_CAT_ML] Failure in hcoll_sharp_base_select
[LOG_CAT_ML] Failure in hcoll_sharp_base_select
[LOG_CAT_ML] Failure in hcoll_sharp_base_select
[LOG_CAT_ML] Failure in hcoll_sharp_base_select
[LOG_CAT_ML] Failure in hcoll_sharp_base_select
[LOG_CAT_ML] Failure in hcoll_sharp_base_select
[LOG_CAT_ML] Failure in hcoll_sharp_base_select
[LOG_CAT_ML] Failure in hcoll_sharp_base_select
[LOG_CAT_ML] Failure in hcoll_sharp_base_select
[LOG_CAT_ML] Failure in hcoll_sharp_base_select
[LOG_CAT_ML] Failure in hcoll_sharp_base_select
[LOG_CAT_ML] Failure in hcoll_sharp_base_select
[LOG_CAT_ML] Failure in hcoll_sharp_base_select
[LOG_CAT_ML] Failure in hcoll_sharp_base_select
[LOG_CAT_ML] Failure in hcoll_sharp_base_select
[LOG_CAT_ML] Failure in hcoll_sharp_base_select
[LOG_CAT_ML] Failure in hcoll_sharp_base_select
[LOG_CAT_ML] Failure in hcoll_sharp_base_select
[LOG_CAT_ML] Failure in hcoll_sharp_base_select
[LOG_CAT_ML] Failure in hcoll_sharp_base_select
[LOG_CAT_ML] Failure in hcoll_sharp_base_select
[LOG_CAT_ML] Failure in hcoll_sharp_base_select
[LOG_CAT_ML] Failure in hcoll_sharp_base_select
[LOG_CAT_ML] Failure in hcoll_sharp_base_select
[LOG_CAT_ML] Failure in hcoll_sharp_base_select
[LOG_CAT_ML] Failure in hcoll_sharp_base_select
[LOG_CAT_ML] Failure in hcoll_sharp_base_select
[LOG_CAT_ML] Failure in hcoll_sharp_base_select
[LOG_CAT_ML] Failure in hcoll_sharp_base_select
[LOG_CAT_ML] Failure in hcoll_sharp_base_select
[LOG_CAT_ML] Failure in hcoll_sharp_base_select
[LOG_CAT_ML] Failure in hcoll_sharp_base_select
[LOG_CAT_ML] Failure in hcoll_sharp_base_select
[LOG_CAT_ML] Failure in hcoll_sharp_base_select
[LOG_CAT_ML] Failure in hcoll_sharp_base_select
[LOG_CAT_ML] Failure in hcoll_sharp_base_select
[LOG_CAT_ML] Failure in hcoll_sharp_base_select
[LOG_CAT_ML] Failure in hcoll_sharp_base_select
[LOG_CAT_ML] Failure in hcoll_sharp_base_select
[LOG_CAT_ML] Failure in hcoll_sharp_base_select
[LOG_CAT_ML] Failure in hcoll_sharp_base_select
[LOG_CAT_ML] Failure in hcoll_sharp_base_select
[LOG_CAT_ML] Failure in hcoll_sharp_base_select
[LOG_CAT_ML] Failure in hcoll_sharp_base_select
[LOG_CAT_ML] Failure in hcoll_sharp_base_select
[LOG_CAT_ML] Failure in hcoll_sharp_base_select
[LOG_CAT_ML] Failure in hcoll_sharp_base_select
[LOG_CAT_ML] Failure in hcoll_sharp_base_select
[LOG_CAT_ML] Failure in hcoll_sharp_base_select
[LOG_CAT_ML] Failure in hcoll_sharp_base_select
[LOG_CAT_ML] Failure in hcoll_sharp_base_select
[LOG_CAT_ML] Failure in hcoll_sharp_base_select
[LOG_CAT_ML] Failure in hcoll_sharp_base_select
[LOG_CAT_ML] Failure in hcoll_sharp_base_select
[LOG_CAT_ML] Failure in hcoll_sharp_base_select
[LOG_CAT_ML] Failure in hcoll_sharp_base_select
[LOG_CAT_ML] Failure in hcoll_sharp_base_select
[LOG_CAT_ML] Failure in hcoll_sharp_base_select
[LOG_CAT_ML] Failure in hcoll_sharp_base_select
[LOG_CAT_ML] Failure in hcoll_sharp_base_select
[LOG_CAT_ML] Failure in hcoll_sharp_base_select
[LOG_CAT_ML] Failure in hcoll_sharp_base_select
[LOG_CAT_ML] Failure in hcoll_sharp_base_select
[LOG_CAT_ML] Failure in hcoll_sharp_base_select
[LOG_CAT_ML] Failure in hcoll_sharp_base_select
[LOG_CAT_ML] Failure in hcoll_sharp_base_select
[LOG_CAT_ML] Failure in hcoll_sharp_base_select
[LOG_CAT_ML] Failure in hcoll_sharp_base_select
[LOG_CAT_ML] Failure in hcoll_sharp_base_select
real 2737.55
user 62666.69
sys 2200.71
