Elapsed Time: 46951.502s
    CPU Time: 1.680s
        Effective Time: 1.620s
        Spin Time: 0.060s
        Overhead Time: 0s
    Total Thread Count: 56
    Paused Time: 0s

Top Hotspots
Function                                 Module              CPU Time  % of CPU Time(%)
---------------------------------------  ------------------  --------  ----------------
orte_odls_base_default_kill_local_procs  libopen-rte.so.40     0.610s             36.3%
select                                   libc.so.6             0.300s             17.9%
listen_thread                            libpmix.so.2          0.090s              5.4%
__close                                  libpthread-2.28.so    0.050s              3.0%
opal_hwloc_base_get_topology             libopen-pal.so.40     0.050s              3.0%
[Others]                                 N/A                   0.580s             34.5%
Effective CPU Utilization: 0.3%
 | The metric value is low, which may signal a poor logical CPU cores
 | utilization caused by load imbalance, threading runtime overhead, contended
 | synchronization, or thread/process underutilization. Explore sub-metrics to
 | estimate the efficiency of MPI and OpenMP parallelism or run the Locks and
 | Waits analysis to identify parallel bottlenecks for other parallel runtimes.
 |
    Average Effective CPU Utilization: 0.290 out of 96
Collection and Platform Info
    Application Command Line: mpirun "--hostfile" "/work/apac4/.lsbatch/1726943291.204756.hostfile" "-n" "96" "-x" "LD_LIBRARY_PATH" "-x" "PATH" "-x" "CONDA_PREFIX" "-x" "CONDA_DEFAULT_ENV" "python3" "-m" "hoomd_benchmarks.md_pair_wca" "--device" "CPU" "-N" "2000000" "--benchmark_steps" "100000" "-v" 
    Operating System: 4.18.0-372.32.1.el8_6.x86_64 \S Kernel \r on an \m 
    Computer Name: b03u12a
    Result Size: 7.0 MB 
    Collection start time: 18:28:18 21/09/2024 UTC
    Collection stop time: 07:30:49 22/09/2024 UTC
    Collector Type: Driverless Perf per-process counting,User-mode sampling and tracing
    CPU
        Name: Unknown
        Frequency: 2.400 GHz
        Logical CPU Count: 96
        Cache Allocation Technology
            Level 2 capability: available
            Level 3 capability: available

If you want to skip descriptions of detected performance issues in the report,
enter: vtune -report summary -report-knob show-issues=false -r <my_result_dir>.
Alternatively, you may view the report in the csv format: vtune -report
<report_name> -format=csv.

------------------------------------------------------------
Sender: LSF System <lsfadmin@b03u12a>
Subject: Job 204756: <hpcx-xbx> in cluster <qmhpc> Exited

Job <hpcx-xbx> was submitted from host <b04u17l> by user <apac4> in cluster <qmhpc> at Sun Sep 22 02:28:11 2024
Job was executed on host(s) <24*b03u12a>, in queue <ssc-cpu>, as user <apac4> in cluster <qmhpc> at Sun Sep 22 02:28:12 2024
                            <24*b07u33a>
                            <24*b07u26a>
                            <24*b03u20a>
</work/apac4> was used as the home directory.
</work/apac4/xbx/apac/hpc/hoomd-benchmarks> was used as the working directory.
Started at Sun Sep 22 02:28:12 2024
Terminated at Sun Sep 22 15:30:52 2024
Results reported at Sun Sep 22 15:30:52 2024

Your job looked like:

------------------------------------------------------------
# LSBATCH: User input
#!/bin/bash
#BSUB -q ssc-cpu
#BSUB -n 96
#BSUB -e %J.err
#BSUB -o %J.out
#BSUB -R "span[ptile=24]"
#BSUB -J hpcx-xbx

hostfile=`echo $LSB_DJOB_HOSTFILE`
NP=`cat $hostfile | wc -l`
cd $LS_SUBCWD

source /work/apac4/miniforge3/etc/profile.d/conda.sh
conda activate apac-hpc-xbx


source /work/apac4/xbx/apac/hpc/hpcx-v2.7.0-gcc-MLNX_OFED_LINUX-4.7-1.0.0.1-redhat7.6-x86_64/hpcx-init.sh
module use /work/apac4/xbx/apac/hpc/hpcx-v2.7.0-gcc-MLNX_OFED_LINUX-4.7-1.0.0.1-redhat7.6-x86_64/modulefiles
module load hpcx
module load vtune/latest

 vtune -collect hotspots mpirun --hostfile $LSB_DJOB_HOSTFILE -n $NP -x LD_LIBRARY_PATH -x PATH -x CONDA_PREFIX -x CONDA_DEFAULT_ENV python3 -m hoomd_benchmarks.md_pair_wca --device CPU -N 2000000 --benchmark_steps 100000 -v

------------------------------------------------------------

TERM_OWNER: job killed by owner.
Exited with exit code 4.

Resource usage summary:

    CPU time :                                   93904.00 sec.
    Max Memory :                                 946 MB
    Average Memory :                             938.25 MB
    Total Requested Memory :                     -
    Delta Memory :                               -
    Max Swap :                                   -
    Max Processes :                              13
    Max Threads :                                35
    Run time :                                   46959 sec.
    Turnaround time :                            46961 sec.

The output (if any) is above this job summary.



PS:

Read file <204756.err> for stderr output of this job.

