vtune: Warning: Only user space will be profiled due to credentials lack. Consider changing /proc/sys/kernel/perf_event_paranoid file for enabling kernel space profiling.
vtune: Collection started. To stop the collection, either press CTRL-C or enter from another console window: vtune -r /work/apac4/xbx/apac/hpc/hoomd-benchmarks/r000hs -command stop.
Warning: Permanently added 'b03u20a,10.10.3.111' (ECDSA) to the list of known hosts.
Warning: Permanently added 'b07u26a,10.10.7.17' (ECDSA) to the list of known hosts.
Warning: Permanently added 'b07u33a,10.10.7.24' (ECDSA) to the list of known hosts.
Traceback (most recent call last):
  File "/work/apac4/miniforge3/envs/apac-hpc-xbx/lib/python3.10/runpy.py", line 196, in _run_module_as_main
    return _run_code(code, main_globals, None,
  File "/work/apac4/miniforge3/envs/apac-hpc-xbx/lib/python3.10/runpy.py", line 86, in _run_code
    exec(code, run_globals)
  File "/work/apac4/xbx/apac/hpc/hoomd-benchmarks/hoomd_benchmarks/md_pair_wca.py", line 6, in <module>
    import hoomd
  File "/work/apac4/miniforge3/envs/apac-hpc-xbx/lib/python3.10/site-packages/hoomd/__init__.py", line 60, in <module>
    from hoomd import version
  File "/work/apac4/miniforge3/envs/apac-hpc-xbx/lib/python3.10/site-packages/hoomd/version.py", line 64, in <module>
    from hoomd import _hoomd
ImportError: libtbb.so.12: cannot open shared object file: No such file or directory
Traceback (most recent call last):
  File "/work/apac4/miniforge3/envs/apac-hpc-xbx/lib/python3.10/runpy.py", line 196, in _run_module_as_main
    return _run_code(code, main_globals, None,
  File "/work/apac4/miniforge3/envs/apac-hpc-xbx/lib/python3.10/runpy.py", line 86, in _run_code
    exec(code, run_globals)
  File "/work/apac4/xbx/apac/hpc/hoomd-benchmarks/hoomd_benchmarks/md_pair_wca.py", line 6, in <module>
    import hoomd
  File "/work/apac4/miniforge3/envs/apac-hpc-xbx/lib/python3.10/site-packages/hoomd/__init__.py", line 60, in <module>
    from hoomd import version
  File "/work/apac4/miniforge3/envs/apac-hpc-xbx/lib/python3.10/site-packages/hoomd/version.py", line 64, in <module>
    from hoomd import _hoomd
ImportError: libtbb.so.12: cannot open shared object file: No such file or directory
Traceback (most recent call last):
  File "/work/apac4/miniforge3/envs/apac-hpc-xbx/lib/python3.10/runpy.py", line 196, in _run_module_as_main
    return _run_code(code, main_globals, None,
  File "/work/apac4/miniforge3/envs/apac-hpc-xbx/lib/python3.10/runpy.py", line 86, in _run_code
    exec(code, run_globals)
  File "/work/apac4/xbx/apac/hpc/hoomd-benchmarks/hoomd_benchmarks/md_pair_wca.py", line 6, in <module>
    import hoomd
  File "/work/apac4/miniforge3/envs/apac-hpc-xbx/lib/python3.10/site-packages/hoomd/__init__.py", line 60, in <module>
    from hoomd import version
  File "/work/apac4/miniforge3/envs/apac-hpc-xbx/lib/python3.10/site-packages/hoomd/version.py", line 64, in <module>
    from hoomd import _hoomd
ImportError: libtbb.so.12: cannot open shared object file: No such file or directory
Traceback (most recent call last):
  File "/work/apac4/miniforge3/envs/apac-hpc-xbx/lib/python3.10/runpy.py", line 196, in _run_module_as_main
    return _run_code(code, main_globals, None,
  File "/work/apac4/miniforge3/envs/apac-hpc-xbx/lib/python3.10/runpy.py", line 86, in _run_code
    exec(code, run_globals)
  File "/work/apac4/xbx/apac/hpc/hoomd-benchmarks/hoomd_benchmarks/md_pair_wca.py", line 6, in <module>
    import hoomd
  File "/work/apac4/miniforge3/envs/apac-hpc-xbx/lib/python3.10/site-packages/hoomd/__init__.py", line 60, in <module>
    from hoomd import version
  File "/work/apac4/miniforge3/envs/apac-hpc-xbx/lib/python3.10/site-packages/hoomd/version.py", line 64, in <module>
    from hoomd import _hoomd
ImportError: libtbb.so.12: cannot open shared object file: No such file or directory
Traceback (most recent call last):
  File "/work/apac4/miniforge3/envs/apac-hpc-xbx/lib/python3.10/runpy.py", line 196, in _run_module_as_main
    return _run_code(code, main_globals, None,
  File "/work/apac4/miniforge3/envs/apac-hpc-xbx/lib/python3.10/runpy.py", line 86, in _run_code
    exec(code, run_globals)
  File "/work/apac4/xbx/apac/hpc/hoomd-benchmarks/hoomd_benchmarks/md_pair_wca.py", line 6, in <module>
    import hoomd
  File "/work/apac4/miniforge3/envs/apac-hpc-xbx/lib/python3.10/site-packages/hoomd/__init__.py", line 60, in <module>
    from hoomd import version
  File "/work/apac4/miniforge3/envs/apac-hpc-xbx/lib/python3.10/site-packages/hoomd/version.py", line 64, in <module>
    from hoomd import _hoomd
ImportError: libtbb.so.12: cannot open shared object file: No such file or directory
Traceback (most recent call last):
  File "/work/apac4/miniforge3/envs/apac-hpc-xbx/lib/python3.10/runpy.py", line 196, in _run_module_as_main
    return _run_code(code, main_globals, None,
  File "/work/apac4/miniforge3/envs/apac-hpc-xbx/lib/python3.10/runpy.py", line 86, in _run_code
    exec(code, run_globals)
  File "/work/apac4/xbx/apac/hpc/hoomd-benchmarks/hoomd_benchmarks/md_pair_wca.py", line 6, in <module>
    import hoomd
  File "/work/apac4/miniforge3/envs/apac-hpc-xbx/lib/python3.10/site-packages/hoomd/__init__.py", line 60, in <module>
    from hoomd import version
  File "/work/apac4/miniforge3/envs/apac-hpc-xbx/lib/python3.10/site-packages/hoomd/version.py", line 64, in <module>
    from hoomd import _hoomd
ImportError: libtbb.so.12: cannot open shared object file: No such file or directory
Traceback (most recent call last):
  File "/work/apac4/miniforge3/envs/apac-hpc-xbx/lib/python3.10/runpy.py", line 196, in _run_module_as_main
    return _run_code(code, main_globals, None,
  File "/work/apac4/miniforge3/envs/apac-hpc-xbx/lib/python3.10/runpy.py", line 86, in _run_code
    exec(code, run_globals)
  File "/work/apac4/xbx/apac/hpc/hoomd-benchmarks/hoomd_benchmarks/md_pair_wca.py", line 6, in <module>
    import hoomd
  File "/work/apac4/miniforge3/envs/apac-hpc-xbx/lib/python3.10/site-packages/hoomd/__init__.py", line 60, in <module>
    from hoomd import version
  File "/work/apac4/miniforge3/envs/apac-hpc-xbx/lib/python3.10/site-packages/hoomd/version.py", line 64, in <module>
    from hoomd import _hoomd
ImportError: libtbb.so.12: cannot open shared object file: No such file or directory
Traceback (most recent call last):
  File "/work/apac4/miniforge3/envs/apac-hpc-xbx/lib/python3.10/runpy.py", line 196, in _run_module_as_main
    return _run_code(code, main_globals, None,
  File "/work/apac4/miniforge3/envs/apac-hpc-xbx/lib/python3.10/runpy.py", line 86, in _run_code
    exec(code, run_globals)
  File "/work/apac4/xbx/apac/hpc/hoomd-benchmarks/hoomd_benchmarks/md_pair_wca.py", line 6, in <module>
    import hoomd
  File "/work/apac4/miniforge3/envs/apac-hpc-xbx/lib/python3.10/site-packages/hoomd/__init__.py", line 60, in <module>
    from hoomd import version
  File "/work/apac4/miniforge3/envs/apac-hpc-xbx/lib/python3.10/site-packages/hoomd/version.py", line 64, in <module>
    from hoomd import _hoomd
ImportError: libtbb.so.12: cannot open shared object file: No such file or directory
Traceback (most recent call last):
  File "/work/apac4/miniforge3/envs/apac-hpc-xbx/lib/python3.10/runpy.py", line 196, in _run_module_as_main
    return _run_code(code, main_globals, None,
  File "/work/apac4/miniforge3/envs/apac-hpc-xbx/lib/python3.10/runpy.py", line 86, in _run_code
    exec(code, run_globals)
  File "/work/apac4/xbx/apac/hpc/hoomd-benchmarks/hoomd_benchmarks/md_pair_wca.py", line 6, in <module>
    import hoomd
  File "/work/apac4/miniforge3/envs/apac-hpc-xbx/lib/python3.10/site-packages/hoomd/__init__.py", line 60, in <module>
    from hoomd import version
  File "/work/apac4/miniforge3/envs/apac-hpc-xbx/lib/python3.10/site-packages/hoomd/version.py", line 64, in <module>
    from hoomd import _hoomd
ImportError: libtbb.so.12: cannot open shared object file: No such file or directory
Traceback (most recent call last):
  File "/work/apac4/miniforge3/envs/apac-hpc-xbx/lib/python3.10/runpy.py", line 196, in _run_module_as_main
    return _run_code(code, main_globals, None,
  File "/work/apac4/miniforge3/envs/apac-hpc-xbx/lib/python3.10/runpy.py", line 86, in _run_code
    exec(code, run_globals)
  File "/work/apac4/xbx/apac/hpc/hoomd-benchmarks/hoomd_benchmarks/md_pair_wca.py", line 6, in <module>
    import hoomd
  File "/work/apac4/miniforge3/envs/apac-hpc-xbx/lib/python3.10/site-packages/hoomd/__init__.py", line 60, in <module>
    from hoomd import version
  File "/work/apac4/miniforge3/envs/apac-hpc-xbx/lib/python3.10/site-packages/hoomd/version.py", line 64, in <module>
    from hoomd import _hoomd
ImportError: libtbb.so.12: cannot open shared object file: No such file or directory
Traceback (most recent call last):
  File "/work/apac4/miniforge3/envs/apac-hpc-xbx/lib/python3.10/runpy.py", line 196, in _run_module_as_main
    return _run_code(code, main_globals, None,
  File "/work/apac4/miniforge3/envs/apac-hpc-xbx/lib/python3.10/runpy.py", line 86, in _run_code
    exec(code, run_globals)
  File "/work/apac4/xbx/apac/hpc/hoomd-benchmarks/hoomd_benchmarks/md_pair_wca.py", line 6, in <module>
    import hoomd
  File "/work/apac4/miniforge3/envs/apac-hpc-xbx/lib/python3.10/site-packages/hoomd/__init__.py", line 60, in <module>
    from hoomd import version
  File "/work/apac4/miniforge3/envs/apac-hpc-xbx/lib/python3.10/site-packages/hoomd/version.py", line 64, in <module>
    from hoomd import _hoomd
ImportError: libtbb.so.12: cannot open shared object file: No such file or directory
Traceback (most recent call last):
  File "/work/apac4/miniforge3/envs/apac-hpc-xbx/lib/python3.10/runpy.py", line 196, in _run_module_as_main
    return _run_code(code, main_globals, None,
  File "/work/apac4/miniforge3/envs/apac-hpc-xbx/lib/python3.10/runpy.py", line 86, in _run_code
    exec(code, run_globals)
  File "/work/apac4/xbx/apac/hpc/hoomd-benchmarks/hoomd_benchmarks/md_pair_wca.py", line 6, in <module>
    import hoomd
  File "/work/apac4/miniforge3/envs/apac-hpc-xbx/lib/python3.10/site-packages/hoomd/__init__.py", line 60, in <module>
    from hoomd import version
  File "/work/apac4/miniforge3/envs/apac-hpc-xbx/lib/python3.10/site-packages/hoomd/version.py", line 64, in <module>
    from hoomd import _hoomd
ImportError: libtbb.so.12: cannot open shared object file: No such file or directory
Traceback (most recent call last):
  File "/work/apac4/miniforge3/envs/apac-hpc-xbx/lib/python3.10/runpy.py", line 196, in _run_module_as_main
    return _run_code(code, main_globals, None,
  File "/work/apac4/miniforge3/envs/apac-hpc-xbx/lib/python3.10/runpy.py", line 86, in _run_code
    exec(code, run_globals)
  File "/work/apac4/xbx/apac/hpc/hoomd-benchmarks/hoomd_benchmarks/md_pair_wca.py", line 6, in <module>
    import hoomd
  File "/work/apac4/miniforge3/envs/apac-hpc-xbx/lib/python3.10/site-packages/hoomd/__init__.py", line 60, in <module>
    from hoomd import version
  File "/work/apac4/miniforge3/envs/apac-hpc-xbx/lib/python3.10/site-packages/hoomd/version.py", line 64, in <module>
    from hoomd import _hoomd
ImportError: libtbb.so.12: cannot open shared object file: No such file or directory
Traceback (most recent call last):
  File "/work/apac4/miniforge3/envs/apac-hpc-xbx/lib/python3.10/runpy.py", line 196, in _run_module_as_main
    return _run_code(code, main_globals, None,
  File "/work/apac4/miniforge3/envs/apac-hpc-xbx/lib/python3.10/runpy.py", line 86, in _run_code
    exec(code, run_globals)
  File "/work/apac4/xbx/apac/hpc/hoomd-benchmarks/hoomd_benchmarks/md_pair_wca.py", line 6, in <module>
    import hoomd
  File "/work/apac4/miniforge3/envs/apac-hpc-xbx/lib/python3.10/site-packages/hoomd/__init__.py", line 60, in <module>
    from hoomd import version
  File "/work/apac4/miniforge3/envs/apac-hpc-xbx/lib/python3.10/site-packages/hoomd/version.py", line 64, in <module>
    from hoomd import _hoomd
ImportError: libtbb.so.12: cannot open shared object file: No such file or directory
Traceback (most recent call last):
  File "/work/apac4/miniforge3/envs/apac-hpc-xbx/lib/python3.10/runpy.py", line 196, in _run_module_as_main
    return _run_code(code, main_globals, None,
  File "/work/apac4/miniforge3/envs/apac-hpc-xbx/lib/python3.10/runpy.py", line 86, in _run_code
    exec(code, run_globals)
  File "/work/apac4/xbx/apac/hpc/hoomd-benchmarks/hoomd_benchmarks/md_pair_wca.py", line 6, in <module>
    import hoomd
  File "/work/apac4/miniforge3/envs/apac-hpc-xbx/lib/python3.10/site-packages/hoomd/__init__.py", line 60, in <module>
    from hoomd import version
  File "/work/apac4/miniforge3/envs/apac-hpc-xbx/lib/python3.10/site-packages/hoomd/version.py", line 64, in <module>
    from hoomd import _hoomd
ImportError: libtbb.so.12: cannot open shared object file: No such file or directory
Traceback (most recent call last):
  File "/work/apac4/miniforge3/envs/apac-hpc-xbx/lib/python3.10/runpy.py", line 196, in _run_module_as_main
    return _run_code(code, main_globals, None,
  File "/work/apac4/miniforge3/envs/apac-hpc-xbx/lib/python3.10/runpy.py", line 86, in _run_code
    exec(code, run_globals)
  File "/work/apac4/xbx/apac/hpc/hoomd-benchmarks/hoomd_benchmarks/md_pair_wca.py", line 6, in <module>
    import hoomd
  File "/work/apac4/miniforge3/envs/apac-hpc-xbx/lib/python3.10/site-packages/hoomd/__init__.py", line 60, in <module>
    from hoomd import version
  File "/work/apac4/miniforge3/envs/apac-hpc-xbx/lib/python3.10/site-packages/hoomd/version.py", line 64, in <module>
    from hoomd import _hoomd
ImportError: libtbb.so.12: cannot open shared object file: No such file or directory
Traceback (most recent call last):
  File "/work/apac4/miniforge3/envs/apac-hpc-xbx/lib/python3.10/runpy.py", line 196, in _run_module_as_main
    return _run_code(code, main_globals, None,
  File "/work/apac4/miniforge3/envs/apac-hpc-xbx/lib/python3.10/runpy.py", line 86, in _run_code
    exec(code, run_globals)
  File "/work/apac4/xbx/apac/hpc/hoomd-benchmarks/hoomd_benchmarks/md_pair_wca.py", line 6, in <module>
    import hoomd
  File "/work/apac4/miniforge3/envs/apac-hpc-xbx/lib/python3.10/site-packages/hoomd/__init__.py", line 60, in <module>
    from hoomd import version
  File "/work/apac4/miniforge3/envs/apac-hpc-xbx/lib/python3.10/site-packages/hoomd/version.py", line 64, in <module>
    from hoomd import _hoomd
ImportError: libtbb.so.12: cannot open shared object file: No such file or directory
Traceback (most recent call last):
  File "/work/apac4/miniforge3/envs/apac-hpc-xbx/lib/python3.10/runpy.py", line 196, in _run_module_as_main
    return _run_code(code, main_globals, None,
  File "/work/apac4/miniforge3/envs/apac-hpc-xbx/lib/python3.10/runpy.py", line 86, in _run_code
    exec(code, run_globals)
  File "/work/apac4/xbx/apac/hpc/hoomd-benchmarks/hoomd_benchmarks/md_pair_wca.py", line 6, in <module>
    import hoomd
  File "/work/apac4/miniforge3/envs/apac-hpc-xbx/lib/python3.10/site-packages/hoomd/__init__.py", line 60, in <module>
    from hoomd import version
  File "/work/apac4/miniforge3/envs/apac-hpc-xbx/lib/python3.10/site-packages/hoomd/version.py", line 64, in <module>
    from hoomd import _hoomd
ImportError: libtbb.so.12: cannot open shared object file: No such file or directory
Traceback (most recent call last):
  File "/work/apac4/miniforge3/envs/apac-hpc-xbx/lib/python3.10/runpy.py", line 196, in _run_module_as_main
    return _run_code(code, main_globals, None,
  File "/work/apac4/miniforge3/envs/apac-hpc-xbx/lib/python3.10/runpy.py", line 86, in _run_code
    exec(code, run_globals)
  File "/work/apac4/xbx/apac/hpc/hoomd-benchmarks/hoomd_benchmarks/md_pair_wca.py", line 6, in <module>
    import hoomd
  File "/work/apac4/miniforge3/envs/apac-hpc-xbx/lib/python3.10/site-packages/hoomd/__init__.py", line 60, in <module>
    from hoomd import version
  File "/work/apac4/miniforge3/envs/apac-hpc-xbx/lib/python3.10/site-packages/hoomd/version.py", line 64, in <module>
    from hoomd import _hoomd
ImportError: libtbb.so.12: cannot open shared object file: No such file or directory
Traceback (most recent call last):
  File "/work/apac4/miniforge3/envs/apac-hpc-xbx/lib/python3.10/runpy.py", line 196, in _run_module_as_main
    return _run_code(code, main_globals, None,
  File "/work/apac4/miniforge3/envs/apac-hpc-xbx/lib/python3.10/runpy.py", line 86, in _run_code
    exec(code, run_globals)
  File "/work/apac4/xbx/apac/hpc/hoomd-benchmarks/hoomd_benchmarks/md_pair_wca.py", line 6, in <module>
    import hoomd
  File "/work/apac4/miniforge3/envs/apac-hpc-xbx/lib/python3.10/site-packages/hoomd/__init__.py", line 60, in <module>
    from hoomd import version
  File "/work/apac4/miniforge3/envs/apac-hpc-xbx/lib/python3.10/site-packages/hoomd/version.py", line 64, in <module>
    from hoomd import _hoomd
ImportError: libtbb.so.12: cannot open shared object file: No such file or directory
Traceback (most recent call last):
  File "/work/apac4/miniforge3/envs/apac-hpc-xbx/lib/python3.10/runpy.py", line 196, in _run_module_as_main
Traceback (most recent call last):
  File "/work/apac4/miniforge3/envs/apac-hpc-xbx/lib/python3.10/runpy.py", line 196, in _run_module_as_main
Traceback (most recent call last):
  File "/work/apac4/miniforge3/envs/apac-hpc-xbx/lib/python3.10/runpy.py", line 196, in _run_module_as_main
Traceback (most recent call last):
  File "/work/apac4/miniforge3/envs/apac-hpc-xbx/lib/python3.10/runpy.py", line 196, in _run_module_as_main
Traceback (most recent call last):
  File "/work/apac4/miniforge3/envs/apac-hpc-xbx/lib/python3.10/runpy.py", line 196, in _run_module_as_main
Traceback (most recent call last):
  File "/work/apac4/miniforge3/envs/apac-hpc-xbx/lib/python3.10/runpy.py", line 196, in _run_module_as_main
Traceback (most recent call last):
  File "/work/apac4/miniforge3/envs/apac-hpc-xbx/lib/python3.10/runpy.py", line 196, in _run_module_as_main
Traceback (most recent call last):
  File "/work/apac4/miniforge3/envs/apac-hpc-xbx/lib/python3.10/runpy.py", line 196, in _run_module_as_main
Traceback (most recent call last):
  File "/work/apac4/miniforge3/envs/apac-hpc-xbx/lib/python3.10/runpy.py", line 196, in _run_module_as_main
Traceback (most recent call last):
  File "/work/apac4/miniforge3/envs/apac-hpc-xbx/lib/python3.10/runpy.py", line 196, in _run_module_as_main
Traceback (most recent call last):
  File "/work/apac4/miniforge3/envs/apac-hpc-xbx/lib/python3.10/runpy.py", line 196, in _run_module_as_main
Traceback (most recent call last):
  File "/work/apac4/miniforge3/envs/apac-hpc-xbx/lib/python3.10/runpy.py", line 196, in _run_module_as_main
Traceback (most recent call last):
  File "/work/apac4/miniforge3/envs/apac-hpc-xbx/lib/python3.10/runpy.py", line 196, in _run_module_as_main
Traceback (most recent call last):
  File "/work/apac4/miniforge3/envs/apac-hpc-xbx/lib/python3.10/runpy.py", line 196, in _run_module_as_main
Traceback (most recent call last):
  File "/work/apac4/miniforge3/envs/apac-hpc-xbx/lib/python3.10/runpy.py", line 196, in _run_module_as_main
Traceback (most recent call last):
  File "/work/apac4/miniforge3/envs/apac-hpc-xbx/lib/python3.10/runpy.py", line 196, in _run_module_as_main
Traceback (most recent call last):
  File "/work/apac4/miniforge3/envs/apac-hpc-xbx/lib/python3.10/runpy.py", line 196, in _run_module_as_main
Traceback (most recent call last):
  File "/work/apac4/miniforge3/envs/apac-hpc-xbx/lib/python3.10/runpy.py", line 196, in _run_module_as_main
Traceback (most recent call last):
Traceback (most recent call last):
  File "/work/apac4/miniforge3/envs/apac-hpc-xbx/lib/python3.10/runpy.py", line 196, in _run_module_as_main
Traceback (most recent call last):
  File "/work/apac4/miniforge3/envs/apac-hpc-xbx/lib/python3.10/runpy.py", line 196, in _run_module_as_main
  File "/work/apac4/miniforge3/envs/apac-hpc-xbx/lib/python3.10/runpy.py", line 196, in _run_module_as_main
Traceback (most recent call last):
  File "/work/apac4/miniforge3/envs/apac-hpc-xbx/lib/python3.10/runpy.py", line 196, in _run_module_as_main
Traceback (most recent call last):
  File "/work/apac4/miniforge3/envs/apac-hpc-xbx/lib/python3.10/runpy.py", line 196, in _run_module_as_main
Traceback (most recent call last):
Traceback (most recent call last):
  File "/work/apac4/miniforge3/envs/apac-hpc-xbx/lib/python3.10/runpy.py", line 196, in _run_module_as_main
Traceback (most recent call last):
  File "/work/apac4/miniforge3/envs/apac-hpc-xbx/lib/python3.10/runpy.py", line 196, in _run_module_as_main
  File "/work/apac4/miniforge3/envs/apac-hpc-xbx/lib/python3.10/runpy.py", line 196, in _run_module_as_main
Traceback (most recent call last):
  File "/work/apac4/miniforge3/envs/apac-hpc-xbx/lib/python3.10/runpy.py", line 196, in _run_module_as_main
Traceback (most recent call last):
  File "/work/apac4/miniforge3/envs/apac-hpc-xbx/lib/python3.10/runpy.py", line 196, in _run_module_as_main
Traceback (most recent call last):
  File "/work/apac4/miniforge3/envs/apac-hpc-xbx/lib/python3.10/runpy.py", line 196, in _run_module_as_main
Traceback (most recent call last):
  File "/work/apac4/miniforge3/envs/apac-hpc-xbx/lib/python3.10/runpy.py", line 196, in _run_module_as_main
Traceback (most recent call last):
Traceback (most recent call last):
Traceback (most recent call last):
  File "/work/apac4/miniforge3/envs/apac-hpc-xbx/lib/python3.10/runpy.py", line 196, in _run_module_as_main
Traceback (most recent call last):
  File "/work/apac4/miniforge3/envs/apac-hpc-xbx/lib/python3.10/runpy.py", line 196, in _run_module_as_main
  File "/work/apac4/miniforge3/envs/apac-hpc-xbx/lib/python3.10/runpy.py", line 196, in _run_module_as_main
Traceback (most recent call last):
  File "/work/apac4/miniforge3/envs/apac-hpc-xbx/lib/python3.10/runpy.py", line 196, in _run_module_as_main
  File "/work/apac4/miniforge3/envs/apac-hpc-xbx/lib/python3.10/runpy.py", line 196, in _run_module_as_main
Traceback (most recent call last):
Traceback (most recent call last):
Traceback (most recent call last):
  File "/work/apac4/miniforge3/envs/apac-hpc-xbx/lib/python3.10/runpy.py", line 196, in _run_module_as_main
  File "/work/apac4/miniforge3/envs/apac-hpc-xbx/lib/python3.10/runpy.py", line 196, in _run_module_as_main
  File "/work/apac4/miniforge3/envs/apac-hpc-xbx/lib/python3.10/runpy.py", line 196, in _run_module_as_main
Traceback (most recent call last):
Traceback (most recent call last):
Traceback (most recent call last):
  File "/work/apac4/miniforge3/envs/apac-hpc-xbx/lib/python3.10/runpy.py", line 196, in _run_module_as_main
  File "/work/apac4/miniforge3/envs/apac-hpc-xbx/lib/python3.10/runpy.py", line 196, in _run_module_as_main
  File "/work/apac4/miniforge3/envs/apac-hpc-xbx/lib/python3.10/runpy.py", line 196, in _run_module_as_main
Traceback (most recent call last):
  File "/work/apac4/miniforge3/envs/apac-hpc-xbx/lib/python3.10/runpy.py", line 196, in _run_module_as_main
Traceback (most recent call last):
  File "/work/apac4/miniforge3/envs/apac-hpc-xbx/lib/python3.10/runpy.py", line 196, in _run_module_as_main
Traceback (most recent call last):
Traceback (most recent call last):
  File "/work/apac4/miniforge3/envs/apac-hpc-xbx/lib/python3.10/runpy.py", line 196, in _run_module_as_main
Traceback (most recent call last):
  File "/work/apac4/miniforge3/envs/apac-hpc-xbx/lib/python3.10/runpy.py", line 196, in _run_module_as_main
Traceback (most recent call last):
  File "/work/apac4/miniforge3/envs/apac-hpc-xbx/lib/python3.10/runpy.py", line 196, in _run_module_as_main
Traceback (most recent call last):
  File "/work/apac4/miniforge3/envs/apac-hpc-xbx/lib/python3.10/runpy.py", line 196, in _run_module_as_main
Traceback (most recent call last):
Traceback (most recent call last):
  File "/work/apac4/miniforge3/envs/apac-hpc-xbx/lib/python3.10/runpy.py", line 196, in _run_module_as_main
  File "/work/apac4/miniforge3/envs/apac-hpc-xbx/lib/python3.10/runpy.py", line 196, in _run_module_as_main
  File "/work/apac4/miniforge3/envs/apac-hpc-xbx/lib/python3.10/runpy.py", line 196, in _run_module_as_main
Traceback (most recent call last):
  File "/work/apac4/miniforge3/envs/apac-hpc-xbx/lib/python3.10/runpy.py", line 196, in _run_module_as_main
Traceback (most recent call last):
  File "/work/apac4/miniforge3/envs/apac-hpc-xbx/lib/python3.10/runpy.py", line 196, in _run_module_as_main
Traceback (most recent call last):
Traceback (most recent call last):
  File "/work/apac4/miniforge3/envs/apac-hpc-xbx/lib/python3.10/runpy.py", line 196, in _run_module_as_main
Traceback (most recent call last):
  File "/work/apac4/miniforge3/envs/apac-hpc-xbx/lib/python3.10/runpy.py", line 196, in _run_module_as_main
  File "/work/apac4/miniforge3/envs/apac-hpc-xbx/lib/python3.10/runpy.py", line 196, in _run_module_as_main
Traceback (most recent call last):
  File "/work/apac4/miniforge3/envs/apac-hpc-xbx/lib/python3.10/runpy.py", line 196, in _run_module_as_main
Traceback (most recent call last):
  File "/work/apac4/miniforge3/envs/apac-hpc-xbx/lib/python3.10/runpy.py", line 196, in _run_module_as_main
Traceback (most recent call last):
Traceback (most recent call last):
  File "/work/apac4/miniforge3/envs/apac-hpc-xbx/lib/python3.10/runpy.py", line 196, in _run_module_as_main
Traceback (most recent call last):
  File "/work/apac4/miniforge3/envs/apac-hpc-xbx/lib/python3.10/runpy.py", line 196, in _run_module_as_main
Traceback (most recent call last):
  File "/work/apac4/miniforge3/envs/apac-hpc-xbx/lib/python3.10/runpy.py", line 196, in _run_module_as_main
Traceback (most recent call last):
  File "/work/apac4/miniforge3/envs/apac-hpc-xbx/lib/python3.10/runpy.py", line 196, in _run_module_as_main
Traceback (most recent call last):
  File "/work/apac4/miniforge3/envs/apac-hpc-xbx/lib/python3.10/runpy.py", line 196, in _run_module_as_main
  File "/work/apac4/miniforge3/envs/apac-hpc-xbx/lib/python3.10/runpy.py", line 196, in _run_module_as_main
    return _run_code(code, main_globals, None,
  File "/work/apac4/miniforge3/envs/apac-hpc-xbx/lib/python3.10/runpy.py", line 86, in _run_code
Traceback (most recent call last):
Traceback (most recent call last):
    return _run_code(code, main_globals, None,
  File "/work/apac4/miniforge3/envs/apac-hpc-xbx/lib/python3.10/runpy.py", line 86, in _run_code
  File "/work/apac4/miniforge3/envs/apac-hpc-xbx/lib/python3.10/runpy.py", line 196, in _run_module_as_main
  File "/work/apac4/miniforge3/envs/apac-hpc-xbx/lib/python3.10/runpy.py", line 196, in _run_module_as_main
    return _run_code(code, main_globals, None,
  File "/work/apac4/miniforge3/envs/apac-hpc-xbx/lib/python3.10/runpy.py", line 86, in _run_code
Traceback (most recent call last):
  File "/work/apac4/miniforge3/envs/apac-hpc-xbx/lib/python3.10/runpy.py", line 196, in _run_module_as_main
Traceback (most recent call last):
    return _run_code(code, main_globals, None,
  File "/work/apac4/miniforge3/envs/apac-hpc-xbx/lib/python3.10/runpy.py", line 86, in _run_code
    return _run_code(code, main_globals, None,
  File "/work/apac4/miniforge3/envs/apac-hpc-xbx/lib/python3.10/runpy.py", line 86, in _run_code
  File "/work/apac4/miniforge3/envs/apac-hpc-xbx/lib/python3.10/runpy.py", line 196, in _run_module_as_main
    return _run_code(code, main_globals, None,
  File "/work/apac4/miniforge3/envs/apac-hpc-xbx/lib/python3.10/runpy.py", line 86, in _run_code
    return _run_code(code, main_globals, None,
  File "/work/apac4/miniforge3/envs/apac-hpc-xbx/lib/python3.10/runpy.py", line 86, in _run_code
Traceback (most recent call last):
    return _run_code(code, main_globals, None,
  File "/work/apac4/miniforge3/envs/apac-hpc-xbx/lib/python3.10/runpy.py", line 86, in _run_code
    return _run_code(code, main_globals, None,
  File "/work/apac4/miniforge3/envs/apac-hpc-xbx/lib/python3.10/runpy.py", line 86, in _run_code
  File "/work/apac4/miniforge3/envs/apac-hpc-xbx/lib/python3.10/runpy.py", line 196, in _run_module_as_main
    return _run_code(code, main_globals, None,
  File "/work/apac4/miniforge3/envs/apac-hpc-xbx/lib/python3.10/runpy.py", line 86, in _run_code
    return _run_code(code, main_globals, None,
  File "/work/apac4/miniforge3/envs/apac-hpc-xbx/lib/python3.10/runpy.py", line 86, in _run_code
Traceback (most recent call last):
    exec(code, run_globals)
  File "/work/apac4/xbx/apac/hpc/hoomd-benchmarks/hoomd_benchmarks/md_pair_wca.py", line 6, in <module>
    return _run_code(code, main_globals, None,
  File "/work/apac4/miniforge3/envs/apac-hpc-xbx/lib/python3.10/runpy.py", line 86, in _run_code
  File "/work/apac4/miniforge3/envs/apac-hpc-xbx/lib/python3.10/runpy.py", line 196, in _run_module_as_main
    return _run_code(code, main_globals, None,
  File "/work/apac4/miniforge3/envs/apac-hpc-xbx/lib/python3.10/runpy.py", line 86, in _run_code
    return _run_code(code, main_globals, None,
  File "/work/apac4/miniforge3/envs/apac-hpc-xbx/lib/python3.10/runpy.py", line 86, in _run_code
Traceback (most recent call last):
  File "/work/apac4/miniforge3/envs/apac-hpc-xbx/lib/python3.10/runpy.py", line 196, in _run_module_as_main
    return _run_code(code, main_globals, None,
  File "/work/apac4/miniforge3/envs/apac-hpc-xbx/lib/python3.10/runpy.py", line 86, in _run_code
    return _run_code(code, main_globals, None,
  File "/work/apac4/miniforge3/envs/apac-hpc-xbx/lib/python3.10/runpy.py", line 86, in _run_code
Traceback (most recent call last):
  File "/work/apac4/miniforge3/envs/apac-hpc-xbx/lib/python3.10/runpy.py", line 196, in _run_module_as_main
    return _run_code(code, main_globals, None,
  File "/work/apac4/miniforge3/envs/apac-hpc-xbx/lib/python3.10/runpy.py", line 86, in _run_code
    exec(code, run_globals)
  File "/work/apac4/xbx/apac/hpc/hoomd-benchmarks/hoomd_benchmarks/md_pair_wca.py", line 6, in <module>
Traceback (most recent call last):
  File "/work/apac4/miniforge3/envs/apac-hpc-xbx/lib/python3.10/runpy.py", line 196, in _run_module_as_main
    return _run_code(code, main_globals, None,
  File "/work/apac4/miniforge3/envs/apac-hpc-xbx/lib/python3.10/runpy.py", line 86, in _run_code
    return _run_code(code, main_globals, None,
  File "/work/apac4/miniforge3/envs/apac-hpc-xbx/lib/python3.10/runpy.py", line 86, in _run_code
    return _run_code(code, main_globals, None,
  File "/work/apac4/miniforge3/envs/apac-hpc-xbx/lib/python3.10/runpy.py", line 86, in _run_code
    return _run_code(code, main_globals, None,
  File "/work/apac4/miniforge3/envs/apac-hpc-xbx/lib/python3.10/runpy.py", line 86, in _run_code
    exec(code, run_globals)
  File "/work/apac4/xbx/apac/hpc/hoomd-benchmarks/hoomd_benchmarks/md_pair_wca.py", line 6, in <module>
    return _run_code(code, main_globals, None,
  File "/work/apac4/miniforge3/envs/apac-hpc-xbx/lib/python3.10/runpy.py", line 86, in _run_code
    exec(code, run_globals)
  File "/work/apac4/xbx/apac/hpc/hoomd-benchmarks/hoomd_benchmarks/md_pair_wca.py", line 6, in <module>
    return _run_code(code, main_globals, None,
  File "/work/apac4/miniforge3/envs/apac-hpc-xbx/lib/python3.10/runpy.py", line 86, in _run_code
    return _run_code(code, main_globals, None,
  File "/work/apac4/miniforge3/envs/apac-hpc-xbx/lib/python3.10/runpy.py", line 86, in _run_code
    exec(code, run_globals)
  File "/work/apac4/xbx/apac/hpc/hoomd-benchmarks/hoomd_benchmarks/md_pair_wca.py", line 6, in <module>
    return _run_code(code, main_globals, None,
  File "/work/apac4/miniforge3/envs/apac-hpc-xbx/lib/python3.10/runpy.py", line 86, in _run_code
    return _run_code(code, main_globals, None,
  File "/work/apac4/miniforge3/envs/apac-hpc-xbx/lib/python3.10/runpy.py", line 86, in _run_code
    return _run_code(code, main_globals, None,
  File "/work/apac4/miniforge3/envs/apac-hpc-xbx/lib/python3.10/runpy.py", line 86, in _run_code
    return _run_code(code, main_globals, None,
  File "/work/apac4/miniforge3/envs/apac-hpc-xbx/lib/python3.10/runpy.py", line 86, in _run_code
    return _run_code(code, main_globals, None,
  File "/work/apac4/miniforge3/envs/apac-hpc-xbx/lib/python3.10/runpy.py", line 86, in _run_code
    exec(code, run_globals)
  File "/work/apac4/xbx/apac/hpc/hoomd-benchmarks/hoomd_benchmarks/md_pair_wca.py", line 6, in <module>
    return _run_code(code, main_globals, None,
  File "/work/apac4/miniforge3/envs/apac-hpc-xbx/lib/python3.10/runpy.py", line 86, in _run_code
    return _run_code(code, main_globals, None,
  File "/work/apac4/miniforge3/envs/apac-hpc-xbx/lib/python3.10/runpy.py", line 86, in _run_code
    exec(code, run_globals)
  File "/work/apac4/xbx/apac/hpc/hoomd-benchmarks/hoomd_benchmarks/md_pair_wca.py", line 6, in <module>
    return _run_code(code, main_globals, None,
  File "/work/apac4/miniforge3/envs/apac-hpc-xbx/lib/python3.10/runpy.py", line 86, in _run_code
    return _run_code(code, main_globals, None,
  File "/work/apac4/miniforge3/envs/apac-hpc-xbx/lib/python3.10/runpy.py", line 86, in _run_code
    return _run_code(code, main_globals, None,
  File "/work/apac4/miniforge3/envs/apac-hpc-xbx/lib/python3.10/runpy.py", line 86, in _run_code
    return _run_code(code, main_globals, None,
  File "/work/apac4/miniforge3/envs/apac-hpc-xbx/lib/python3.10/runpy.py", line 86, in _run_code
    return _run_code(code, main_globals, None,
  File "/work/apac4/miniforge3/envs/apac-hpc-xbx/lib/python3.10/runpy.py", line 86, in _run_code
    return _run_code(code, main_globals, None,
  File "/work/apac4/miniforge3/envs/apac-hpc-xbx/lib/python3.10/runpy.py", line 86, in _run_code
    exec(code, run_globals)
  File "/work/apac4/xbx/apac/hpc/hoomd-benchmarks/hoomd_benchmarks/md_pair_wca.py", line 6, in <module>
    return _run_code(code, main_globals, None,
  File "/work/apac4/miniforge3/envs/apac-hpc-xbx/lib/python3.10/runpy.py", line 86, in _run_code
    import hoomd
  File "/work/apac4/miniforge3/envs/apac-hpc-xbx/lib/python3.10/site-packages/hoomd/__init__.py", line 60, in <module>
    exec(code, run_globals)
  File "/work/apac4/xbx/apac/hpc/hoomd-benchmarks/hoomd_benchmarks/md_pair_wca.py", line 6, in <module>
    exec(code, run_globals)
  File "/work/apac4/xbx/apac/hpc/hoomd-benchmarks/hoomd_benchmarks/md_pair_wca.py", line 6, in <module>
    import hoomd
  File "/work/apac4/miniforge3/envs/apac-hpc-xbx/lib/python3.10/site-packages/hoomd/__init__.py", line 60, in <module>
    return _run_code(code, main_globals, None,
  File "/work/apac4/miniforge3/envs/apac-hpc-xbx/lib/python3.10/runpy.py", line 86, in _run_code
    exec(code, run_globals)
  File "/work/apac4/xbx/apac/hpc/hoomd-benchmarks/hoomd_benchmarks/md_pair_wca.py", line 6, in <module>
    return _run_code(code, main_globals, None,
  File "/work/apac4/miniforge3/envs/apac-hpc-xbx/lib/python3.10/runpy.py", line 86, in _run_code
    exec(code, run_globals)
  File "/work/apac4/xbx/apac/hpc/hoomd-benchmarks/hoomd_benchmarks/md_pair_wca.py", line 6, in <module>
    return _run_code(code, main_globals, None,
  File "/work/apac4/miniforge3/envs/apac-hpc-xbx/lib/python3.10/runpy.py", line 86, in _run_code
    return _run_code(code, main_globals, None,
  File "/work/apac4/miniforge3/envs/apac-hpc-xbx/lib/python3.10/runpy.py", line 86, in _run_code
    return _run_code(code, main_globals, None,
  File "/work/apac4/miniforge3/envs/apac-hpc-xbx/lib/python3.10/runpy.py", line 86, in _run_code
    exec(code, run_globals)
  File "/work/apac4/xbx/apac/hpc/hoomd-benchmarks/hoomd_benchmarks/md_pair_wca.py", line 6, in <module>
    return _run_code(code, main_globals, None,
  File "/work/apac4/miniforge3/envs/apac-hpc-xbx/lib/python3.10/runpy.py", line 86, in _run_code
    import hoomd
  File "/work/apac4/miniforge3/envs/apac-hpc-xbx/lib/python3.10/site-packages/hoomd/__init__.py", line 60, in <module>
    return _run_code(code, main_globals, None,
  File "/work/apac4/miniforge3/envs/apac-hpc-xbx/lib/python3.10/runpy.py", line 86, in _run_code
    exec(code, run_globals)
  File "/work/apac4/xbx/apac/hpc/hoomd-benchmarks/hoomd_benchmarks/md_pair_wca.py", line 6, in <module>
    exec(code, run_globals)
  File "/work/apac4/xbx/apac/hpc/hoomd-benchmarks/hoomd_benchmarks/md_pair_wca.py", line 6, in <module>
    return _run_code(code, main_globals, None,
  File "/work/apac4/miniforge3/envs/apac-hpc-xbx/lib/python3.10/runpy.py", line 86, in _run_code
    exec(code, run_globals)
  File "/work/apac4/xbx/apac/hpc/hoomd-benchmarks/hoomd_benchmarks/md_pair_wca.py", line 6, in <module>
    import hoomd
  File "/work/apac4/miniforge3/envs/apac-hpc-xbx/lib/python3.10/site-packages/hoomd/__init__.py", line 60, in <module>
    return _run_code(code, main_globals, None,
  File "/work/apac4/miniforge3/envs/apac-hpc-xbx/lib/python3.10/runpy.py", line 86, in _run_code
    import hoomd
  File "/work/apac4/miniforge3/envs/apac-hpc-xbx/lib/python3.10/site-packages/hoomd/__init__.py", line 60, in <module>
    return _run_code(code, main_globals, None,
  File "/work/apac4/miniforge3/envs/apac-hpc-xbx/lib/python3.10/runpy.py", line 86, in _run_code
    import hoomd
  File "/work/apac4/miniforge3/envs/apac-hpc-xbx/lib/python3.10/site-packages/hoomd/__init__.py", line 60, in <module>
    import hoomd
  File "/work/apac4/miniforge3/envs/apac-hpc-xbx/lib/python3.10/site-packages/hoomd/__init__.py", line 60, in <module>
    return _run_code(code, main_globals, None,
  File "/work/apac4/miniforge3/envs/apac-hpc-xbx/lib/python3.10/runpy.py", line 86, in _run_code
    exec(code, run_globals)
  File "/work/apac4/xbx/apac/hpc/hoomd-benchmarks/hoomd_benchmarks/md_pair_wca.py", line 6, in <module>
    import hoomd
  File "/work/apac4/miniforge3/envs/apac-hpc-xbx/lib/python3.10/site-packages/hoomd/__init__.py", line 60, in <module>
    return _run_code(code, main_globals, None,
  File "/work/apac4/miniforge3/envs/apac-hpc-xbx/lib/python3.10/runpy.py", line 86, in _run_code
    import hoomd
  File "/work/apac4/miniforge3/envs/apac-hpc-xbx/lib/python3.10/site-packages/hoomd/__init__.py", line 60, in <module>
    import hoomd
  File "/work/apac4/miniforge3/envs/apac-hpc-xbx/lib/python3.10/site-packages/hoomd/__init__.py", line 60, in <module>
    exec(code, run_globals)
  File "/work/apac4/xbx/apac/hpc/hoomd-benchmarks/hoomd_benchmarks/md_pair_wca.py", line 6, in <module>
    import hoomd
  File "/work/apac4/miniforge3/envs/apac-hpc-xbx/lib/python3.10/site-packages/hoomd/__init__.py", line 60, in <module>
    import hoomd
  File "/work/apac4/miniforge3/envs/apac-hpc-xbx/lib/python3.10/site-packages/hoomd/__init__.py", line 60, in <module>
    exec(code, run_globals)
  File "/work/apac4/xbx/apac/hpc/hoomd-benchmarks/hoomd_benchmarks/md_pair_wca.py", line 6, in <module>
    import hoomd
  File "/work/apac4/miniforge3/envs/apac-hpc-xbx/lib/python3.10/site-packages/hoomd/__init__.py", line 60, in <module>
    exec(code, run_globals)
  File "/work/apac4/xbx/apac/hpc/hoomd-benchmarks/hoomd_benchmarks/md_pair_wca.py", line 6, in <module>
    import hoomd
    import hoomd
  File "/work/apac4/miniforge3/envs/apac-hpc-xbx/lib/python3.10/site-packages/hoomd/__init__.py", line 60, in <module>
    import hoomd
  File "/work/apac4/miniforge3/envs/apac-hpc-xbx/lib/python3.10/site-packages/hoomd/__init__.py", line 60, in <module>
    import hoomd
  File "/work/apac4/miniforge3/envs/apac-hpc-xbx/lib/python3.10/site-packages/hoomd/__init__.py", line 60, in <module>
    import hoomd
  File "/work/apac4/miniforge3/envs/apac-hpc-xbx/lib/python3.10/site-packages/hoomd/__init__.py", line 60, in <module>
    import hoomd
  File "/work/apac4/miniforge3/envs/apac-hpc-xbx/lib/python3.10/site-packages/hoomd/__init__.py", line 60, in <module>
    exec(code, run_globals)
  File "/work/apac4/xbx/apac/hpc/hoomd-benchmarks/hoomd_benchmarks/md_pair_wca.py", line 6, in <module>
    import hoomd
  File "/work/apac4/miniforge3/envs/apac-hpc-xbx/lib/python3.10/site-packages/hoomd/__init__.py", line 60, in <module>
    exec(code, run_globals)
  File "/work/apac4/xbx/apac/hpc/hoomd-benchmarks/hoomd_benchmarks/md_pair_wca.py", line 6, in <module>
    exec(code, run_globals)
  File "/work/apac4/xbx/apac/hpc/hoomd-benchmarks/hoomd_benchmarks/md_pair_wca.py", line 6, in <module>
    exec(code, run_globals)
  File "/work/apac4/xbx/apac/hpc/hoomd-benchmarks/hoomd_benchmarks/md_pair_wca.py", line 6, in <module>
    exec(code, run_globals)
  File "/work/apac4/xbx/apac/hpc/hoomd-benchmarks/hoomd_benchmarks/md_pair_wca.py", line 6, in <module>
    exec(code, run_globals)
  File "/work/apac4/xbx/apac/hpc/hoomd-benchmarks/hoomd_benchmarks/md_pair_wca.py", line 6, in <module>
    exec(code, run_globals)
  File "/work/apac4/xbx/apac/hpc/hoomd-benchmarks/hoomd_benchmarks/md_pair_wca.py", line 6, in <module>
    exec(code, run_globals)
  File "/work/apac4/xbx/apac/hpc/hoomd-benchmarks/hoomd_benchmarks/md_pair_wca.py", line 6, in <module>
    return _run_code(code, main_globals, None,
  File "/work/apac4/miniforge3/envs/apac-hpc-xbx/lib/python3.10/runpy.py", line 86, in _run_code
    return _run_code(code, main_globals, None,
  File "/work/apac4/miniforge3/envs/apac-hpc-xbx/lib/python3.10/runpy.py", line 86, in _run_code
    return _run_code(code, main_globals, None,
  File "/work/apac4/miniforge3/envs/apac-hpc-xbx/lib/python3.10/runpy.py", line 86, in _run_code
    return _run_code(code, main_globals, None,
  File "/work/apac4/miniforge3/envs/apac-hpc-xbx/lib/python3.10/runpy.py", line 86, in _run_code
    import hoomd
  File "/work/apac4/miniforge3/envs/apac-hpc-xbx/lib/python3.10/site-packages/hoomd/__init__.py", line 60, in <module>
    return _run_code(code, main_globals, None,
  File "/work/apac4/miniforge3/envs/apac-hpc-xbx/lib/python3.10/runpy.py", line 86, in _run_code
    exec(code, run_globals)
  File "/work/apac4/xbx/apac/hpc/hoomd-benchmarks/hoomd_benchmarks/md_pair_wca.py", line 6, in <module>
    import hoomd
  File "/work/apac4/miniforge3/envs/apac-hpc-xbx/lib/python3.10/site-packages/hoomd/__init__.py", line 60, in <module>
    exec(code, run_globals)
  File "/work/apac4/xbx/apac/hpc/hoomd-benchmarks/hoomd_benchmarks/md_pair_wca.py", line 6, in <module>
    exec(code, run_globals)
  File "/work/apac4/xbx/apac/hpc/hoomd-benchmarks/hoomd_benchmarks/md_pair_wca.py", line 6, in <module>
    exec(code, run_globals)
  File "/work/apac4/xbx/apac/hpc/hoomd-benchmarks/hoomd_benchmarks/md_pair_wca.py", line 6, in <module>
    import hoomd
  File "/work/apac4/miniforge3/envs/apac-hpc-xbx/lib/python3.10/site-packages/hoomd/__init__.py", line 60, in <module>
    import hoomd
  File "/work/apac4/miniforge3/envs/apac-hpc-xbx/lib/python3.10/site-packages/hoomd/__init__.py", line 60, in <module>
    exec(code, run_globals)
  File "/work/apac4/xbx/apac/hpc/hoomd-benchmarks/hoomd_benchmarks/md_pair_wca.py", line 6, in <module>
    return _run_code(code, main_globals, None,
  File "/work/apac4/miniforge3/envs/apac-hpc-xbx/lib/python3.10/runpy.py", line 86, in _run_code
    return _run_code(code, main_globals, None,
  File "/work/apac4/miniforge3/envs/apac-hpc-xbx/lib/python3.10/runpy.py", line 86, in _run_code
    exec(code, run_globals)
  File "/work/apac4/xbx/apac/hpc/hoomd-benchmarks/hoomd_benchmarks/md_pair_wca.py", line 6, in <module>
    import hoomd
  File "/work/apac4/miniforge3/envs/apac-hpc-xbx/lib/python3.10/site-packages/hoomd/__init__.py", line 60, in <module>
  File "/work/apac4/miniforge3/envs/apac-hpc-xbx/lib/python3.10/site-packages/hoomd/__init__.py", line 60, in <module>
    from hoomd import version
  File "/work/apac4/miniforge3/envs/apac-hpc-xbx/lib/python3.10/site-packages/hoomd/version.py", line 64, in <module>
    import hoomd
  File "/work/apac4/miniforge3/envs/apac-hpc-xbx/lib/python3.10/site-packages/hoomd/__init__.py", line 60, in <module>
    exec(code, run_globals)
  File "/work/apac4/xbx/apac/hpc/hoomd-benchmarks/hoomd_benchmarks/md_pair_wca.py", line 6, in <module>
    import hoomd
    return _run_code(code, main_globals, None,
  File "/work/apac4/miniforge3/envs/apac-hpc-xbx/lib/python3.10/runpy.py", line 86, in _run_code
    exec(code, run_globals)
  File "/work/apac4/xbx/apac/hpc/hoomd-benchmarks/hoomd_benchmarks/md_pair_wca.py", line 6, in <module>
    from hoomd import version
  File "/work/apac4/miniforge3/envs/apac-hpc-xbx/lib/python3.10/site-packages/hoomd/version.py", line 64, in <module>
    from hoomd import version
  File "/work/apac4/miniforge3/envs/apac-hpc-xbx/lib/python3.10/site-packages/hoomd/version.py", line 64, in <module>
    return _run_code(code, main_globals, None,
  File "/work/apac4/miniforge3/envs/apac-hpc-xbx/lib/python3.10/runpy.py", line 86, in _run_code
    from hoomd import version
  File "/work/apac4/miniforge3/envs/apac-hpc-xbx/lib/python3.10/site-packages/hoomd/version.py", line 64, in <module>
    from hoomd import version
  File "/work/apac4/miniforge3/envs/apac-hpc-xbx/lib/python3.10/site-packages/hoomd/version.py", line 64, in <module>
    import hoomd
  File "/work/apac4/miniforge3/envs/apac-hpc-xbx/lib/python3.10/site-packages/hoomd/__init__.py", line 60, in <module>
    from hoomd import version
  File "/work/apac4/miniforge3/envs/apac-hpc-xbx/lib/python3.10/site-packages/hoomd/version.py", line 64, in <module>
    exec(code, run_globals)
  File "/work/apac4/xbx/apac/hpc/hoomd-benchmarks/hoomd_benchmarks/md_pair_wca.py", line 6, in <module>
    import hoomd
  File "/work/apac4/miniforge3/envs/apac-hpc-xbx/lib/python3.10/site-packages/hoomd/__init__.py", line 60, in <module>
    exec(code, run_globals)
  File "/work/apac4/xbx/apac/hpc/hoomd-benchmarks/hoomd_benchmarks/md_pair_wca.py", line 6, in <module>
    import hoomd
  File "/work/apac4/miniforge3/envs/apac-hpc-xbx/lib/python3.10/site-packages/hoomd/__init__.py", line 60, in <module>
    from hoomd import version
  File "/work/apac4/miniforge3/envs/apac-hpc-xbx/lib/python3.10/site-packages/hoomd/version.py", line 64, in <module>
    from hoomd import version
  File "/work/apac4/miniforge3/envs/apac-hpc-xbx/lib/python3.10/site-packages/hoomd/version.py", line 64, in <module>
    import hoomd
  File "/work/apac4/miniforge3/envs/apac-hpc-xbx/lib/python3.10/site-packages/hoomd/__init__.py", line 60, in <module>
    from hoomd import version
  File "/work/apac4/miniforge3/envs/apac-hpc-xbx/lib/python3.10/site-packages/hoomd/version.py", line 64, in <module>
    return _run_code(code, main_globals, None,
  File "/work/apac4/miniforge3/envs/apac-hpc-xbx/lib/python3.10/runpy.py", line 86, in _run_code
    exec(code, run_globals)
  File "/work/apac4/xbx/apac/hpc/hoomd-benchmarks/hoomd_benchmarks/md_pair_wca.py", line 6, in <module>
    from hoomd import version
  File "/work/apac4/miniforge3/envs/apac-hpc-xbx/lib/python3.10/site-packages/hoomd/version.py", line 64, in <module>
    return _run_code(code, main_globals, None,
  File "/work/apac4/miniforge3/envs/apac-hpc-xbx/lib/python3.10/runpy.py", line 86, in _run_code
    exec(code, run_globals)
  File "/work/apac4/xbx/apac/hpc/hoomd-benchmarks/hoomd_benchmarks/md_pair_wca.py", line 6, in <module>
    exec(code, run_globals)
  File "/work/apac4/xbx/apac/hpc/hoomd-benchmarks/hoomd_benchmarks/md_pair_wca.py", line 6, in <module>
    import hoomd
  File "/work/apac4/miniforge3/envs/apac-hpc-xbx/lib/python3.10/site-packages/hoomd/__init__.py", line 60, in <module>
    import hoomd
  File "/work/apac4/miniforge3/envs/apac-hpc-xbx/lib/python3.10/site-packages/hoomd/__init__.py", line 60, in <module>
    from hoomd import version
    exec(code, run_globals)
  File "/work/apac4/xbx/apac/hpc/hoomd-benchmarks/hoomd_benchmarks/md_pair_wca.py", line 6, in <module>
    from hoomd import version
  File "/work/apac4/miniforge3/envs/apac-hpc-xbx/lib/python3.10/site-packages/hoomd/version.py", line 64, in <module>
    import hoomd
  File "/work/apac4/miniforge3/envs/apac-hpc-xbx/lib/python3.10/site-packages/hoomd/__init__.py", line 60, in <module>
    from hoomd import version
  File "/work/apac4/miniforge3/envs/apac-hpc-xbx/lib/python3.10/site-packages/hoomd/version.py", line 64, in <module>
    import hoomd
  File "/work/apac4/miniforge3/envs/apac-hpc-xbx/lib/python3.10/site-packages/hoomd/__init__.py", line 60, in <module>
    return _run_code(code, main_globals, None,
  File "/work/apac4/miniforge3/envs/apac-hpc-xbx/lib/python3.10/runpy.py", line 86, in _run_code
    exec(code, run_globals)
    return _run_code(code, main_globals, None,
  File "/work/apac4/miniforge3/envs/apac-hpc-xbx/lib/python3.10/runpy.py", line 86, in _run_code
    exec(code, run_globals)
  File "/work/apac4/xbx/apac/hpc/hoomd-benchmarks/hoomd_benchmarks/md_pair_wca.py", line 6, in <module>
    import hoomd
  File "/work/apac4/miniforge3/envs/apac-hpc-xbx/lib/python3.10/site-packages/hoomd/__init__.py", line 60, in <module>
    import hoomd
  File "/work/apac4/miniforge3/envs/apac-hpc-xbx/lib/python3.10/site-packages/hoomd/__init__.py", line 60, in <module>
    import hoomd
  File "/work/apac4/miniforge3/envs/apac-hpc-xbx/lib/python3.10/site-packages/hoomd/__init__.py", line 60, in <module>
    from hoomd import version
  File "/work/apac4/miniforge3/envs/apac-hpc-xbx/lib/python3.10/site-packages/hoomd/version.py", line 64, in <module>
    exec(code, run_globals)
  File "/work/apac4/xbx/apac/hpc/hoomd-benchmarks/hoomd_benchmarks/md_pair_wca.py", line 6, in <module>
    import hoomd
  File "/work/apac4/miniforge3/envs/apac-hpc-xbx/lib/python3.10/site-packages/hoomd/__init__.py", line 60, in <module>
    from hoomd import version
  File "/work/apac4/miniforge3/envs/apac-hpc-xbx/lib/python3.10/site-packages/hoomd/version.py", line 64, in <module>
    return _run_code(code, main_globals, None,
  File "/work/apac4/miniforge3/envs/apac-hpc-xbx/lib/python3.10/runpy.py", line 86, in _run_code
    exec(code, run_globals)
  File "/work/apac4/xbx/apac/hpc/hoomd-benchmarks/hoomd_benchmarks/md_pair_wca.py", line 6, in <module>
    import hoomd
  File "/work/apac4/miniforge3/envs/apac-hpc-xbx/lib/python3.10/site-packages/hoomd/__init__.py", line 60, in <module>
    import hoomd
  File "/work/apac4/miniforge3/envs/apac-hpc-xbx/lib/python3.10/site-packages/hoomd/__init__.py", line 60, in <module>
    from hoomd import version
  File "/work/apac4/miniforge3/envs/apac-hpc-xbx/lib/python3.10/site-packages/hoomd/version.py", line 64, in <module>
    exec(code, run_globals)
  File "/work/apac4/xbx/apac/hpc/hoomd-benchmarks/hoomd_benchmarks/md_pair_wca.py", line 6, in <module>
    import hoomd
  File "/work/apac4/miniforge3/envs/apac-hpc-xbx/lib/python3.10/site-packages/hoomd/__init__.py", line 60, in <module>
    from hoomd import version
  File "/work/apac4/miniforge3/envs/apac-hpc-xbx/lib/python3.10/site-packages/hoomd/version.py", line 64, in <module>
    return _run_code(code, main_globals, None,
  File "/work/apac4/miniforge3/envs/apac-hpc-xbx/lib/python3.10/runpy.py", line 86, in _run_code
    exec(code, run_globals)
  File "/work/apac4/xbx/apac/hpc/hoomd-benchmarks/hoomd_benchmarks/md_pair_wca.py", line 6, in <module>
    exec(code, run_globals)
  File "/work/apac4/xbx/apac/hpc/hoomd-benchmarks/hoomd_benchmarks/md_pair_wca.py", line 6, in <module>
    return _run_code(code, main_globals, None,
  File "/work/apac4/miniforge3/envs/apac-hpc-xbx/lib/python3.10/runpy.py", line 86, in _run_code
    exec(code, run_globals)
  File "/work/apac4/xbx/apac/hpc/hoomd-benchmarks/hoomd_benchmarks/md_pair_wca.py", line 6, in <module>
    exec(code, run_globals)
  File "/work/apac4/xbx/apac/hpc/hoomd-benchmarks/hoomd_benchmarks/md_pair_wca.py", line 6, in <module>
    import hoomd
  File "/work/apac4/miniforge3/envs/apac-hpc-xbx/lib/python3.10/site-packages/hoomd/__init__.py", line 60, in <module>
    exec(code, run_globals)
  File "/work/apac4/xbx/apac/hpc/hoomd-benchmarks/hoomd_benchmarks/md_pair_wca.py", line 6, in <module>
    from hoomd import version
  File "/work/apac4/miniforge3/envs/apac-hpc-xbx/lib/python3.10/site-packages/hoomd/version.py", line 64, in <module>
    exec(code, run_globals)
  File "/work/apac4/xbx/apac/hpc/hoomd-benchmarks/hoomd_benchmarks/md_pair_wca.py", line 6, in <module>
    import hoomd
  File "/work/apac4/miniforge3/envs/apac-hpc-xbx/lib/python3.10/site-packages/hoomd/__init__.py", line 60, in <module>
    from hoomd import version
  File "/work/apac4/miniforge3/envs/apac-hpc-xbx/lib/python3.10/site-packages/hoomd/version.py", line 64, in <module>
    import hoomd
  File "/work/apac4/miniforge3/envs/apac-hpc-xbx/lib/python3.10/site-packages/hoomd/__init__.py", line 60, in <module>
    import hoomd
  File "/work/apac4/miniforge3/envs/apac-hpc-xbx/lib/python3.10/site-packages/hoomd/__init__.py", line 60, in <module>
    from hoomd import version
  File "/work/apac4/miniforge3/envs/apac-hpc-xbx/lib/python3.10/site-packages/hoomd/version.py", line 64, in <module>
    exec(code, run_globals)
  File "/work/apac4/xbx/apac/hpc/hoomd-benchmarks/hoomd_benchmarks/md_pair_wca.py", line 6, in <module>
    import hoomd
  File "/work/apac4/miniforge3/envs/apac-hpc-xbx/lib/python3.10/site-packages/hoomd/__init__.py", line 60, in <module>
    import hoomd
  File "/work/apac4/miniforge3/envs/apac-hpc-xbx/lib/python3.10/site-packages/hoomd/__init__.py", line 60, in <module>
    exec(code, run_globals)
  File "/work/apac4/xbx/apac/hpc/hoomd-benchmarks/hoomd_benchmarks/md_pair_wca.py", line 6, in <module>
    import hoomd
  File "/work/apac4/miniforge3/envs/apac-hpc-xbx/lib/python3.10/site-packages/hoomd/__init__.py", line 60, in <module>
    from hoomd import version
  File "/work/apac4/miniforge3/envs/apac-hpc-xbx/lib/python3.10/site-packages/hoomd/version.py", line 64, in <module>
    from hoomd import _hoomd
ImportError: libtbb.so.12: cannot open shared object file: No such file or directory
    import hoomd
  File "/work/apac4/miniforge3/envs/apac-hpc-xbx/lib/python3.10/site-packages/hoomd/__init__.py", line 60, in <module>
    return _run_code(code, main_globals, None,
  File "/work/apac4/miniforge3/envs/apac-hpc-xbx/lib/python3.10/runpy.py", line 86, in _run_code
    exec(code, run_globals)
  File "/work/apac4/xbx/apac/hpc/hoomd-benchmarks/hoomd_benchmarks/md_pair_wca.py", line 6, in <module>
    import hoomd
  File "/work/apac4/miniforge3/envs/apac-hpc-xbx/lib/python3.10/site-packages/hoomd/__init__.py", line 60, in <module>
    exec(code, run_globals)
  File "/work/apac4/xbx/apac/hpc/hoomd-benchmarks/hoomd_benchmarks/md_pair_wca.py", line 6, in <module>
    import hoomd
  File "/work/apac4/miniforge3/envs/apac-hpc-xbx/lib/python3.10/site-packages/hoomd/__init__.py", line 60, in <module>
    exec(code, run_globals)
  File "/work/apac4/xbx/apac/hpc/hoomd-benchmarks/hoomd_benchmarks/md_pair_wca.py", line 6, in <module>
    exec(code, run_globals)
  File "/work/apac4/xbx/apac/hpc/hoomd-benchmarks/hoomd_benchmarks/md_pair_wca.py", line 6, in <module>
    import hoomd
  File "/work/apac4/miniforge3/envs/apac-hpc-xbx/lib/python3.10/site-packages/hoomd/__init__.py", line 60, in <module>
    from hoomd import version
  File "/work/apac4/miniforge3/envs/apac-hpc-xbx/lib/python3.10/site-packages/hoomd/version.py", line 64, in <module>
    exec(code, run_globals)
  File "/work/apac4/xbx/apac/hpc/hoomd-benchmarks/hoomd_benchmarks/md_pair_wca.py", line 6, in <module>
    import hoomd
  File "/work/apac4/miniforge3/envs/apac-hpc-xbx/lib/python3.10/site-packages/hoomd/__init__.py", line 60, in <module>
    return _run_code(code, main_globals, None,
  File "/work/apac4/miniforge3/envs/apac-hpc-xbx/lib/python3.10/runpy.py", line 86, in _run_code
  File "/work/apac4/miniforge3/envs/apac-hpc-xbx/lib/python3.10/site-packages/hoomd/__init__.py", line 60, in <module>
    from hoomd import version
  File "/work/apac4/miniforge3/envs/apac-hpc-xbx/lib/python3.10/site-packages/hoomd/version.py", line 64, in <module>
    from hoomd import _hoomd
ImportError: libtbb.so.12: cannot open shared object file: No such file or directory
    from hoomd import version
  File "/work/apac4/miniforge3/envs/apac-hpc-xbx/lib/python3.10/site-packages/hoomd/version.py", line 64, in <module>
    from hoomd import _hoomd
ImportError: libtbb.so.12: cannot open shared object file: No such file or directory
    import hoomd
  File "/work/apac4/miniforge3/envs/apac-hpc-xbx/lib/python3.10/site-packages/hoomd/__init__.py", line 60, in <module>
    exec(code, run_globals)
  File "/work/apac4/xbx/apac/hpc/hoomd-benchmarks/hoomd_benchmarks/md_pair_wca.py", line 6, in <module>
    import hoomd
  File "/work/apac4/miniforge3/envs/apac-hpc-xbx/lib/python3.10/site-packages/hoomd/__init__.py", line 60, in <module>
    from hoomd import version
  File "/work/apac4/miniforge3/envs/apac-hpc-xbx/lib/python3.10/site-packages/hoomd/version.py", line 64, in <module>
  File "/work/apac4/miniforge3/envs/apac-hpc-xbx/lib/python3.10/site-packages/hoomd/version.py", line 64, in <module>
    from hoomd import _hoomd
ImportError: libtbb.so.12: cannot open shared object file: No such file or directory
    exec(code, run_globals)
  File "/work/apac4/xbx/apac/hpc/hoomd-benchmarks/hoomd_benchmarks/md_pair_wca.py", line 6, in <module>
    return _run_code(code, main_globals, None,
  File "/work/apac4/miniforge3/envs/apac-hpc-xbx/lib/python3.10/runpy.py", line 86, in _run_code
    exec(code, run_globals)
  File "/work/apac4/xbx/apac/hpc/hoomd-benchmarks/hoomd_benchmarks/md_pair_wca.py", line 6, in <module>
    import hoomd
  File "/work/apac4/miniforge3/envs/apac-hpc-xbx/lib/python3.10/site-packages/hoomd/__init__.py", line 60, in <module>
    exec(code, run_globals)
  File "/work/apac4/xbx/apac/hpc/hoomd-benchmarks/hoomd_benchmarks/md_pair_wca.py", line 6, in <module>
    import hoomd
  File "/work/apac4/miniforge3/envs/apac-hpc-xbx/lib/python3.10/site-packages/hoomd/__init__.py", line 60, in <module>
    import hoomd
  File "/work/apac4/miniforge3/envs/apac-hpc-xbx/lib/python3.10/site-packages/hoomd/__init__.py", line 60, in <module>
    import hoomd
  File "/work/apac4/miniforge3/envs/apac-hpc-xbx/lib/python3.10/site-packages/hoomd/__init__.py", line 60, in <module>
    from hoomd import version
  File "/work/apac4/miniforge3/envs/apac-hpc-xbx/lib/python3.10/site-packages/hoomd/version.py", line 64, in <module>
    from hoomd import _hoomd
ImportError: libtbb.so.12: cannot open shared object file: No such file or directory
    exec(code, run_globals)
  File "/work/apac4/xbx/apac/hpc/hoomd-benchmarks/hoomd_benchmarks/md_pair_wca.py", line 6, in <module>
    import hoomd
  File "/work/apac4/miniforge3/envs/apac-hpc-xbx/lib/python3.10/site-packages/hoomd/__init__.py", line 60, in <module>
    from hoomd import version
  File "/work/apac4/miniforge3/envs/apac-hpc-xbx/lib/python3.10/site-packages/hoomd/version.py", line 64, in <module>
    exec(code, run_globals)
  File "/work/apac4/xbx/apac/hpc/hoomd-benchmarks/hoomd_benchmarks/md_pair_wca.py", line 6, in <module>
    return _run_code(code, main_globals, None,
  File "/work/apac4/miniforge3/envs/apac-hpc-xbx/lib/python3.10/runpy.py", line 86, in _run_code
    exec(code, run_globals)
  File "/work/apac4/xbx/apac/hpc/hoomd-benchmarks/hoomd_benchmarks/md_pair_wca.py", line 6, in <module>
    import hoomd
  File "/work/apac4/miniforge3/envs/apac-hpc-xbx/lib/python3.10/site-packages/hoomd/__init__.py", line 60, in <module>
    from hoomd import version
  File "/work/apac4/miniforge3/envs/apac-hpc-xbx/lib/python3.10/site-packages/hoomd/version.py", line 64, in <module>
    from hoomd import _hoomd
ImportError: libtbb.so.12: cannot open shared object file: No such file or directory
    import hoomd
  File "/work/apac4/miniforge3/envs/apac-hpc-xbx/lib/python3.10/site-packages/hoomd/__init__.py", line 60, in <module>
    from hoomd import version
  File "/work/apac4/miniforge3/envs/apac-hpc-xbx/lib/python3.10/site-packages/hoomd/version.py", line 64, in <module>
    exec(code, run_globals)
  File "/work/apac4/xbx/apac/hpc/hoomd-benchmarks/hoomd_benchmarks/md_pair_wca.py", line 6, in <module>
    import hoomd
  File "/work/apac4/miniforge3/envs/apac-hpc-xbx/lib/python3.10/site-packages/hoomd/__init__.py", line 60, in <module>
    from hoomd import version
  File "/work/apac4/miniforge3/envs/apac-hpc-xbx/lib/python3.10/site-packages/hoomd/version.py", line 64, in <module>
    exec(code, run_globals)
  File "/work/apac4/xbx/apac/hpc/hoomd-benchmarks/hoomd_benchmarks/md_pair_wca.py", line 6, in <module>
  File "/work/apac4/xbx/apac/hpc/hoomd-benchmarks/hoomd_benchmarks/md_pair_wca.py", line 6, in <module>
    import hoomd
  File "/work/apac4/miniforge3/envs/apac-hpc-xbx/lib/python3.10/site-packages/hoomd/__init__.py", line 60, in <module>
    from hoomd import version
  File "/work/apac4/miniforge3/envs/apac-hpc-xbx/lib/python3.10/site-packages/hoomd/version.py", line 64, in <module>
    return _run_code(code, main_globals, None,
  File "/work/apac4/miniforge3/envs/apac-hpc-xbx/lib/python3.10/runpy.py", line 86, in _run_code
    exec(code, run_globals)
  File "/work/apac4/xbx/apac/hpc/hoomd-benchmarks/hoomd_benchmarks/md_pair_wca.py", line 6, in <module>
    import hoomd
  File "/work/apac4/miniforge3/envs/apac-hpc-xbx/lib/python3.10/site-packages/hoomd/__init__.py", line 60, in <module>
    import hoomd
  File "/work/apac4/miniforge3/envs/apac-hpc-xbx/lib/python3.10/site-packages/hoomd/__init__.py", line 60, in <module>
    from hoomd import version
  File "/work/apac4/miniforge3/envs/apac-hpc-xbx/lib/python3.10/site-packages/hoomd/version.py", line 64, in <module>
    from hoomd import _hoomd
ImportError: libtbb.so.12: cannot open shared object file: No such file or directory
    return _run_code(code, main_globals, None,
  File "/work/apac4/miniforge3/envs/apac-hpc-xbx/lib/python3.10/runpy.py", line 86, in _run_code
    from hoomd import version
  File "/work/apac4/miniforge3/envs/apac-hpc-xbx/lib/python3.10/site-packages/hoomd/version.py", line 64, in <module>
    from hoomd import version
  File "/work/apac4/miniforge3/envs/apac-hpc-xbx/lib/python3.10/site-packages/hoomd/version.py", line 64, in <module>
    from hoomd import _hoomd
ImportError: libtbb.so.12: cannot open shared object file: No such file or directory
    import hoomd
  File "/work/apac4/miniforge3/envs/apac-hpc-xbx/lib/python3.10/site-packages/hoomd/__init__.py", line 60, in <module>
    import hoomd
  File "/work/apac4/miniforge3/envs/apac-hpc-xbx/lib/python3.10/site-packages/hoomd/__init__.py", line 60, in <module>
    from hoomd import version
  File "/work/apac4/miniforge3/envs/apac-hpc-xbx/lib/python3.10/site-packages/hoomd/version.py", line 64, in <module>
    exec(code, run_globals)
  File "/work/apac4/xbx/apac/hpc/hoomd-benchmarks/hoomd_benchmarks/md_pair_wca.py", line 6, in <module>
    import hoomd
  File "/work/apac4/miniforge3/envs/apac-hpc-xbx/lib/python3.10/site-packages/hoomd/__init__.py", line 60, in <module>
    from hoomd import version
  File "/work/apac4/miniforge3/envs/apac-hpc-xbx/lib/python3.10/site-packages/hoomd/version.py", line 64, in <module>
    exec(code, run_globals)
  File "/work/apac4/xbx/apac/hpc/hoomd-benchmarks/hoomd_benchmarks/md_pair_wca.py", line 6, in <module>
    from hoomd import version
  File "/work/apac4/miniforge3/envs/apac-hpc-xbx/lib/python3.10/site-packages/hoomd/version.py", line 64, in <module>
    from hoomd import _hoomd
ImportError: libtbb.so.12: cannot open shared object file: No such file or directory
    from hoomd import _hoomd
ImportError: libtbb.so.12: cannot open shared object file: No such file or directory
    import hoomd
  File "/work/apac4/miniforge3/envs/apac-hpc-xbx/lib/python3.10/site-packages/hoomd/__init__.py", line 60, in <module>
    from hoomd import _hoomd
ImportError: libtbb.so.12: cannot open shared object file: No such file or directory
    from hoomd import _hoomd
ImportError: libtbb.so.12: cannot open shared object file: No such file or directory
    from hoomd import version
  File "/work/apac4/miniforge3/envs/apac-hpc-xbx/lib/python3.10/site-packages/hoomd/version.py", line 64, in <module>
    from hoomd import _hoomd
ImportError: libtbb.so.12: cannot open shared object file: No such file or directory
    from hoomd import _hoomd
ImportError: libtbb.so.12: cannot open shared object file: No such file or directory
    from hoomd import version
  File "/work/apac4/miniforge3/envs/apac-hpc-xbx/lib/python3.10/site-packages/hoomd/version.py", line 64, in <module>
    from hoomd import _hoomd
ImportError: libtbb.so.12: cannot open shared object file: No such file or directory
    from hoomd import _hoomd
ImportError: libtbb.so.12: cannot open shared object file: No such file or directory
    from hoomd import version
  File "/work/apac4/miniforge3/envs/apac-hpc-xbx/lib/python3.10/site-packages/hoomd/version.py", line 64, in <module>
    from hoomd import version
  File "/work/apac4/miniforge3/envs/apac-hpc-xbx/lib/python3.10/site-packages/hoomd/version.py", line 64, in <module>
    from hoomd import _hoomd
ImportError: libtbb.so.12: cannot open shared object file: No such file or directory
    import hoomd
  File "/work/apac4/miniforge3/envs/apac-hpc-xbx/lib/python3.10/site-packages/hoomd/__init__.py", line 60, in <module>
    from hoomd import version
  File "/work/apac4/miniforge3/envs/apac-hpc-xbx/lib/python3.10/site-packages/hoomd/version.py", line 64, in <module>
    from hoomd import _hoomd
ImportError: libtbb.so.12: cannot open shared object file: No such file or directory
    from hoomd import version
  File "/work/apac4/miniforge3/envs/apac-hpc-xbx/lib/python3.10/site-packages/hoomd/version.py", line 64, in <module>
    from hoomd import version
  File "/work/apac4/miniforge3/envs/apac-hpc-xbx/lib/python3.10/site-packages/hoomd/version.py", line 64, in <module>
    from hoomd import _hoomd
ImportError: libtbb.so.12: cannot open shared object file: No such file or directory
    from hoomd import version
  File "/work/apac4/miniforge3/envs/apac-hpc-xbx/lib/python3.10/site-packages/hoomd/version.py", line 64, in <module>
    from hoomd import _hoomd
ImportError: libtbb.so.12: cannot open shared object file: No such file or directory
    from hoomd import version
  File "/work/apac4/miniforge3/envs/apac-hpc-xbx/lib/python3.10/site-packages/hoomd/version.py", line 64, in <module>
    from hoomd import _hoomd
ImportError: libtbb.so.12: cannot open shared object file: No such file or directory
    from hoomd import version
  File "/work/apac4/miniforge3/envs/apac-hpc-xbx/lib/python3.10/site-packages/hoomd/version.py", line 64, in <module>
    from hoomd import _hoomd
ImportError: libtbb.so.12: cannot open shared object file: No such file or directory
    from hoomd import version
  File "/work/apac4/miniforge3/envs/apac-hpc-xbx/lib/python3.10/site-packages/hoomd/version.py", line 64, in <module>
    from hoomd import _hoomd
ImportError: libtbb.so.12: cannot open shared object file: No such file or directory
    from hoomd import _hoomd
ImportError: libtbb.so.12: cannot open shared object file: No such file or directory
    from hoomd import version
  File "/work/apac4/miniforge3/envs/apac-hpc-xbx/lib/python3.10/site-packages/hoomd/version.py", line 64, in <module>
    from hoomd import version
  File "/work/apac4/miniforge3/envs/apac-hpc-xbx/lib/python3.10/site-packages/hoomd/version.py", line 64, in <module>
    from hoomd import _hoomd
ImportError: libtbb.so.12: cannot open shared object file: No such file or directory
    from hoomd import version
  File "/work/apac4/miniforge3/envs/apac-hpc-xbx/lib/python3.10/site-packages/hoomd/version.py", line 64, in <module>
    from hoomd import _hoomd
ImportError: libtbb.so.12: cannot open shared object file: No such file or directory
    from hoomd import version
  File "/work/apac4/miniforge3/envs/apac-hpc-xbx/lib/python3.10/site-packages/hoomd/version.py", line 64, in <module>
    from hoomd import _hoomd
ImportError: libtbb.so.12: cannot open shared object file: No such file or directory
    from hoomd import version
  File "/work/apac4/miniforge3/envs/apac-hpc-xbx/lib/python3.10/site-packages/hoomd/version.py", line 64, in <module>
    from hoomd import _hoomd
ImportError: libtbb.so.12: cannot open shared object file: No such file or directory
    from hoomd import version
  File "/work/apac4/miniforge3/envs/apac-hpc-xbx/lib/python3.10/site-packages/hoomd/version.py", line 64, in <module>
    from hoomd import _hoomd
ImportError: libtbb.so.12: cannot open shared object file: No such file or directory
    from hoomd import version
  File "/work/apac4/miniforge3/envs/apac-hpc-xbx/lib/python3.10/site-packages/hoomd/version.py", line 64, in <module>
    from hoomd import _hoomd
ImportError: libtbb.so.12: cannot open shared object file: No such file or directory
    from hoomd import _hoomd
ImportError: libtbb.so.12: cannot open shared object file: No such file or directory
    from hoomd import version
  File "/work/apac4/miniforge3/envs/apac-hpc-xbx/lib/python3.10/site-packages/hoomd/version.py", line 64, in <module>
    from hoomd import _hoomd
ImportError: libtbb.so.12: cannot open shared object file: No such file or directory
    from hoomd import version
  File "/work/apac4/miniforge3/envs/apac-hpc-xbx/lib/python3.10/site-packages/hoomd/version.py", line 64, in <module>
    from hoomd import _hoomd
ImportError: libtbb.so.12: cannot open shared object file: No such file or directory
    from hoomd import version
  File "/work/apac4/miniforge3/envs/apac-hpc-xbx/lib/python3.10/site-packages/hoomd/version.py", line 64, in <module>
    from hoomd import _hoomd
ImportError: libtbb.so.12: cannot open shared object file: No such file or directory
    from hoomd import version
  File "/work/apac4/miniforge3/envs/apac-hpc-xbx/lib/python3.10/site-packages/hoomd/version.py", line 64, in <module>
    from hoomd import _hoomd
ImportError: libtbb.so.12: cannot open shared object file: No such file or directory
    from hoomd import version
  File "/work/apac4/miniforge3/envs/apac-hpc-xbx/lib/python3.10/site-packages/hoomd/version.py", line 64, in <module>
    from hoomd import _hoomd
ImportError: libtbb.so.12: cannot open shared object file: No such file or directory
    from hoomd import version
  File "/work/apac4/miniforge3/envs/apac-hpc-xbx/lib/python3.10/site-packages/hoomd/version.py", line 64, in <module>
    from hoomd import _hoomd
ImportError: libtbb.so.12: cannot open shared object file: No such file or directory
    from hoomd import version
  File "/work/apac4/miniforge3/envs/apac-hpc-xbx/lib/python3.10/site-packages/hoomd/version.py", line 64, in <module>
    from hoomd import _hoomd
ImportError: libtbb.so.12: cannot open shared object file: No such file or directory
    from hoomd import _hoomd
ImportError: libtbb.so.12: cannot open shared object file: No such file or directory
    from hoomd import version
  File "/work/apac4/miniforge3/envs/apac-hpc-xbx/lib/python3.10/site-packages/hoomd/version.py", line 64, in <module>
    from hoomd import _hoomd
ImportError: libtbb.so.12: cannot open shared object file: No such file or directory
    from hoomd import _hoomd
ImportError: libtbb.so.12: cannot open shared object file: No such file or directory
    from hoomd import version
  File "/work/apac4/miniforge3/envs/apac-hpc-xbx/lib/python3.10/site-packages/hoomd/version.py", line 64, in <module>
    from hoomd import _hoomd
ImportError: libtbb.so.12: cannot open shared object file: No such file or directory
    from hoomd import _hoomd
ImportError: libtbb.so.12: cannot open shared object file: No such file or directory
    from hoomd import _hoomd
    from hoomd import _hoomd
ImportError: libtbb.so.12: cannot open shared object file: No such file or directory
--------------------------------------------------------------------------
Primary job  terminated normally, but 1 process returned
a non-zero exit code. Per user-direction, the job has been aborted.
--------------------------------------------------------------------------
mpirun: Forwarding signal 18 to job
mpirun: abort is already in progress...hit ctrl-c again to forcibly terminate

[b03u12a:3741701] *** Process received signal ***
[b03u12a:3741701] Signal: Segmentation fault (11)
[b03u12a:3741701] Signal code: Address not mapped (1)
[b03u12a:3741701] Failing at address: 0x30
[b03u12a:3741701] [ 0] [0x14d0d45e8b03]
[b03u12a:3741701] [ 1] [0x14d0d45e9e40]
[b03u12a:3741701] [ 2] [0x14d0d45ceb68]
[b03u12a:3741701] [ 3] [0x14d0d45e8b03]
[b03u12a:3741701] [ 4] [0x14d0d45ea3e8]
[b03u12a:3741701] [ 5] [0x14d0d6669d10]
[b03u12a:3741701] [ 6] /work/apac4/xbx/apac/hpc/hpcx-v2.7.0-gcc-MLNX_OFED_LINUX-4.7-1.0.0.1-redhat7.6-x86_64/ompi/lib/libpmix.so.2(OPAL_MCA_PMIX3X_PMIx_Finalize+0x578)[0x14d0c23e7388]
[b03u12a:3741701] [ 7] /work/apac4/xbx/apac/hpc/hpcx-v2.7.0-gcc-MLNX_OFED_LINUX-4.7-1.0.0.1-redhat7.6-x86_64/ompi/lib/openmpi/mca_pmix_pmix3x.so(pmix3x_client_finalize+0x38a)[0x14d0c2aa47fa]
[b03u12a:3741701] [ 8] /work/apac4/xbx/apac/hpc/hpcx-v2.7.0-gcc-MLNX_OFED_LINUX-4.7-1.0.0.1-redhat7.6-x86_64/ompi/lib/openmpi/mca_ess_hnp.so(+0x35ea)[0x14d0c36df5ea]
[b03u12a:3741701] [ 9] /work/apac4/xbx/apac/hpc/hpcx-v2.7.0-gcc-MLNX_OFED_LINUX-4.7-1.0.0.1-redhat7.6-x86_64/ompi/lib/openmpi/mca_ess_hnp.so(+0x393d)[0x14d0c36df93d]
[b03u12a:3741701] [10] /work/apac4/xbx/apac/hpc/hpcx-v2.7.0-gcc-MLNX_OFED_LINUX-4.7-1.0.0.1-redhat7.6-x86_64/ompi/lib/libopen-pal.so.40(opal_libevent2022_event_base_loop+0x8fc)[0x14d0c88d129c]
[b03u12a:3741701] [11] mpirun[0x400f5a]
[b03u12a:3741701] [12] /lib64/libc.so.6(__libc_start_main+0xf3)[0x14d0c7463ca3]
[b03u12a:3741701] [13] mpirun[0x400d1e]
[b03u12a:3741701] *** End of error message ***
vtune: Collection stopped.
vtune: Using result path `/work/apac4/xbx/apac/hpc/hoomd-benchmarks/r000hs'
vtune: Executing actions  0 %                                                  vtune: Executing actions  0 % Finalizing results                               vtune: Executing actions  0 % Finalizing the result                            vtune: Executing actions  0 % Clearing the database                            vtune: Executing actions  7 % Clearing the database                            vtune: Executing actions  7 % Loading raw data to the database                 vtune: Executing actions  7 % Loading 'systemcollector-3741691-b03u12a.sc' filevtune: Executing actions 12 % Loading 'systemcollector-3741691-b03u12a.sc' filevtune: Executing actions 12 % Loading '3741701.stat.perf' file                 vtune: Executing actions 12 % Loading '3741691-3741701.0.trace' file           vtune: Executing actions 12 % Loading '3741701-3741722.0.trace' file           vtune: Executing actions 12 % Loading '3741701-3741722.1.trace' file           vtune: Executing actions 12 % Loading '3741701-3741725.0.trace' file           vtune: Executing actions 12 % Loading '3741701-3741725.1.trace' file           vtune: Executing actions 12 % Loading '3741701-3741729.0.trace' file           vtune: Executing actions 12 % Loading '3741701-3741729.1.trace' file           vtune: Executing actions 12 % Loading '3741701-3741760.0.trace' file           vtune: Executing actions 12 % Loading '3741701-3741760.1.trace' file           vtune: Executing actions 12 % Loading '3741701-3741770.0.trace' file           vtune: Executing actions 12 % Loading '3741701-3741770.1.trace' file           vtune: Executing actions 12 % Loading '3741701-3741779.0.trace' file           vtune: Executing actions 12 % Loading '3741701-3741779.1.trace' file           vtune: Executing actions 12 % Loading '3741701-3741788.0.trace' file           vtune: Executing actions 12 % Loading '3741701-3741788.1.trace' file           vtune: Executing actions 12 % Loading '3741701-3741800.0.trace' file           vtune: Executing actions 12 % Loading '3741701-3741800.1.trace' file           vtune: Executing actions 12 % Loading '3741701-3741809.0.trace' file           vtune: Executing actions 12 % Loading '3741701-3741809.1.trace' file           vtune: Executing actions 12 % Loading '3741701-3741820.0.trace' file           vtune: Executing actions 12 % Loading '3741701-3741820.1.trace' file           vtune: Executing actions 12 % Loading '3741701-3741834.0.trace' file           vtune: Executing actions 12 % Loading '3741701-3741834.1.trace' file           vtune: Executing actions 12 % Loading '3741701-3741842.0.trace' file           vtune: Executing actions 12 % Loading '3741701-3741842.1.trace' file           vtune: Executing actions 12 % Loading '3741701-3741860.0.trace' file           vtune: Executing actions 12 % Loading '3741701-3741860.1.trace' file           vtune: Executing actions 12 % Loading '3741701-3741873.0.trace' file           vtune: Executing actions 12 % Loading '3741701-3741873.1.trace' file           vtune: Executing actions 12 % Loading '3741701-3741882.0.trace' file           vtune: Executing actions 12 % Loading '3741701-3741882.1.trace' file           vtune: Executing actions 12 % Loading '3741701-3741895.0.trace' file           vtune: Executing actions 12 % Loading '3741701-3741895.1.trace' file           vtune: Executing actions 12 % Loading '3741701-3741906.0.trace' file           vtune: Executing actions 12 % Loading '3741701-3741906.1.trace' file           vtune: Executing actions 12 % Loading '3741701-3741918.0.trace' file           vtune: Executing actions 12 % Loading '3741701-3741918.1.trace' file           vtune: Executing actions 12 % Loading '3741701-3741930.0.trace' file           vtune: Executing actions 12 % Loading '3741701-3741930.1.trace' file           vtune: Executing actions 12 % Loading '3741701-3741943.0.trace' file           vtune: Executing actions 12 % Loading '3741701-3741943.1.trace' file           vtune: Executing actions 12 % Loading '3741701-3741954.0.trace' file           vtune: Executing actions 12 % Loading '3741701-3741954.1.trace' file           vtune: Executing actions 12 % Loading '3741701-3741966.0.trace' file           vtune: Executing actions 12 % Loading '3741701-3741966.1.trace' file           vtune: Executing actions 12 % Loading '3741701-3741979.0.trace' file           vtune: Executing actions 12 % Loading '3741701-3741979.1.trace' file           vtune: Executing actions 12 % Loading '3741701-3741991.0.trace' file           vtune: Executing actions 12 % Loading '3741701-3741991.1.trace' file           vtune: Executing actions 12 % Loading '3741701-3742004.0.trace' file           vtune: Executing actions 12 % Loading '3741701-3742004.1.trace' file           vtune: Executing actions 12 % Loading '3741701-3742015.0.trace' file           vtune: Executing actions 12 % Loading '3741701-3742015.1.trace' file           vtune: Executing actions 12 % Loading '3741701-3742028.0.trace' file           vtune: Executing actions 12 % Loading '3741701-3742028.1.trace' file           
vtune: Error: Cannot load data file `/work/apac4/xbx/apac/hpc/hoomd-benchmarks/r000hs/data.0/3741701-3742015.1.trace' (Data file is corrupted).
vtune: Error: Cannot load data file `/work/apac4/xbx/apac/hpc/hoomd-benchmarks/r000hs/data.0/3741701-3742028.1.trace' (Data file is corrupted).
vtune: Executing actions 12 % Updating precomputed scalar metrics              vtune: Executing actions 14 % Updating precomputed scalar metrics              vtune: Executing actions 14 % Processing profile metrics and debug information vtune: Executing actions 19 % Processing profile metrics and debug information vtune: Executing actions 19 % Setting data model parameters                    vtune: Executing actions 19 % Resolving module symbols                         vtune: Executing actions 19 % Resolving information for dangling locations     vtune: Executing actions 19 % Resolving information for `libmca_common_dstore.svtune: Executing actions 19 % Resolving information for `ssh'                  vtune: Executing actions 19 % Resolving information for `libc-2.28.so'         vtune: Executing actions 19 % Resolving information for `mca_ess_hnp.so'       vtune: Executing actions 19 % Resolving information for `libstlport-dynamic.so'
vtune: Warning: Cannot locate debugging information for file `/usr/bin/ssh'.
vtune: Warning: Cannot locate debugging information for file `/usr/lib64/libc-2.28.so'.
vtune: Executing actions 19 % Resolving information for `libopen-pal.so.40.20.4vtune: Executing actions 19 % Resolving information for `mca_odls_default.so'  vtune: Executing actions 19 % Resolving information for `libc-dynamic.so'      vtune: Executing actions 19 % Resolving information for `libdl.so.2'           
vtune: Warning: Cannot locate debugging information for file `/lib64/libdl.so.2'.
vtune: Executing actions 19 % Resolving information for `libtpsstool.so'       vtune: Executing actions 20 % Resolving information for `libtpsstool.so'       vtune: Executing actions 20 % Resolving information for `python3.10'           vtune: Executing actions 20 % Resolving information for `libpthread-2.28.so'   
vtune: Warning: Cannot locate debugging information for file `/usr/lib64/libpthread-2.28.so'.
vtune: Executing actions 20 % Resolving information for `mca_plm_rsh.so'       vtune: Executing actions 20 % Resolving information for `mca_pmix_pmix3x.so'   
vtune: Warning: Cannot locate debugging information for file `/share/intel/oneapi/vtune/2022.4.0/lib64/libtpsstool.so'.
vtune: Executing actions 20 % Resolving information for `libpmix.so.2'         vtune: Executing actions 20 % Resolving information for `pinbin'               vtune: Executing actions 20 % Resolving information for `libpthread.so.0'      
vtune: Warning: Cannot locate debugging information for file `/lib64/libpthread.so.0'.
vtune: Executing actions 20 % Resolving information for `libnss_files.so.2'    
vtune: Warning: Cannot locate debugging information for file `/lib64/libnss_files.so.2'.
vtune: Executing actions 20 % Resolving information for `mca_gds_ds21.so'      vtune: Executing actions 21 % Resolving information for `mca_gds_ds21.so'      vtune: Executing actions 21 % Resolving information for `libgssapi_krb5.so.2'  
vtune: Warning: Cannot locate debugging information for file `/lib64/libgssapi_krb5.so.2'.
vtune: Executing actions 21 % Resolving information for `mca_rmaps_round_robin.vtune: Executing actions 21 % Resolving information for `libopen-pal.so.40'    vtune: Executing actions 21 % Resolving information for `libc.so.6'            
vtune: Warning: Cannot locate debugging information for file `/lib64/libc.so.6'.
vtune: Executing actions 21 % Resolving information for `mca_oob_tcp.so'       vtune: Executing actions 21 % Resolving information for `libopen-rte.so.40'    vtune: Executing actions 21 % Resolving information for `orterun'              vtune: Executing actions 21 % Resolving information for `ld-linux-x86-64.so.2' vtune: Executing actions 21 % Resolving information for `libkrb5support.so.0'  
vtune: Warning: Cannot locate debugging information for file `/lib64/libkrb5support.so.0'.
vtune: Executing actions 22 % Resolving information for `libkrb5support.so.0'  vtune: Executing actions 22 % Resolving information for `libpin3dwarf.so'      vtune: Executing actions 22 % Resolving bottom user stack information          vtune: Executing actions 23 % Resolving bottom user stack information          vtune: Executing actions 23 % Resolving thread name information                vtune: Executing actions 24 % Resolving thread name information                vtune: Executing actions 24 % Resolving call target names for dynamic code     vtune: Executing actions 25 % Resolving call target names for dynamic code     vtune: Executing actions 25 % Resolving interrupt name information             vtune: Executing actions 26 % Resolving interrupt name information             vtune: Executing actions 26 % Processing profile metrics and debug information vtune: Executing actions 27 % Processing profile metrics and debug information vtune: Executing actions 28 % Processing profile metrics and debug information vtune: Executing actions 29 % Processing profile metrics and debug information vtune: Executing actions 30 % Processing profile metrics and debug information vtune: Executing actions 30 % Setting data model parameters                    vtune: Executing actions 30 % Precomputing frequently used data                vtune: Executing actions 30 % Precomputing frequently used data                vtune: Executing actions 31 % Precomputing frequently used data                vtune: Executing actions 33 % Precomputing frequently used data                vtune: Executing actions 34 % Precomputing frequently used data                vtune: Executing actions 36 % Precomputing frequently used data                vtune: Executing actions 36 % Updating precomputed scalar metrics              vtune: Executing actions 37 % Updating precomputed scalar metrics              vtune: Executing actions 37 % Discarding redundant overtime data               vtune: Executing actions 39 % Discarding redundant overtime data               vtune: Executing actions 39 % Saving the result                                vtune: Executing actions 41 % Saving the result                                vtune: Executing actions 42 % Saving the result                                vtune: Executing actions 49 % Saving the result                                vtune: Executing actions 50 % Saving the result                                vtune: Executing actions 50 % Generating a report                              vtune: Executing actions 50 % Setting data model parameters                    vtune: Executing actions 75 % Setting data model parameters                    vtune: Executing actions 75 % Generating a report                              Could not find platform independent libraries <prefix>
Could not find platform dependent libraries <exec_prefix>
Consider setting $PYTHONHOME to <prefix>[:<exec_prefix>]
vtune: Executing actions 100 % Generating a report                             vtune: Executing actions 100 % done                                            
