Loading tbb version 2021.7.0
Loading mpi version 2021.7.0
[1727009458.248641] [b07u33a:533569:0]       ib_verbs.h:84   UCX  ERROR ibv_exp_query_device(mlx5_0) returned 38: No space left on device
[1727009458.248697] [b07u33a:533505:0]       ib_verbs.h:84   UCX  ERROR ibv_exp_query_device(mlx5_0) returned 38: No space left on device
[1727009458.248658] [b07u33a:533516:0]       ib_verbs.h:84   UCX  ERROR ibv_exp_query_device(mlx5_0) returned 38: No space left on device
[1727009458.248637] [b07u33a:533577:0]       ib_verbs.h:84   UCX  ERROR ibv_exp_query_device(mlx5_0) returned 38: No space left on device
[1727009458.248803] [b07u33a:533583:0]       ib_verbs.h:84   UCX  ERROR ibv_exp_query_device(mlx5_0) returned 38: No space left on device
[1727009458.248770] [b07u33a:533555:0]       ib_verbs.h:84   UCX  ERROR ibv_exp_query_device(mlx5_0) returned 38: No space left on device
[1727009458.252544] [b07u33a:533551:0]       ib_verbs.h:84   UCX  ERROR ibv_exp_query_device(mlx5_0) returned 38: No space left on device
[1727009458.253006] [b07u33a:533438:0]       ib_verbs.h:84   UCX  ERROR ibv_exp_query_device(mlx5_0) returned 38: No space left on device
[1727009458.253990] [b07u33a:533557:0]       ib_verbs.h:84   UCX  ERROR ibv_exp_query_device(mlx5_0) returned 38: No space left on device
[1727009458.255752] [b07u33a:533514:0]       ib_verbs.h:84   UCX  ERROR ibv_exp_query_device(mlx5_0) returned 38: No space left on device
[1727009458.258297] [b07u33a:533525:0]       ib_verbs.h:84   UCX  ERROR ibv_exp_query_device(mlx5_0) returned 38: No space left on device
[1727009458.258704] [b07u33a:533566:0]       ib_verbs.h:84   UCX  ERROR ibv_exp_query_device(mlx5_0) returned 38: No space left on device
[1727009458.259194] [b07u33a:533532:0]       ib_verbs.h:84   UCX  ERROR ibv_exp_query_device(mlx5_0) returned 38: No space left on device
[1727009458.260905] [b07u33a:533578:0]       ib_verbs.h:84   UCX  ERROR ibv_exp_query_device(mlx5_0) returned 38: No space left on device
[1727009458.262229] [b07u33a:533580:0]       ib_verbs.h:84   UCX  ERROR ibv_exp_query_device(mlx5_0) returned 38: No space left on device
[1727009458.271460] [b07u33a:533600:0]       ib_verbs.h:84   UCX  ERROR ibv_exp_query_device(mlx5_0) returned 38: No space left on device
[1727009458.275362] [b07u33a:533614:0]       ib_verbs.h:84   UCX  ERROR ibv_exp_query_device(mlx5_0) returned 38: No space left on device
[1727009458.276820] [b07u33a:533576:0]       ib_verbs.h:84   UCX  ERROR ibv_exp_query_device(mlx5_0) returned 38: No space left on device
[1727009458.276970] [b07u33a:533509:0]       ib_verbs.h:84   UCX  ERROR ibv_exp_query_device(mlx5_0) returned 38: No space left on device
[1727009458.277579] [b07u33a:533556:0]       ib_verbs.h:84   UCX  ERROR ibv_exp_query_device(mlx5_0) returned 38: No space left on device
[1727009458.278271] [b07u33a:533517:0]       ib_verbs.h:84   UCX  ERROR ibv_exp_query_device(mlx5_0) returned 38: No space left on device
[1727009458.278285] [b07u33a:533582:0]       ib_verbs.h:84   UCX  ERROR ibv_exp_query_device(mlx5_0) returned 38: No space left on device
[1727009458.289373] [b07u33a:533515:0]       ib_verbs.h:84   UCX  ERROR ibv_exp_query_device(mlx5_0) returned 38: No space left on device
[1727009458.289410] [b07u33a:533511:0]       ib_verbs.h:84   UCX  ERROR ibv_exp_query_device(mlx5_0) returned 38: No space left on device

------------------------------------------------------------
Sender: LSF System <lsfadmin@b07u33a>
Subject: Job 204884: <hpcx-xbx> in cluster <qmhpc> Exited

Job <hpcx-xbx> was submitted from host <b04u17l> by user <apac4> in cluster <qmhpc> at Sun Sep 22 20:50:47 2024
Job was executed on host(s) <24*b07u33a>, in queue <ssc-cpu>, as user <apac4> in cluster <qmhpc> at Sun Sep 22 20:50:47 2024
</work/apac4> was used as the home directory.
</work/apac4/xbx/apac/hpc/hoomd-benchmarks> was used as the working directory.
Started at Sun Sep 22 20:50:47 2024
Terminated at Sun Sep 22 21:43:55 2024
Results reported at Sun Sep 22 21:43:55 2024

Your job looked like:

------------------------------------------------------------
# LSBATCH: User input
#!/bin/bash
#BSUB -q ssc-cpu
#BSUB -n 24
#BSUB -e %J.err
#BSUB -o %J.out
#BSUB -R "span[ptile=24]"
#BSUB -J hpcx-xbx

hostfile=`echo $LSB_DJOB_HOSTFILE`
NP=`cat $hostfile | wc -l`
cd $LS_SUBCWD

source /work/apac4/miniforge3/etc/profile.d/conda.sh
conda activate apac-hpc-xbx

source /work/apac4/xbx/apac/hpc/hpcx-v2.7.0-gcc-MLNX_OFED_LINUX-4.7-1.0.0.1-redhat7.6-x86_64/hpcx-init.sh
module use /work/apac4/xbx/apac/hpc/hpcx-v2.7.0-gcc-MLNX_OFED_LINUX-4.7-1.0.0.1-redhat7.6-x86_64/modulefiles
module load hpcx
module load tbb/latest

module load vtune/latest
module load mpi/latest

mpirun --hostfile $LSB_DJOB_HOSTFILE -n $NP vtune -collect hotspots -r haibinS2 python3 -m hoomd_benchmarks.md_pair_wca --device CPU -N 2000000 --benchmark_steps 100000 -v

------------------------------------------------------------

TERM_OWNER: job killed by owner.
Exited with signal termination: 9.

Resource usage summary:

    CPU time :                                   75266.00 sec.
    Max Memory :                                 63066 MB
    Average Memory :                             62284.27 MB
    Total Requested Memory :                     -
    Delta Memory :                               -
    Max Swap :                                   -
    Max Processes :                              152
    Max Threads :                                634
    Run time :                                   3183 sec.
    Turnaround time :                            3188 sec.

The output (if any) is above this job summary.



PS:

Read file <204884.err> for stderr output of this job.

