Warning: Permanently added 'b03u18a,10.10.3.112' (ECDSA) to the list of known hosts.
Warning: Permanently added 'b03u16a,10.10.3.113' (ECDSA) to the list of known hosts.
Warning: Permanently added 'b07u36a,10.10.7.27' (ECDSA) to the list of known hosts.
Traceback (most recent call last):
  File "/work/apac4/miniforge3/envs/apac-hpc-xbx/lib/python3.10/runpy.py", line 196, in _run_module_as_main
Traceback (most recent call last):
  File "/work/apac4/miniforge3/envs/apac-hpc-xbx/lib/python3.10/runpy.py", line 196, in _run_module_as_main
Traceback (most recent call last):
  File "/work/apac4/miniforge3/envs/apac-hpc-xbx/lib/python3.10/runpy.py", line 196, in _run_module_as_main
Traceback (most recent call last):
  File "/work/apac4/miniforge3/envs/apac-hpc-xbx/lib/python3.10/runpy.py", line 196, in _run_module_as_main
Traceback (most recent call last):
  File "/work/apac4/miniforge3/envs/apac-hpc-xbx/lib/python3.10/runpy.py", line 196, in _run_module_as_main
Traceback (most recent call last):
  File "/work/apac4/miniforge3/envs/apac-hpc-xbx/lib/python3.10/runpy.py", line 196, in _run_module_as_main
Traceback (most recent call last):
  File "/work/apac4/miniforge3/envs/apac-hpc-xbx/lib/python3.10/runpy.py", line 196, in _run_module_as_main
Traceback (most recent call last):
  File "/work/apac4/miniforge3/envs/apac-hpc-xbx/lib/python3.10/runpy.py", line 196, in _run_module_as_main
Traceback (most recent call last):
  File "/work/apac4/miniforge3/envs/apac-hpc-xbx/lib/python3.10/runpy.py", line 196, in _run_module_as_main
Traceback (most recent call last):
  File "/work/apac4/miniforge3/envs/apac-hpc-xbx/lib/python3.10/runpy.py", line 196, in _run_module_as_main
Traceback (most recent call last):
  File "/work/apac4/miniforge3/envs/apac-hpc-xbx/lib/python3.10/runpy.py", line 196, in _run_module_as_main
Traceback (most recent call last):
  File "/work/apac4/miniforge3/envs/apac-hpc-xbx/lib/python3.10/runpy.py", line 196, in _run_module_as_main
Traceback (most recent call last):
  File "/work/apac4/miniforge3/envs/apac-hpc-xbx/lib/python3.10/runpy.py", line 196, in _run_module_as_main
Traceback (most recent call last):
  File "/work/apac4/miniforge3/envs/apac-hpc-xbx/lib/python3.10/runpy.py", line 196, in _run_module_as_main
Traceback (most recent call last):
  File "/work/apac4/miniforge3/envs/apac-hpc-xbx/lib/python3.10/runpy.py", line 196, in _run_module_as_main
Traceback (most recent call last):
  File "/work/apac4/miniforge3/envs/apac-hpc-xbx/lib/python3.10/runpy.py", line 196, in _run_module_as_main
Traceback (most recent call last):
  File "/work/apac4/miniforge3/envs/apac-hpc-xbx/lib/python3.10/runpy.py", line 196, in _run_module_as_main
Traceback (most recent call last):
  File "/work/apac4/miniforge3/envs/apac-hpc-xbx/lib/python3.10/runpy.py", line 196, in _run_module_as_main
Traceback (most recent call last):
  File "/work/apac4/miniforge3/envs/apac-hpc-xbx/lib/python3.10/runpy.py", line 196, in _run_module_as_main
Traceback (most recent call last):
  File "/work/apac4/miniforge3/envs/apac-hpc-xbx/lib/python3.10/runpy.py", line 196, in _run_module_as_main
Traceback (most recent call last):
  File "/work/apac4/miniforge3/envs/apac-hpc-xbx/lib/python3.10/runpy.py", line 196, in _run_module_as_main
Traceback (most recent call last):
  File "/work/apac4/miniforge3/envs/apac-hpc-xbx/lib/python3.10/runpy.py", line 196, in _run_module_as_main
Traceback (most recent call last):
  File "/work/apac4/miniforge3/envs/apac-hpc-xbx/lib/python3.10/runpy.py", line 196, in _run_module_as_main
Traceback (most recent call last):
  File "/work/apac4/miniforge3/envs/apac-hpc-xbx/lib/python3.10/runpy.py", line 196, in _run_module_as_main
Traceback (most recent call last):
  File "/work/apac4/miniforge3/envs/apac-hpc-xbx/lib/python3.10/runpy.py", line 196, in _run_module_as_main
Traceback (most recent call last):
  File "/work/apac4/miniforge3/envs/apac-hpc-xbx/lib/python3.10/runpy.py", line 196, in _run_module_as_main
Traceback (most recent call last):
  File "/work/apac4/miniforge3/envs/apac-hpc-xbx/lib/python3.10/runpy.py", line 196, in _run_module_as_main
Traceback (most recent call last):
  File "/work/apac4/miniforge3/envs/apac-hpc-xbx/lib/python3.10/runpy.py", line 196, in _run_module_as_main
Traceback (most recent call last):
  File "/work/apac4/miniforge3/envs/apac-hpc-xbx/lib/python3.10/runpy.py", line 196, in _run_module_as_main
Traceback (most recent call last):
  File "/work/apac4/miniforge3/envs/apac-hpc-xbx/lib/python3.10/runpy.py", line 196, in _run_module_as_main
Traceback (most recent call last):
  File "/work/apac4/miniforge3/envs/apac-hpc-xbx/lib/python3.10/runpy.py", line 196, in _run_module_as_main
Traceback (most recent call last):
  File "/work/apac4/miniforge3/envs/apac-hpc-xbx/lib/python3.10/runpy.py", line 196, in _run_module_as_main
Traceback (most recent call last):
  File "/work/apac4/miniforge3/envs/apac-hpc-xbx/lib/python3.10/runpy.py", line 196, in _run_module_as_main
Traceback (most recent call last):
  File "/work/apac4/miniforge3/envs/apac-hpc-xbx/lib/python3.10/runpy.py", line 196, in _run_module_as_main
Traceback (most recent call last):
  File "/work/apac4/miniforge3/envs/apac-hpc-xbx/lib/python3.10/runpy.py", line 196, in _run_module_as_main
Traceback (most recent call last):
  File "/work/apac4/miniforge3/envs/apac-hpc-xbx/lib/python3.10/runpy.py", line 196, in _run_module_as_main
Traceback (most recent call last):
  File "/work/apac4/miniforge3/envs/apac-hpc-xbx/lib/python3.10/runpy.py", line 196, in _run_module_as_main
Traceback (most recent call last):
  File "/work/apac4/miniforge3/envs/apac-hpc-xbx/lib/python3.10/runpy.py", line 196, in _run_module_as_main
Traceback (most recent call last):
  File "/work/apac4/miniforge3/envs/apac-hpc-xbx/lib/python3.10/runpy.py", line 196, in _run_module_as_main
Traceback (most recent call last):
  File "/work/apac4/miniforge3/envs/apac-hpc-xbx/lib/python3.10/runpy.py", line 196, in _run_module_as_main
Traceback (most recent call last):
  File "/work/apac4/miniforge3/envs/apac-hpc-xbx/lib/python3.10/runpy.py", line 196, in _run_module_as_main
Traceback (most recent call last):
  File "/work/apac4/miniforge3/envs/apac-hpc-xbx/lib/python3.10/runpy.py", line 196, in _run_module_as_main
Traceback (most recent call last):
  File "/work/apac4/miniforge3/envs/apac-hpc-xbx/lib/python3.10/runpy.py", line 196, in _run_module_as_main
Traceback (most recent call last):
  File "/work/apac4/miniforge3/envs/apac-hpc-xbx/lib/python3.10/runpy.py", line 196, in _run_module_as_main
Traceback (most recent call last):
  File "/work/apac4/miniforge3/envs/apac-hpc-xbx/lib/python3.10/runpy.py", line 196, in _run_module_as_main
Traceback (most recent call last):
  File "/work/apac4/miniforge3/envs/apac-hpc-xbx/lib/python3.10/runpy.py", line 196, in _run_module_as_main
Traceback (most recent call last):
  File "/work/apac4/miniforge3/envs/apac-hpc-xbx/lib/python3.10/runpy.py", line 196, in _run_module_as_main
Traceback (most recent call last):
  File "/work/apac4/miniforge3/envs/apac-hpc-xbx/lib/python3.10/runpy.py", line 196, in _run_module_as_main
Traceback (most recent call last):
  File "/work/apac4/miniforge3/envs/apac-hpc-xbx/lib/python3.10/runpy.py", line 196, in _run_module_as_main
Traceback (most recent call last):
  File "/work/apac4/miniforge3/envs/apac-hpc-xbx/lib/python3.10/runpy.py", line 196, in _run_module_as_main
Traceback (most recent call last):
  File "/work/apac4/miniforge3/envs/apac-hpc-xbx/lib/python3.10/runpy.py", line 196, in _run_module_as_main
Traceback (most recent call last):
  File "/work/apac4/miniforge3/envs/apac-hpc-xbx/lib/python3.10/runpy.py", line 196, in _run_module_as_main
Traceback (most recent call last):
  File "/work/apac4/miniforge3/envs/apac-hpc-xbx/lib/python3.10/runpy.py", line 196, in _run_module_as_main
Traceback (most recent call last):
  File "/work/apac4/miniforge3/envs/apac-hpc-xbx/lib/python3.10/runpy.py", line 196, in _run_module_as_main
Traceback (most recent call last):
  File "/work/apac4/miniforge3/envs/apac-hpc-xbx/lib/python3.10/runpy.py", line 196, in _run_module_as_main
Traceback (most recent call last):
  File "/work/apac4/miniforge3/envs/apac-hpc-xbx/lib/python3.10/runpy.py", line 196, in _run_module_as_main
Traceback (most recent call last):
  File "/work/apac4/miniforge3/envs/apac-hpc-xbx/lib/python3.10/runpy.py", line 196, in _run_module_as_main
Traceback (most recent call last):
  File "/work/apac4/miniforge3/envs/apac-hpc-xbx/lib/python3.10/runpy.py", line 196, in _run_module_as_main
Traceback (most recent call last):
  File "/work/apac4/miniforge3/envs/apac-hpc-xbx/lib/python3.10/runpy.py", line 196, in _run_module_as_main
Traceback (most recent call last):
  File "/work/apac4/miniforge3/envs/apac-hpc-xbx/lib/python3.10/runpy.py", line 196, in _run_module_as_main
Traceback (most recent call last):
  File "/work/apac4/miniforge3/envs/apac-hpc-xbx/lib/python3.10/runpy.py", line 196, in _run_module_as_main
Traceback (most recent call last):
  File "/work/apac4/miniforge3/envs/apac-hpc-xbx/lib/python3.10/runpy.py", line 196, in _run_module_as_main
Traceback (most recent call last):
  File "/work/apac4/miniforge3/envs/apac-hpc-xbx/lib/python3.10/runpy.py", line 196, in _run_module_as_main
Traceback (most recent call last):
  File "/work/apac4/miniforge3/envs/apac-hpc-xbx/lib/python3.10/runpy.py", line 196, in _run_module_as_main
Traceback (most recent call last):
  File "/work/apac4/miniforge3/envs/apac-hpc-xbx/lib/python3.10/runpy.py", line 196, in _run_module_as_main
Traceback (most recent call last):
  File "/work/apac4/miniforge3/envs/apac-hpc-xbx/lib/python3.10/runpy.py", line 196, in _run_module_as_main
Traceback (most recent call last):
  File "/work/apac4/miniforge3/envs/apac-hpc-xbx/lib/python3.10/runpy.py", line 196, in _run_module_as_main
Traceback (most recent call last):
  File "/work/apac4/miniforge3/envs/apac-hpc-xbx/lib/python3.10/runpy.py", line 196, in _run_module_as_main
Traceback (most recent call last):
  File "/work/apac4/miniforge3/envs/apac-hpc-xbx/lib/python3.10/runpy.py", line 196, in _run_module_as_main
Traceback (most recent call last):
  File "/work/apac4/miniforge3/envs/apac-hpc-xbx/lib/python3.10/runpy.py", line 196, in _run_module_as_main
Traceback (most recent call last):
  File "/work/apac4/miniforge3/envs/apac-hpc-xbx/lib/python3.10/runpy.py", line 196, in _run_module_as_main
Traceback (most recent call last):
  File "/work/apac4/miniforge3/envs/apac-hpc-xbx/lib/python3.10/runpy.py", line 196, in _run_module_as_main
Traceback (most recent call last):
  File "/work/apac4/miniforge3/envs/apac-hpc-xbx/lib/python3.10/runpy.py", line 196, in _run_module_as_main
Traceback (most recent call last):
  File "/work/apac4/miniforge3/envs/apac-hpc-xbx/lib/python3.10/runpy.py", line 196, in _run_module_as_main
Traceback (most recent call last):
  File "/work/apac4/miniforge3/envs/apac-hpc-xbx/lib/python3.10/runpy.py", line 196, in _run_module_as_main
Traceback (most recent call last):
  File "/work/apac4/miniforge3/envs/apac-hpc-xbx/lib/python3.10/runpy.py", line 196, in _run_module_as_main
Traceback (most recent call last):
  File "/work/apac4/miniforge3/envs/apac-hpc-xbx/lib/python3.10/runpy.py", line 196, in _run_module_as_main
Traceback (most recent call last):
  File "/work/apac4/miniforge3/envs/apac-hpc-xbx/lib/python3.10/runpy.py", line 196, in _run_module_as_main
Traceback (most recent call last):
Traceback (most recent call last):
  File "/work/apac4/miniforge3/envs/apac-hpc-xbx/lib/python3.10/runpy.py", line 196, in _run_module_as_main
Traceback (most recent call last):
  File "/work/apac4/miniforge3/envs/apac-hpc-xbx/lib/python3.10/runpy.py", line 196, in _run_module_as_main
Traceback (most recent call last):
Traceback (most recent call last):
  File "/work/apac4/miniforge3/envs/apac-hpc-xbx/lib/python3.10/runpy.py", line 196, in _run_module_as_main
Traceback (most recent call last):
  File "/work/apac4/miniforge3/envs/apac-hpc-xbx/lib/python3.10/runpy.py", line 196, in _run_module_as_main
  File "/work/apac4/miniforge3/envs/apac-hpc-xbx/lib/python3.10/runpy.py", line 196, in _run_module_as_main
Traceback (most recent call last):
  File "/work/apac4/miniforge3/envs/apac-hpc-xbx/lib/python3.10/runpy.py", line 196, in _run_module_as_main
Traceback (most recent call last):
  File "/work/apac4/miniforge3/envs/apac-hpc-xbx/lib/python3.10/runpy.py", line 196, in _run_module_as_main
Traceback (most recent call last):
  File "/work/apac4/miniforge3/envs/apac-hpc-xbx/lib/python3.10/runpy.py", line 196, in _run_module_as_main
Traceback (most recent call last):
  File "/work/apac4/miniforge3/envs/apac-hpc-xbx/lib/python3.10/runpy.py", line 196, in _run_module_as_main
Traceback (most recent call last):
  File "/work/apac4/miniforge3/envs/apac-hpc-xbx/lib/python3.10/runpy.py", line 196, in _run_module_as_main
  File "/work/apac4/miniforge3/envs/apac-hpc-xbx/lib/python3.10/runpy.py", line 196, in _run_module_as_main
Traceback (most recent call last):
  File "/work/apac4/miniforge3/envs/apac-hpc-xbx/lib/python3.10/runpy.py", line 196, in _run_module_as_main
Traceback (most recent call last):
  File "/work/apac4/miniforge3/envs/apac-hpc-xbx/lib/python3.10/runpy.py", line 196, in _run_module_as_main
Traceback (most recent call last):
  File "/work/apac4/miniforge3/envs/apac-hpc-xbx/lib/python3.10/runpy.py", line 196, in _run_module_as_main
Traceback (most recent call last):
  File "/work/apac4/miniforge3/envs/apac-hpc-xbx/lib/python3.10/runpy.py", line 196, in _run_module_as_main
Traceback (most recent call last):
  File "/work/apac4/miniforge3/envs/apac-hpc-xbx/lib/python3.10/runpy.py", line 196, in _run_module_as_main
Traceback (most recent call last):
  File "/work/apac4/miniforge3/envs/apac-hpc-xbx/lib/python3.10/runpy.py", line 196, in _run_module_as_main
Traceback (most recent call last):
  File "/work/apac4/miniforge3/envs/apac-hpc-xbx/lib/python3.10/runpy.py", line 196, in _run_module_as_main
    return _run_code(code, main_globals, None,
  File "/work/apac4/miniforge3/envs/apac-hpc-xbx/lib/python3.10/runpy.py", line 86, in _run_code
    return _run_code(code, main_globals, None,
  File "/work/apac4/miniforge3/envs/apac-hpc-xbx/lib/python3.10/runpy.py", line 86, in _run_code
    return _run_code(code, main_globals, None,
  File "/work/apac4/miniforge3/envs/apac-hpc-xbx/lib/python3.10/runpy.py", line 86, in _run_code
    return _run_code(code, main_globals, None,
  File "/work/apac4/miniforge3/envs/apac-hpc-xbx/lib/python3.10/runpy.py", line 86, in _run_code
    return _run_code(code, main_globals, None,
  File "/work/apac4/miniforge3/envs/apac-hpc-xbx/lib/python3.10/runpy.py", line 86, in _run_code
    exec(code, run_globals)
  File "/work/apac4/xbx/apac/hpc/hoomd-benchmarks/hoomd_benchmarks/md_pair_wca.py", line 33, in <module>
    exec(code, run_globals)
  File "/work/apac4/xbx/apac/hpc/hoomd-benchmarks/hoomd_benchmarks/md_pair_wca.py", line 33, in <module>
    return _run_code(code, main_globals, None,
  File "/work/apac4/miniforge3/envs/apac-hpc-xbx/lib/python3.10/runpy.py", line 86, in _run_code
    exec(code, run_globals)
  File "/work/apac4/xbx/apac/hpc/hoomd-benchmarks/hoomd_benchmarks/md_pair_wca.py", line 33, in <module>
    exec(code, run_globals)
  File "/work/apac4/xbx/apac/hpc/hoomd-benchmarks/hoomd_benchmarks/md_pair_wca.py", line 33, in <module>
    exec(code, run_globals)
  File "/work/apac4/xbx/apac/hpc/hoomd-benchmarks/hoomd_benchmarks/md_pair_wca.py", line 33, in <module>
    return _run_code(code, main_globals, None,
  File "/work/apac4/miniforge3/envs/apac-hpc-xbx/lib/python3.10/runpy.py", line 86, in _run_code
    exec(code, run_globals)
  File "/work/apac4/xbx/apac/hpc/hoomd-benchmarks/hoomd_benchmarks/md_pair_wca.py", line 33, in <module>
    return _run_code(code, main_globals, None,
  File "/work/apac4/miniforge3/envs/apac-hpc-xbx/lib/python3.10/runpy.py", line 86, in _run_code
    exec(code, run_globals)
  File "/work/apac4/xbx/apac/hpc/hoomd-benchmarks/hoomd_benchmarks/md_pair_wca.py", line 33, in <module>
    return _run_code(code, main_globals, None,
    return _run_code(code, main_globals, None,
    return _run_code(code, main_globals, None,
  File "/work/apac4/miniforge3/envs/apac-hpc-xbx/lib/python3.10/runpy.py", line 86, in _run_code
  File "/work/apac4/miniforge3/envs/apac-hpc-xbx/lib/python3.10/runpy.py", line 86, in _run_code
    return _run_code(code, main_globals, None,
  File "/work/apac4/miniforge3/envs/apac-hpc-xbx/lib/python3.10/runpy.py", line 86, in _run_code
    exec(code, run_globals)
  File "/work/apac4/xbx/apac/hpc/hoomd-benchmarks/hoomd_benchmarks/md_pair_wca.py", line 33, in <module>
    return _run_code(code, main_globals, None,
  File "/work/apac4/miniforge3/envs/apac-hpc-xbx/lib/python3.10/runpy.py", line 86, in _run_code
    exec(code, run_globals)
  File "/work/apac4/xbx/apac/hpc/hoomd-benchmarks/hoomd_benchmarks/md_pair_wca.py", line 33, in <module>
    MDPairWCA.main()
  File "/work/apac4/xbx/apac/hpc/hoomd-benchmarks/hoomd_benchmarks/common.py", line 219, in main
    MDPairWCA.main()
  File "/work/apac4/xbx/apac/hpc/hoomd-benchmarks/hoomd_benchmarks/common.py", line 219, in main
    MDPairWCA.main()
  File "/work/apac4/xbx/apac/hpc/hoomd-benchmarks/hoomd_benchmarks/common.py", line 219, in main
  File "/work/apac4/miniforge3/envs/apac-hpc-xbx/lib/python3.10/runpy.py", line 86, in _run_code
    return _run_code(code, main_globals, None,
    MDPairWCA.main()
  File "/work/apac4/xbx/apac/hpc/hoomd-benchmarks/hoomd_benchmarks/common.py", line 219, in main
    return _run_code(code, main_globals, None,
  File "/work/apac4/miniforge3/envs/apac-hpc-xbx/lib/python3.10/runpy.py", line 86, in _run_code
  File "/work/apac4/miniforge3/envs/apac-hpc-xbx/lib/python3.10/runpy.py", line 86, in _run_code
    return _run_code(code, main_globals, None,
  File "/work/apac4/miniforge3/envs/apac-hpc-xbx/lib/python3.10/runpy.py", line 86, in _run_code
    MDPairWCA.main()
  File "/work/apac4/xbx/apac/hpc/hoomd-benchmarks/hoomd_benchmarks/common.py", line 219, in main
    return _run_code(code, main_globals, None,
  File "/work/apac4/miniforge3/envs/apac-hpc-xbx/lib/python3.10/runpy.py", line 86, in _run_code
    MDPairWCA.main()
  File "/work/apac4/xbx/apac/hpc/hoomd-benchmarks/hoomd_benchmarks/common.py", line 219, in main
    return _run_code(code, main_globals, None,
  File "/work/apac4/miniforge3/envs/apac-hpc-xbx/lib/python3.10/runpy.py", line 86, in _run_code
    return _run_code(code, main_globals, None,
    return _run_code(code, main_globals, None,
  File "/work/apac4/miniforge3/envs/apac-hpc-xbx/lib/python3.10/runpy.py", line 86, in _run_code
    MDPairWCA.main()
  File "/work/apac4/xbx/apac/hpc/hoomd-benchmarks/hoomd_benchmarks/common.py", line 219, in main
    return _run_code(code, main_globals, None,
  File "/work/apac4/miniforge3/envs/apac-hpc-xbx/lib/python3.10/runpy.py", line 86, in _run_code
  File "/work/apac4/miniforge3/envs/apac-hpc-xbx/lib/python3.10/runpy.py", line 86, in _run_code
    return _run_code(code, main_globals, None,
  File "/work/apac4/miniforge3/envs/apac-hpc-xbx/lib/python3.10/runpy.py", line 86, in _run_code
    return _run_code(code, main_globals, None,
  File "/work/apac4/miniforge3/envs/apac-hpc-xbx/lib/python3.10/runpy.py", line 86, in _run_code
    return _run_code(code, main_globals, None,
  File "/work/apac4/miniforge3/envs/apac-hpc-xbx/lib/python3.10/runpy.py", line 86, in _run_code
    exec(code, run_globals)
  File "/work/apac4/xbx/apac/hpc/hoomd-benchmarks/hoomd_benchmarks/md_pair_wca.py", line 33, in <module>
    return _run_code(code, main_globals, None,
  File "/work/apac4/miniforge3/envs/apac-hpc-xbx/lib/python3.10/runpy.py", line 86, in _run_code
    exec(code, run_globals)
  File "/work/apac4/xbx/apac/hpc/hoomd-benchmarks/hoomd_benchmarks/md_pair_wca.py", line 33, in <module>
    exec(code, run_globals)
  File "/work/apac4/xbx/apac/hpc/hoomd-benchmarks/hoomd_benchmarks/md_pair_wca.py", line 33, in <module>
    return _run_code(code, main_globals, None,
  File "/work/apac4/miniforge3/envs/apac-hpc-xbx/lib/python3.10/runpy.py", line 86, in _run_code
    return _run_code(code, main_globals, None,
  File "/work/apac4/miniforge3/envs/apac-hpc-xbx/lib/python3.10/runpy.py", line 86, in _run_code
    return _run_code(code, main_globals, None,
  File "/work/apac4/miniforge3/envs/apac-hpc-xbx/lib/python3.10/runpy.py", line 86, in _run_code
    return _run_code(code, main_globals, None,
  File "/work/apac4/miniforge3/envs/apac-hpc-xbx/lib/python3.10/runpy.py", line 86, in _run_code
    return _run_code(code, main_globals, None,
  File "/work/apac4/miniforge3/envs/apac-hpc-xbx/lib/python3.10/runpy.py", line 86, in _run_code
    exec(code, run_globals)
  File "/work/apac4/xbx/apac/hpc/hoomd-benchmarks/hoomd_benchmarks/md_pair_wca.py", line 33, in <module>
    exec(code, run_globals)
  File "/work/apac4/xbx/apac/hpc/hoomd-benchmarks/hoomd_benchmarks/md_pair_wca.py", line 33, in <module>
    return _run_code(code, main_globals, None,
  File "/work/apac4/miniforge3/envs/apac-hpc-xbx/lib/python3.10/runpy.py", line 86, in _run_code
    MDPairWCA.main()
  File "/work/apac4/xbx/apac/hpc/hoomd-benchmarks/hoomd_benchmarks/common.py", line 219, in main
    return _run_code(code, main_globals, None,
  File "/work/apac4/miniforge3/envs/apac-hpc-xbx/lib/python3.10/runpy.py", line 86, in _run_code
    return _run_code(code, main_globals, None,
  File "/work/apac4/miniforge3/envs/apac-hpc-xbx/lib/python3.10/runpy.py", line 86, in _run_code
    return _run_code(code, main_globals, None,
    exec(code, run_globals)
  File "/work/apac4/xbx/apac/hpc/hoomd-benchmarks/hoomd_benchmarks/md_pair_wca.py", line 33, in <module>
    MDPairWCA.main()
  File "/work/apac4/xbx/apac/hpc/hoomd-benchmarks/hoomd_benchmarks/common.py", line 219, in main
    exec(code, run_globals)
  File "/work/apac4/xbx/apac/hpc/hoomd-benchmarks/hoomd_benchmarks/md_pair_wca.py", line 33, in <module>
    MDPairWCA.main()
  File "/work/apac4/xbx/apac/hpc/hoomd-benchmarks/hoomd_benchmarks/common.py", line 219, in main
    MDPairWCA.main()
  File "/work/apac4/xbx/apac/hpc/hoomd-benchmarks/hoomd_benchmarks/common.py", line 219, in main
    exec(code, run_globals)
  File "/work/apac4/xbx/apac/hpc/hoomd-benchmarks/hoomd_benchmarks/md_pair_wca.py", line 33, in <module>
    exec(code, run_globals)
  File "/work/apac4/xbx/apac/hpc/hoomd-benchmarks/hoomd_benchmarks/md_pair_wca.py", line 33, in <module>
  File "/work/apac4/miniforge3/envs/apac-hpc-xbx/lib/python3.10/runpy.py", line 86, in _run_code
    exec(code, run_globals)
  File "/work/apac4/xbx/apac/hpc/hoomd-benchmarks/hoomd_benchmarks/md_pair_wca.py", line 33, in <module>
    exec(code, run_globals)
  File "/work/apac4/xbx/apac/hpc/hoomd-benchmarks/hoomd_benchmarks/md_pair_wca.py", line 33, in <module>
    MDPairWCA.main()
  File "/work/apac4/xbx/apac/hpc/hoomd-benchmarks/hoomd_benchmarks/common.py", line 219, in main
    MDPairWCA.main()
  File "/work/apac4/xbx/apac/hpc/hoomd-benchmarks/hoomd_benchmarks/common.py", line 219, in main
    MDPairWCA.main()
  File "/work/apac4/xbx/apac/hpc/hoomd-benchmarks/hoomd_benchmarks/common.py", line 219, in main
    return _run_code(code, main_globals, None,
  File "/work/apac4/miniforge3/envs/apac-hpc-xbx/lib/python3.10/runpy.py", line 86, in _run_code
    exec(code, run_globals)
  File "/work/apac4/xbx/apac/hpc/hoomd-benchmarks/hoomd_benchmarks/md_pair_wca.py", line 33, in <module>
    exec(code, run_globals)
  File "/work/apac4/xbx/apac/hpc/hoomd-benchmarks/hoomd_benchmarks/md_pair_wca.py", line 33, in <module>
    MDPairWCA.main()
  File "/work/apac4/xbx/apac/hpc/hoomd-benchmarks/hoomd_benchmarks/common.py", line 219, in main
    MDPairWCA.main()
  File "/work/apac4/xbx/apac/hpc/hoomd-benchmarks/hoomd_benchmarks/common.py", line 219, in main
    exec(code, run_globals)
  File "/work/apac4/xbx/apac/hpc/hoomd-benchmarks/hoomd_benchmarks/md_pair_wca.py", line 33, in <module>
    exec(code, run_globals)
  File "/work/apac4/xbx/apac/hpc/hoomd-benchmarks/hoomd_benchmarks/md_pair_wca.py", line 33, in <module>
    return _run_code(code, main_globals, None,
  File "/work/apac4/miniforge3/envs/apac-hpc-xbx/lib/python3.10/runpy.py", line 86, in _run_code
    return _run_code(code, main_globals, None,
  File "/work/apac4/miniforge3/envs/apac-hpc-xbx/lib/python3.10/runpy.py", line 86, in _run_code
    return _run_code(code, main_globals, None,
  File "/work/apac4/miniforge3/envs/apac-hpc-xbx/lib/python3.10/runpy.py", line 86, in _run_code
    MDPairWCA.main()
    exec(code, run_globals)
  File "/work/apac4/xbx/apac/hpc/hoomd-benchmarks/hoomd_benchmarks/md_pair_wca.py", line 33, in <module>
    exec(code, run_globals)
  File "/work/apac4/xbx/apac/hpc/hoomd-benchmarks/hoomd_benchmarks/md_pair_wca.py", line 33, in <module>
    exec(code, run_globals)
  File "/work/apac4/xbx/apac/hpc/hoomd-benchmarks/hoomd_benchmarks/md_pair_wca.py", line 33, in <module>
    exec(code, run_globals)
  File "/work/apac4/xbx/apac/hpc/hoomd-benchmarks/hoomd_benchmarks/md_pair_wca.py", line 33, in <module>
    return _run_code(code, main_globals, None,
  File "/work/apac4/miniforge3/envs/apac-hpc-xbx/lib/python3.10/runpy.py", line 86, in _run_code
  File "/work/apac4/xbx/apac/hpc/hoomd-benchmarks/hoomd_benchmarks/common.py", line 219, in main
    return _run_code(code, main_globals, None,
  File "/work/apac4/miniforge3/envs/apac-hpc-xbx/lib/python3.10/runpy.py", line 86, in _run_code
    MDPairWCA.main()
  File "/work/apac4/xbx/apac/hpc/hoomd-benchmarks/hoomd_benchmarks/common.py", line 219, in main
    return _run_code(code, main_globals, None,
  File "/work/apac4/miniforge3/envs/apac-hpc-xbx/lib/python3.10/runpy.py", line 86, in _run_code
    exec(code, run_globals)
  File "/work/apac4/xbx/apac/hpc/hoomd-benchmarks/hoomd_benchmarks/md_pair_wca.py", line 33, in <module>
    exec(code, run_globals)
  File "/work/apac4/xbx/apac/hpc/hoomd-benchmarks/hoomd_benchmarks/md_pair_wca.py", line 33, in <module>
    return _run_code(code, main_globals, None,
  File "/work/apac4/miniforge3/envs/apac-hpc-xbx/lib/python3.10/runpy.py", line 86, in _run_code
    exec(code, run_globals)
    MDPairWCA.main()
  File "/work/apac4/xbx/apac/hpc/hoomd-benchmarks/hoomd_benchmarks/common.py", line 219, in main
    exec(code, run_globals)
  File "/work/apac4/xbx/apac/hpc/hoomd-benchmarks/hoomd_benchmarks/md_pair_wca.py", line 33, in <module>
  File "/work/apac4/xbx/apac/hpc/hoomd-benchmarks/hoomd_benchmarks/md_pair_wca.py", line 33, in <module>
    MDPairWCA.main()
  File "/work/apac4/xbx/apac/hpc/hoomd-benchmarks/hoomd_benchmarks/common.py", line 219, in main
    MDPairWCA.main()
  File "/work/apac4/xbx/apac/hpc/hoomd-benchmarks/hoomd_benchmarks/common.py", line 219, in main
    return _run_code(code, main_globals, None,
  File "/work/apac4/miniforge3/envs/apac-hpc-xbx/lib/python3.10/runpy.py", line 86, in _run_code
    MDPairWCA.main()
  File "/work/apac4/xbx/apac/hpc/hoomd-benchmarks/hoomd_benchmarks/common.py", line 219, in main
    MDPairWCA.main()
  File "/work/apac4/xbx/apac/hpc/hoomd-benchmarks/hoomd_benchmarks/common.py", line 219, in main
    MDPairWCA.main()
    exec(code, run_globals)
  File "/work/apac4/xbx/apac/hpc/hoomd-benchmarks/hoomd_benchmarks/md_pair_wca.py", line 33, in <module>
  File "/work/apac4/xbx/apac/hpc/hoomd-benchmarks/hoomd_benchmarks/common.py", line 219, in main
    MDPairWCA.main()
  File "/work/apac4/xbx/apac/hpc/hoomd-benchmarks/hoomd_benchmarks/common.py", line 219, in main
    exec(code, run_globals)
  File "/work/apac4/xbx/apac/hpc/hoomd-benchmarks/hoomd_benchmarks/md_pair_wca.py", line 33, in <module>
    return _run_code(code, main_globals, None,
  File "/work/apac4/miniforge3/envs/apac-hpc-xbx/lib/python3.10/runpy.py", line 86, in _run_code
    return _run_code(code, main_globals, None,
  File "/work/apac4/miniforge3/envs/apac-hpc-xbx/lib/python3.10/runpy.py", line 86, in _run_code
    MDPairWCA.main()
  File "/work/apac4/xbx/apac/hpc/hoomd-benchmarks/hoomd_benchmarks/common.py", line 219, in main
    exec(code, run_globals)
  File "/work/apac4/xbx/apac/hpc/hoomd-benchmarks/hoomd_benchmarks/md_pair_wca.py", line 33, in <module>
    exec(code, run_globals)
  File "/work/apac4/xbx/apac/hpc/hoomd-benchmarks/hoomd_benchmarks/md_pair_wca.py", line 33, in <module>
    exec(code, run_globals)
  File "/work/apac4/xbx/apac/hpc/hoomd-benchmarks/hoomd_benchmarks/md_pair_wca.py", line 33, in <module>
    exec(code, run_globals)
  File "/work/apac4/xbx/apac/hpc/hoomd-benchmarks/hoomd_benchmarks/md_pair_wca.py", line 33, in <module>
    exec(code, run_globals)
  File "/work/apac4/xbx/apac/hpc/hoomd-benchmarks/hoomd_benchmarks/md_pair_wca.py", line 33, in <module>
    return _run_code(code, main_globals, None,
  File "/work/apac4/miniforge3/envs/apac-hpc-xbx/lib/python3.10/runpy.py", line 86, in _run_code
    return _run_code(code, main_globals, None,
    MDPairWCA.main()
  File "/work/apac4/xbx/apac/hpc/hoomd-benchmarks/hoomd_benchmarks/common.py", line 219, in main
    return _run_code(code, main_globals, None,
  File "/work/apac4/miniforge3/envs/apac-hpc-xbx/lib/python3.10/runpy.py", line 86, in _run_code
  File "/work/apac4/miniforge3/envs/apac-hpc-xbx/lib/python3.10/runpy.py", line 86, in _run_code
    exec(code, run_globals)
  File "/work/apac4/xbx/apac/hpc/hoomd-benchmarks/hoomd_benchmarks/md_pair_wca.py", line 33, in <module>
    return _run_code(code, main_globals, None,
  File "/work/apac4/miniforge3/envs/apac-hpc-xbx/lib/python3.10/runpy.py", line 86, in _run_code
    exec(code, run_globals)
  File "/work/apac4/xbx/apac/hpc/hoomd-benchmarks/hoomd_benchmarks/md_pair_wca.py", line 33, in <module>
    return _run_code(code, main_globals, None,
  File "/work/apac4/miniforge3/envs/apac-hpc-xbx/lib/python3.10/runpy.py", line 86, in _run_code
    return _run_code(code, main_globals, None,
  File "/work/apac4/miniforge3/envs/apac-hpc-xbx/lib/python3.10/runpy.py", line 86, in _run_code
    exec(code, run_globals)
  File "/work/apac4/xbx/apac/hpc/hoomd-benchmarks/hoomd_benchmarks/md_pair_wca.py", line 33, in <module>
    return _run_code(code, main_globals, None,
  File "/work/apac4/miniforge3/envs/apac-hpc-xbx/lib/python3.10/runpy.py", line 86, in _run_code
    MDPairWCA.main()
  File "/work/apac4/xbx/apac/hpc/hoomd-benchmarks/hoomd_benchmarks/common.py", line 219, in main
    return _run_code(code, main_globals, None,
  File "/work/apac4/miniforge3/envs/apac-hpc-xbx/lib/python3.10/runpy.py", line 86, in _run_code
    MDPairWCA.main()
  File "/work/apac4/xbx/apac/hpc/hoomd-benchmarks/hoomd_benchmarks/common.py", line 219, in main
    MDPairWCA.main()
  File "/work/apac4/xbx/apac/hpc/hoomd-benchmarks/hoomd_benchmarks/common.py", line 219, in main
    MDPairWCA.main()
  File "/work/apac4/xbx/apac/hpc/hoomd-benchmarks/hoomd_benchmarks/common.py", line 219, in main
    return _run_code(code, main_globals, None,
  File "/work/apac4/miniforge3/envs/apac-hpc-xbx/lib/python3.10/runpy.py", line 86, in _run_code
    MDPairWCA.main()
  File "/work/apac4/xbx/apac/hpc/hoomd-benchmarks/hoomd_benchmarks/common.py", line 219, in main
    return _run_code(code, main_globals, None,
  File "/work/apac4/miniforge3/envs/apac-hpc-xbx/lib/python3.10/runpy.py", line 86, in _run_code
    exec(code, run_globals)
  File "/work/apac4/xbx/apac/hpc/hoomd-benchmarks/hoomd_benchmarks/md_pair_wca.py", line 33, in <module>
    exec(code, run_globals)
  File "/work/apac4/xbx/apac/hpc/hoomd-benchmarks/hoomd_benchmarks/md_pair_wca.py", line 33, in <module>
    exec(code, run_globals)
  File "/work/apac4/xbx/apac/hpc/hoomd-benchmarks/hoomd_benchmarks/md_pair_wca.py", line 33, in <module>
    return _run_code(code, main_globals, None,
  File "/work/apac4/miniforge3/envs/apac-hpc-xbx/lib/python3.10/runpy.py", line 86, in _run_code
    MDPairWCA.main()
  File "/work/apac4/xbx/apac/hpc/hoomd-benchmarks/hoomd_benchmarks/common.py", line 219, in main
    return _run_code(code, main_globals, None,
  File "/work/apac4/miniforge3/envs/apac-hpc-xbx/lib/python3.10/runpy.py", line 86, in _run_code
    MDPairWCA.main()
  File "/work/apac4/xbx/apac/hpc/hoomd-benchmarks/hoomd_benchmarks/common.py", line 219, in main
    MDPairWCA.main()
  File "/work/apac4/xbx/apac/hpc/hoomd-benchmarks/hoomd_benchmarks/common.py", line 219, in main
    return _run_code(code, main_globals, None,
  File "/work/apac4/miniforge3/envs/apac-hpc-xbx/lib/python3.10/runpy.py", line 86, in _run_code
    return _run_code(code, main_globals, None,
  File "/work/apac4/miniforge3/envs/apac-hpc-xbx/lib/python3.10/runpy.py", line 86, in _run_code
    exec(code, run_globals)
  File "/work/apac4/xbx/apac/hpc/hoomd-benchmarks/hoomd_benchmarks/md_pair_wca.py", line 33, in <module>
    return _run_code(code, main_globals, None,
  File "/work/apac4/miniforge3/envs/apac-hpc-xbx/lib/python3.10/runpy.py", line 86, in _run_code
    exec(code, run_globals)
  File "/work/apac4/xbx/apac/hpc/hoomd-benchmarks/hoomd_benchmarks/md_pair_wca.py", line 33, in <module>
    exec(code, run_globals)
  File "/work/apac4/xbx/apac/hpc/hoomd-benchmarks/hoomd_benchmarks/md_pair_wca.py", line 33, in <module>
    exec(code, run_globals)
  File "/work/apac4/xbx/apac/hpc/hoomd-benchmarks/hoomd_benchmarks/md_pair_wca.py", line 33, in <module>
    exec(code, run_globals)
  File "/work/apac4/xbx/apac/hpc/hoomd-benchmarks/hoomd_benchmarks/md_pair_wca.py", line 33, in <module>
    MDPairWCA.main()
  File "/work/apac4/xbx/apac/hpc/hoomd-benchmarks/hoomd_benchmarks/common.py", line 219, in main
    exec(code, run_globals)
  File "/work/apac4/xbx/apac/hpc/hoomd-benchmarks/hoomd_benchmarks/md_pair_wca.py", line 33, in <module>
    MDPairWCA.main()
  File "/work/apac4/xbx/apac/hpc/hoomd-benchmarks/hoomd_benchmarks/common.py", line 219, in main
    MDPairWCA.main()
  File "/work/apac4/xbx/apac/hpc/hoomd-benchmarks/hoomd_benchmarks/common.py", line 219, in main
    return _run_code(code, main_globals, None,
  File "/work/apac4/miniforge3/envs/apac-hpc-xbx/lib/python3.10/runpy.py", line 86, in _run_code
    exec(code, run_globals)
  File "/work/apac4/xbx/apac/hpc/hoomd-benchmarks/hoomd_benchmarks/md_pair_wca.py", line 33, in <module>
    return _run_code(code, main_globals, None,
  File "/work/apac4/miniforge3/envs/apac-hpc-xbx/lib/python3.10/runpy.py", line 86, in _run_code
    MDPairWCA.main()
  File "/work/apac4/xbx/apac/hpc/hoomd-benchmarks/hoomd_benchmarks/common.py", line 219, in main
    exec(code, run_globals)
  File "/work/apac4/xbx/apac/hpc/hoomd-benchmarks/hoomd_benchmarks/md_pair_wca.py", line 33, in <module>
    MDPairWCA.main()
  File "/work/apac4/xbx/apac/hpc/hoomd-benchmarks/hoomd_benchmarks/common.py", line 219, in main
    MDPairWCA.main()
  File "/work/apac4/xbx/apac/hpc/hoomd-benchmarks/hoomd_benchmarks/common.py", line 219, in main
    MDPairWCA.main()
  File "/work/apac4/xbx/apac/hpc/hoomd-benchmarks/hoomd_benchmarks/common.py", line 219, in main
    MDPairWCA.main()
  File "/work/apac4/xbx/apac/hpc/hoomd-benchmarks/hoomd_benchmarks/common.py", line 219, in main
    return _run_code(code, main_globals, None,
  File "/work/apac4/miniforge3/envs/apac-hpc-xbx/lib/python3.10/runpy.py", line 86, in _run_code
    return _run_code(code, main_globals, None,
  File "/work/apac4/miniforge3/envs/apac-hpc-xbx/lib/python3.10/runpy.py", line 86, in _run_code
    MDPairWCA.main()
  File "/work/apac4/xbx/apac/hpc/hoomd-benchmarks/hoomd_benchmarks/common.py", line 219, in main
    exec(code, run_globals)
  File "/work/apac4/xbx/apac/hpc/hoomd-benchmarks/hoomd_benchmarks/md_pair_wca.py", line 33, in <module>
    exec(code, run_globals)
  File "/work/apac4/xbx/apac/hpc/hoomd-benchmarks/hoomd_benchmarks/md_pair_wca.py", line 33, in <module>
    MDPairWCA.main()
  File "/work/apac4/xbx/apac/hpc/hoomd-benchmarks/hoomd_benchmarks/common.py", line 219, in main
    MDPairWCA.main()
  File "/work/apac4/xbx/apac/hpc/hoomd-benchmarks/hoomd_benchmarks/common.py", line 219, in main
    MDPairWCA.main()
  File "/work/apac4/xbx/apac/hpc/hoomd-benchmarks/hoomd_benchmarks/common.py", line 219, in main
    MDPairWCA.main()
  File "/work/apac4/xbx/apac/hpc/hoomd-benchmarks/hoomd_benchmarks/common.py", line 219, in main
    exec(code, run_globals)
  File "/work/apac4/xbx/apac/hpc/hoomd-benchmarks/hoomd_benchmarks/md_pair_wca.py", line 33, in <module>
    exec(code, run_globals)
  File "/work/apac4/xbx/apac/hpc/hoomd-benchmarks/hoomd_benchmarks/md_pair_wca.py", line 33, in <module>
    MDPairWCA.main()
  File "/work/apac4/xbx/apac/hpc/hoomd-benchmarks/hoomd_benchmarks/common.py", line 219, in main
    exec(code, run_globals)
  File "/work/apac4/xbx/apac/hpc/hoomd-benchmarks/hoomd_benchmarks/md_pair_wca.py", line 33, in <module>
    MDPairWCA.main()
  File "/work/apac4/xbx/apac/hpc/hoomd-benchmarks/hoomd_benchmarks/common.py", line 219, in main
    MDPairWCA.main()
  File "/work/apac4/xbx/apac/hpc/hoomd-benchmarks/hoomd_benchmarks/common.py", line 219, in main
    exec(code, run_globals)
  File "/work/apac4/xbx/apac/hpc/hoomd-benchmarks/hoomd_benchmarks/md_pair_wca.py", line 33, in <module>
    MDPairWCA.main()
  File "/work/apac4/xbx/apac/hpc/hoomd-benchmarks/hoomd_benchmarks/common.py", line 219, in main
    MDPairWCA.main()
  File "/work/apac4/xbx/apac/hpc/hoomd-benchmarks/hoomd_benchmarks/common.py", line 219, in main
    MDPairWCA.main()
  File "/work/apac4/xbx/apac/hpc/hoomd-benchmarks/hoomd_benchmarks/common.py", line 219, in main
    return _run_code(code, main_globals, None,
  File "/work/apac4/miniforge3/envs/apac-hpc-xbx/lib/python3.10/runpy.py", line 86, in _run_code
    exec(code, run_globals)
  File "/work/apac4/xbx/apac/hpc/hoomd-benchmarks/hoomd_benchmarks/md_pair_wca.py", line 33, in <module>
    MDPairWCA.main()
  File "/work/apac4/xbx/apac/hpc/hoomd-benchmarks/hoomd_benchmarks/common.py", line 219, in main
    MDPairWCA.main()
  File "/work/apac4/xbx/apac/hpc/hoomd-benchmarks/hoomd_benchmarks/common.py", line 219, in main
    return _run_code(code, main_globals, None,
  File "/work/apac4/miniforge3/envs/apac-hpc-xbx/lib/python3.10/runpy.py", line 86, in _run_code
    return _run_code(code, main_globals, None,
  File "/work/apac4/miniforge3/envs/apac-hpc-xbx/lib/python3.10/runpy.py", line 86, in _run_code
    exec(code, run_globals)
  File "/work/apac4/xbx/apac/hpc/hoomd-benchmarks/hoomd_benchmarks/md_pair_wca.py", line 33, in <module>
    MDPairWCA.main()
  File "/work/apac4/xbx/apac/hpc/hoomd-benchmarks/hoomd_benchmarks/common.py", line 219, in main
    MDPairWCA.main()
  File "/work/apac4/xbx/apac/hpc/hoomd-benchmarks/hoomd_benchmarks/common.py", line 219, in main
    return _run_code(code, main_globals, None,
  File "/work/apac4/miniforge3/envs/apac-hpc-xbx/lib/python3.10/runpy.py", line 86, in _run_code
    return _run_code(code, main_globals, None,
  File "/work/apac4/miniforge3/envs/apac-hpc-xbx/lib/python3.10/runpy.py", line 86, in _run_code
    exec(code, run_globals)
  File "/work/apac4/xbx/apac/hpc/hoomd-benchmarks/hoomd_benchmarks/md_pair_wca.py", line 33, in <module>
    MDPairWCA.main()
  File "/work/apac4/xbx/apac/hpc/hoomd-benchmarks/hoomd_benchmarks/common.py", line 219, in main
    exec(code, run_globals)
  File "/work/apac4/xbx/apac/hpc/hoomd-benchmarks/hoomd_benchmarks/md_pair_wca.py", line 33, in <module>
    MDPairWCA.main()
  File "/work/apac4/xbx/apac/hpc/hoomd-benchmarks/hoomd_benchmarks/common.py", line 219, in main
    exec(code, run_globals)
  File "/work/apac4/xbx/apac/hpc/hoomd-benchmarks/hoomd_benchmarks/md_pair_wca.py", line 33, in <module>
    MDPairWCA.main()
  File "/work/apac4/xbx/apac/hpc/hoomd-benchmarks/hoomd_benchmarks/common.py", line 219, in main
    return _run_code(code, main_globals, None,
  File "/work/apac4/miniforge3/envs/apac-hpc-xbx/lib/python3.10/runpy.py", line 86, in _run_code
    return _run_code(code, main_globals, None,
  File "/work/apac4/miniforge3/envs/apac-hpc-xbx/lib/python3.10/runpy.py", line 86, in _run_code
    exec(code, run_globals)
  File "/work/apac4/xbx/apac/hpc/hoomd-benchmarks/hoomd_benchmarks/md_pair_wca.py", line 33, in <module>
    MDPairWCA.main()
  File "/work/apac4/xbx/apac/hpc/hoomd-benchmarks/hoomd_benchmarks/common.py", line 219, in main
    MDPairWCA.main()
  File "/work/apac4/xbx/apac/hpc/hoomd-benchmarks/hoomd_benchmarks/common.py", line 219, in main
    exec(code, run_globals)
  File "/work/apac4/xbx/apac/hpc/hoomd-benchmarks/hoomd_benchmarks/md_pair_wca.py", line 33, in <module>
    exec(code, run_globals)
  File "/work/apac4/xbx/apac/hpc/hoomd-benchmarks/hoomd_benchmarks/md_pair_wca.py", line 33, in <module>
    MDPairWCA.main()
  File "/work/apac4/xbx/apac/hpc/hoomd-benchmarks/hoomd_benchmarks/common.py", line 219, in main
    return _run_code(code, main_globals, None,
    return _run_code(code, main_globals, None,
    return _run_code(code, main_globals, None,
  File "/work/apac4/miniforge3/envs/apac-hpc-xbx/lib/python3.10/runpy.py", line 86, in _run_code
  File "/work/apac4/miniforge3/envs/apac-hpc-xbx/lib/python3.10/runpy.py", line 86, in _run_code
  File "/work/apac4/miniforge3/envs/apac-hpc-xbx/lib/python3.10/runpy.py", line 86, in _run_code
    MDPairWCA.main()
  File "/work/apac4/xbx/apac/hpc/hoomd-benchmarks/hoomd_benchmarks/common.py", line 219, in main
    return _run_code(code, main_globals, None,
    exec(code, run_globals)
  File "/work/apac4/xbx/apac/hpc/hoomd-benchmarks/hoomd_benchmarks/md_pair_wca.py", line 33, in <module>
    return _run_code(code, main_globals, None,
  File "/work/apac4/miniforge3/envs/apac-hpc-xbx/lib/python3.10/runpy.py", line 86, in _run_code
  File "/work/apac4/miniforge3/envs/apac-hpc-xbx/lib/python3.10/runpy.py", line 86, in _run_code
    MDPairWCA.main()
  File "/work/apac4/xbx/apac/hpc/hoomd-benchmarks/hoomd_benchmarks/common.py", line 219, in main
    exec(code, run_globals)
  File "/work/apac4/xbx/apac/hpc/hoomd-benchmarks/hoomd_benchmarks/md_pair_wca.py", line 33, in <module>
    return _run_code(code, main_globals, None,
  File "/work/apac4/miniforge3/envs/apac-hpc-xbx/lib/python3.10/runpy.py", line 86, in _run_code
    exec(code, run_globals)
  File "/work/apac4/xbx/apac/hpc/hoomd-benchmarks/hoomd_benchmarks/md_pair_wca.py", line 33, in <module>
    MDPairWCA.main()
  File "/work/apac4/xbx/apac/hpc/hoomd-benchmarks/hoomd_benchmarks/common.py", line 219, in main
    return _run_code(code, main_globals, None,
  File "/work/apac4/miniforge3/envs/apac-hpc-xbx/lib/python3.10/runpy.py", line 86, in _run_code
    exec(code, run_globals)
  File "/work/apac4/xbx/apac/hpc/hoomd-benchmarks/hoomd_benchmarks/md_pair_wca.py", line 33, in <module>
    MDPairWCA.main()
  File "/work/apac4/xbx/apac/hpc/hoomd-benchmarks/hoomd_benchmarks/common.py", line 219, in main
    return _run_code(code, main_globals, None,
  File "/work/apac4/miniforge3/envs/apac-hpc-xbx/lib/python3.10/runpy.py", line 86, in _run_code
    MDPairWCA.main()
  File "/work/apac4/xbx/apac/hpc/hoomd-benchmarks/hoomd_benchmarks/common.py", line 219, in main
    exec(code, run_globals)
  File "/work/apac4/xbx/apac/hpc/hoomd-benchmarks/hoomd_benchmarks/md_pair_wca.py", line 33, in <module>
    return _run_code(code, main_globals, None,
  File "/work/apac4/miniforge3/envs/apac-hpc-xbx/lib/python3.10/runpy.py", line 86, in _run_code
    return _run_code(code, main_globals, None,
  File "/work/apac4/miniforge3/envs/apac-hpc-xbx/lib/python3.10/runpy.py", line 86, in _run_code
    MDPairWCA.main()
  File "/work/apac4/xbx/apac/hpc/hoomd-benchmarks/hoomd_benchmarks/common.py", line 219, in main
    exec(code, run_globals)
  File "/work/apac4/xbx/apac/hpc/hoomd-benchmarks/hoomd_benchmarks/md_pair_wca.py", line 33, in <module>
    return _run_code(code, main_globals, None,
  File "/work/apac4/miniforge3/envs/apac-hpc-xbx/lib/python3.10/runpy.py", line 86, in _run_code
    MDPairWCA.main()
  File "/work/apac4/xbx/apac/hpc/hoomd-benchmarks/hoomd_benchmarks/common.py", line 219, in main
    exec(code, run_globals)
  File "/work/apac4/xbx/apac/hpc/hoomd-benchmarks/hoomd_benchmarks/md_pair_wca.py", line 33, in <module>
    exec(code, run_globals)
  File "/work/apac4/xbx/apac/hpc/hoomd-benchmarks/hoomd_benchmarks/md_pair_wca.py", line 33, in <module>
    MDPairWCA.main()
  File "/work/apac4/xbx/apac/hpc/hoomd-benchmarks/hoomd_benchmarks/common.py", line 219, in main
    return _run_code(code, main_globals, None,
    MDPairWCA.main()
  File "/work/apac4/xbx/apac/hpc/hoomd-benchmarks/hoomd_benchmarks/common.py", line 219, in main
  File "/work/apac4/miniforge3/envs/apac-hpc-xbx/lib/python3.10/runpy.py", line 86, in _run_code
    MDPairWCA.main()
  File "/work/apac4/xbx/apac/hpc/hoomd-benchmarks/hoomd_benchmarks/common.py", line 219, in main
    return _run_code(code, main_globals, None,
    return _run_code(code, main_globals, None,
  File "/work/apac4/miniforge3/envs/apac-hpc-xbx/lib/python3.10/runpy.py", line 86, in _run_code
    MDPairWCA.main()
  File "/work/apac4/xbx/apac/hpc/hoomd-benchmarks/hoomd_benchmarks/common.py", line 219, in main
    exec(code, run_globals)
    exec(code, run_globals)
  File "/work/apac4/xbx/apac/hpc/hoomd-benchmarks/hoomd_benchmarks/md_pair_wca.py", line 33, in <module>
    return _run_code(code, main_globals, None,
  File "/work/apac4/miniforge3/envs/apac-hpc-xbx/lib/python3.10/runpy.py", line 86, in _run_code
  File "/work/apac4/miniforge3/envs/apac-hpc-xbx/lib/python3.10/runpy.py", line 86, in _run_code
  File "/work/apac4/xbx/apac/hpc/hoomd-benchmarks/hoomd_benchmarks/md_pair_wca.py", line 33, in <module>
    MDPairWCA.main()
  File "/work/apac4/xbx/apac/hpc/hoomd-benchmarks/hoomd_benchmarks/common.py", line 219, in main
    exec(code, run_globals)
  File "/work/apac4/xbx/apac/hpc/hoomd-benchmarks/hoomd_benchmarks/md_pair_wca.py", line 33, in <module>
    return _run_code(code, main_globals, None,
  File "/work/apac4/miniforge3/envs/apac-hpc-xbx/lib/python3.10/runpy.py", line 86, in _run_code
    MDPairWCA.main()
  File "/work/apac4/xbx/apac/hpc/hoomd-benchmarks/hoomd_benchmarks/common.py", line 219, in main
    return _run_code(code, main_globals, None,
    exec(code, run_globals)
  File "/work/apac4/xbx/apac/hpc/hoomd-benchmarks/hoomd_benchmarks/md_pair_wca.py", line 33, in <module>
  File "/work/apac4/miniforge3/envs/apac-hpc-xbx/lib/python3.10/runpy.py", line 86, in _run_code
    MDPairWCA.main()
  File "/work/apac4/xbx/apac/hpc/hoomd-benchmarks/hoomd_benchmarks/common.py", line 219, in main
    exec(code, run_globals)
  File "/work/apac4/xbx/apac/hpc/hoomd-benchmarks/hoomd_benchmarks/md_pair_wca.py", line 33, in <module>
    MDPairWCA.main()
  File "/work/apac4/xbx/apac/hpc/hoomd-benchmarks/hoomd_benchmarks/common.py", line 219, in main
    exec(code, run_globals)
  File "/work/apac4/xbx/apac/hpc/hoomd-benchmarks/hoomd_benchmarks/md_pair_wca.py", line 33, in <module>
    MDPairWCA.main()
  File "/work/apac4/xbx/apac/hpc/hoomd-benchmarks/hoomd_benchmarks/common.py", line 219, in main
    exec(code, run_globals)
  File "/work/apac4/xbx/apac/hpc/hoomd-benchmarks/hoomd_benchmarks/md_pair_wca.py", line 33, in <module>
    exec(code, run_globals)
  File "/work/apac4/xbx/apac/hpc/hoomd-benchmarks/hoomd_benchmarks/md_pair_wca.py", line 33, in <module>
    MDPairWCA.main()
  File "/work/apac4/xbx/apac/hpc/hoomd-benchmarks/hoomd_benchmarks/common.py", line 219, in main
    return _run_code(code, main_globals, None,
  File "/work/apac4/miniforge3/envs/apac-hpc-xbx/lib/python3.10/runpy.py", line 86, in _run_code
    exec(code, run_globals)
  File "/work/apac4/xbx/apac/hpc/hoomd-benchmarks/hoomd_benchmarks/md_pair_wca.py", line 33, in <module>
    return _run_code(code, main_globals, None,
  File "/work/apac4/miniforge3/envs/apac-hpc-xbx/lib/python3.10/runpy.py", line 86, in _run_code
    exec(code, run_globals)
  File "/work/apac4/xbx/apac/hpc/hoomd-benchmarks/hoomd_benchmarks/md_pair_wca.py", line 33, in <module>
    MDPairWCA.main()
  File "/work/apac4/xbx/apac/hpc/hoomd-benchmarks/hoomd_benchmarks/common.py", line 219, in main
    return _run_code(code, main_globals, None,
  File "/work/apac4/miniforge3/envs/apac-hpc-xbx/lib/python3.10/runpy.py", line 86, in _run_code
    return _run_code(code, main_globals, None,
  File "/work/apac4/miniforge3/envs/apac-hpc-xbx/lib/python3.10/runpy.py", line 86, in _run_code
    MDPairWCA.main()
  File "/work/apac4/xbx/apac/hpc/hoomd-benchmarks/hoomd_benchmarks/common.py", line 219, in main
    MDPairWCA.main()
  File "/work/apac4/xbx/apac/hpc/hoomd-benchmarks/hoomd_benchmarks/common.py", line 219, in main
    MDPairWCA.main()
  File "/work/apac4/xbx/apac/hpc/hoomd-benchmarks/hoomd_benchmarks/common.py", line 219, in main
    exec(code, run_globals)
  File "/work/apac4/xbx/apac/hpc/hoomd-benchmarks/hoomd_benchmarks/md_pair_wca.py", line 33, in <module>
    exec(code, run_globals)
  File "/work/apac4/xbx/apac/hpc/hoomd-benchmarks/hoomd_benchmarks/md_pair_wca.py", line 33, in <module>
    return _run_code(code, main_globals, None,
  File "/work/apac4/miniforge3/envs/apac-hpc-xbx/lib/python3.10/runpy.py", line 86, in _run_code
    exec(code, run_globals)
  File "/work/apac4/xbx/apac/hpc/hoomd-benchmarks/hoomd_benchmarks/md_pair_wca.py", line 33, in <module>
    exec(code, run_globals)
  File "/work/apac4/xbx/apac/hpc/hoomd-benchmarks/hoomd_benchmarks/md_pair_wca.py", line 33, in <module>
    MDPairWCA.main()
  File "/work/apac4/xbx/apac/hpc/hoomd-benchmarks/hoomd_benchmarks/common.py", line 219, in main
    return _run_code(code, main_globals, None,
  File "/work/apac4/miniforge3/envs/apac-hpc-xbx/lib/python3.10/runpy.py", line 86, in _run_code
    exec(code, run_globals)
  File "/work/apac4/xbx/apac/hpc/hoomd-benchmarks/hoomd_benchmarks/md_pair_wca.py", line 33, in <module>
    MDPairWCA.main()
  File "/work/apac4/xbx/apac/hpc/hoomd-benchmarks/hoomd_benchmarks/common.py", line 219, in main
    MDPairWCA.main()
  File "/work/apac4/xbx/apac/hpc/hoomd-benchmarks/hoomd_benchmarks/common.py", line 219, in main
    MDPairWCA.main()
  File "/work/apac4/xbx/apac/hpc/hoomd-benchmarks/hoomd_benchmarks/common.py", line 219, in main
    MDPairWCA.main()
  File "/work/apac4/xbx/apac/hpc/hoomd-benchmarks/hoomd_benchmarks/common.py", line 219, in main
    return _run_code(code, main_globals, None,
    exec(code, run_globals)
  File "/work/apac4/xbx/apac/hpc/hoomd-benchmarks/hoomd_benchmarks/md_pair_wca.py", line 33, in <module>
    exec(code, run_globals)
  File "/work/apac4/xbx/apac/hpc/hoomd-benchmarks/hoomd_benchmarks/md_pair_wca.py", line 33, in <module>
  File "/work/apac4/miniforge3/envs/apac-hpc-xbx/lib/python3.10/runpy.py", line 86, in _run_code
    exec(code, run_globals)
  File "/work/apac4/xbx/apac/hpc/hoomd-benchmarks/hoomd_benchmarks/md_pair_wca.py", line 33, in <module>
    return _run_code(code, main_globals, None,
  File "/work/apac4/miniforge3/envs/apac-hpc-xbx/lib/python3.10/runpy.py", line 86, in _run_code
    MDPairWCA.main()
  File "/work/apac4/xbx/apac/hpc/hoomd-benchmarks/hoomd_benchmarks/common.py", line 219, in main
    MDPairWCA.main()
  File "/work/apac4/xbx/apac/hpc/hoomd-benchmarks/hoomd_benchmarks/common.py", line 219, in main
    exec(code, run_globals)
  File "/work/apac4/xbx/apac/hpc/hoomd-benchmarks/hoomd_benchmarks/md_pair_wca.py", line 33, in <module>
    MDPairWCA.main()
  File "/work/apac4/xbx/apac/hpc/hoomd-benchmarks/hoomd_benchmarks/common.py", line 219, in main
    exec(code, run_globals)
  File "/work/apac4/xbx/apac/hpc/hoomd-benchmarks/hoomd_benchmarks/md_pair_wca.py", line 33, in <module>
    exec(code, run_globals)
  File "/work/apac4/xbx/apac/hpc/hoomd-benchmarks/hoomd_benchmarks/md_pair_wca.py", line 33, in <module>
    MDPairWCA.main()
  File "/work/apac4/xbx/apac/hpc/hoomd-benchmarks/hoomd_benchmarks/common.py", line 219, in main
    MDPairWCA.main()
  File "/work/apac4/xbx/apac/hpc/hoomd-benchmarks/hoomd_benchmarks/common.py", line 219, in main
    MDPairWCA.main()
  File "/work/apac4/xbx/apac/hpc/hoomd-benchmarks/hoomd_benchmarks/common.py", line 219, in main
    benchmark = cls(**vars(args))
  File "/work/apac4/xbx/apac/hpc/hoomd-benchmarks/hoomd_benchmarks/md_pair.py", line 52, in __init__
    benchmark = cls(**vars(args))
  File "/work/apac4/xbx/apac/hpc/hoomd-benchmarks/hoomd_benchmarks/md_pair.py", line 52, in __init__
    benchmark = cls(**vars(args))
  File "/work/apac4/xbx/apac/hpc/hoomd-benchmarks/hoomd_benchmarks/md_pair.py", line 52, in __init__
    benchmark = cls(**vars(args))
  File "/work/apac4/xbx/apac/hpc/hoomd-benchmarks/hoomd_benchmarks/md_pair.py", line 52, in __init__
    benchmark = cls(**vars(args))
  File "/work/apac4/xbx/apac/hpc/hoomd-benchmarks/hoomd_benchmarks/md_pair.py", line 52, in __init__
    benchmark = cls(**vars(args))
  File "/work/apac4/xbx/apac/hpc/hoomd-benchmarks/hoomd_benchmarks/md_pair.py", line 52, in __init__
    benchmark = cls(**vars(args))
  File "/work/apac4/xbx/apac/hpc/hoomd-benchmarks/hoomd_benchmarks/md_pair.py", line 52, in __init__
    benchmark = cls(**vars(args))
  File "/work/apac4/xbx/apac/hpc/hoomd-benchmarks/hoomd_benchmarks/md_pair.py", line 52, in __init__
    benchmark = cls(**vars(args))
  File "/work/apac4/xbx/apac/hpc/hoomd-benchmarks/hoomd_benchmarks/md_pair.py", line 52, in __init__
    benchmark = cls(**vars(args))
  File "/work/apac4/xbx/apac/hpc/hoomd-benchmarks/hoomd_benchmarks/md_pair.py", line 52, in __init__
    benchmark = cls(**vars(args))
  File "/work/apac4/xbx/apac/hpc/hoomd-benchmarks/hoomd_benchmarks/md_pair.py", line 52, in __init__
    benchmark = cls(**vars(args))
  File "/work/apac4/xbx/apac/hpc/hoomd-benchmarks/hoomd_benchmarks/md_pair.py", line 52, in __init__
    benchmark = cls(**vars(args))
  File "/work/apac4/xbx/apac/hpc/hoomd-benchmarks/hoomd_benchmarks/md_pair.py", line 52, in __init__
    benchmark = cls(**vars(args))
  File "/work/apac4/xbx/apac/hpc/hoomd-benchmarks/hoomd_benchmarks/md_pair.py", line 52, in __init__
    benchmark = cls(**vars(args))
  File "/work/apac4/xbx/apac/hpc/hoomd-benchmarks/hoomd_benchmarks/md_pair.py", line 52, in __init__
    benchmark = cls(**vars(args))
  File "/work/apac4/xbx/apac/hpc/hoomd-benchmarks/hoomd_benchmarks/md_pair.py", line 52, in __init__
    benchmark = cls(**vars(args))
  File "/work/apac4/xbx/apac/hpc/hoomd-benchmarks/hoomd_benchmarks/md_pair.py", line 52, in __init__
    benchmark = cls(**vars(args))
  File "/work/apac4/xbx/apac/hpc/hoomd-benchmarks/hoomd_benchmarks/md_pair.py", line 52, in __init__
    benchmark = cls(**vars(args))
  File "/work/apac4/xbx/apac/hpc/hoomd-benchmarks/hoomd_benchmarks/md_pair.py", line 52, in __init__
    benchmark = cls(**vars(args))
  File "/work/apac4/xbx/apac/hpc/hoomd-benchmarks/hoomd_benchmarks/md_pair.py", line 52, in __init__
    benchmark = cls(**vars(args))
  File "/work/apac4/xbx/apac/hpc/hoomd-benchmarks/hoomd_benchmarks/md_pair.py", line 52, in __init__
    benchmark = cls(**vars(args))
  File "/work/apac4/xbx/apac/hpc/hoomd-benchmarks/hoomd_benchmarks/md_pair.py", line 52, in __init__
    benchmark = cls(**vars(args))
  File "/work/apac4/xbx/apac/hpc/hoomd-benchmarks/hoomd_benchmarks/md_pair.py", line 52, in __init__
    benchmark = cls(**vars(args))
  File "/work/apac4/xbx/apac/hpc/hoomd-benchmarks/hoomd_benchmarks/md_pair.py", line 52, in __init__
    benchmark = cls(**vars(args))
  File "/work/apac4/xbx/apac/hpc/hoomd-benchmarks/hoomd_benchmarks/md_pair.py", line 52, in __init__
    benchmark = cls(**vars(args))
  File "/work/apac4/xbx/apac/hpc/hoomd-benchmarks/hoomd_benchmarks/md_pair.py", line 52, in __init__
    benchmark = cls(**vars(args))
  File "/work/apac4/xbx/apac/hpc/hoomd-benchmarks/hoomd_benchmarks/md_pair.py", line 52, in __init__
    benchmark = cls(**vars(args))
  File "/work/apac4/xbx/apac/hpc/hoomd-benchmarks/hoomd_benchmarks/md_pair.py", line 52, in __init__
    benchmark = cls(**vars(args))
  File "/work/apac4/xbx/apac/hpc/hoomd-benchmarks/hoomd_benchmarks/md_pair.py", line 52, in __init__
    benchmark = cls(**vars(args))
  File "/work/apac4/xbx/apac/hpc/hoomd-benchmarks/hoomd_benchmarks/md_pair.py", line 52, in __init__
    benchmark = cls(**vars(args))
  File "/work/apac4/xbx/apac/hpc/hoomd-benchmarks/hoomd_benchmarks/md_pair.py", line 52, in __init__
    benchmark = cls(**vars(args))
  File "/work/apac4/xbx/apac/hpc/hoomd-benchmarks/hoomd_benchmarks/md_pair.py", line 52, in __init__
    benchmark = cls(**vars(args))
  File "/work/apac4/xbx/apac/hpc/hoomd-benchmarks/hoomd_benchmarks/md_pair.py", line 52, in __init__
    benchmark = cls(**vars(args))
  File "/work/apac4/xbx/apac/hpc/hoomd-benchmarks/hoomd_benchmarks/md_pair.py", line 52, in __init__
    benchmark = cls(**vars(args))
  File "/work/apac4/xbx/apac/hpc/hoomd-benchmarks/hoomd_benchmarks/md_pair.py", line 52, in __init__
    benchmark = cls(**vars(args))
  File "/work/apac4/xbx/apac/hpc/hoomd-benchmarks/hoomd_benchmarks/md_pair.py", line 52, in __init__
    benchmark = cls(**vars(args))
  File "/work/apac4/xbx/apac/hpc/hoomd-benchmarks/hoomd_benchmarks/md_pair.py", line 52, in __init__
    benchmark = cls(**vars(args))
  File "/work/apac4/xbx/apac/hpc/hoomd-benchmarks/hoomd_benchmarks/md_pair.py", line 52, in __init__
    benchmark = cls(**vars(args))
  File "/work/apac4/xbx/apac/hpc/hoomd-benchmarks/hoomd_benchmarks/md_pair.py", line 52, in __init__
    benchmark = cls(**vars(args))
  File "/work/apac4/xbx/apac/hpc/hoomd-benchmarks/hoomd_benchmarks/md_pair.py", line 52, in __init__
    benchmark = cls(**vars(args))
  File "/work/apac4/xbx/apac/hpc/hoomd-benchmarks/hoomd_benchmarks/md_pair.py", line 52, in __init__
    benchmark = cls(**vars(args))
  File "/work/apac4/xbx/apac/hpc/hoomd-benchmarks/hoomd_benchmarks/md_pair.py", line 52, in __init__
    benchmark = cls(**vars(args))
  File "/work/apac4/xbx/apac/hpc/hoomd-benchmarks/hoomd_benchmarks/md_pair.py", line 52, in __init__
    benchmark = cls(**vars(args))
  File "/work/apac4/xbx/apac/hpc/hoomd-benchmarks/hoomd_benchmarks/md_pair.py", line 52, in __init__
    benchmark = cls(**vars(args))
  File "/work/apac4/xbx/apac/hpc/hoomd-benchmarks/hoomd_benchmarks/md_pair.py", line 52, in __init__
    benchmark = cls(**vars(args))
  File "/work/apac4/xbx/apac/hpc/hoomd-benchmarks/hoomd_benchmarks/md_pair.py", line 52, in __init__
    benchmark = cls(**vars(args))
  File "/work/apac4/xbx/apac/hpc/hoomd-benchmarks/hoomd_benchmarks/md_pair.py", line 52, in __init__
    benchmark = cls(**vars(args))
  File "/work/apac4/xbx/apac/hpc/hoomd-benchmarks/hoomd_benchmarks/md_pair.py", line 52, in __init__
    benchmark = cls(**vars(args))
  File "/work/apac4/xbx/apac/hpc/hoomd-benchmarks/hoomd_benchmarks/md_pair.py", line 52, in __init__
    benchmark = cls(**vars(args))
  File "/work/apac4/xbx/apac/hpc/hoomd-benchmarks/hoomd_benchmarks/md_pair.py", line 52, in __init__
    benchmark = cls(**vars(args))
  File "/work/apac4/xbx/apac/hpc/hoomd-benchmarks/hoomd_benchmarks/md_pair.py", line 52, in __init__
    benchmark = cls(**vars(args))
  File "/work/apac4/xbx/apac/hpc/hoomd-benchmarks/hoomd_benchmarks/md_pair.py", line 52, in __init__
    benchmark = cls(**vars(args))
  File "/work/apac4/xbx/apac/hpc/hoomd-benchmarks/hoomd_benchmarks/md_pair.py", line 52, in __init__
    benchmark = cls(**vars(args))
  File "/work/apac4/xbx/apac/hpc/hoomd-benchmarks/hoomd_benchmarks/md_pair.py", line 52, in __init__
    benchmark = cls(**vars(args))
  File "/work/apac4/xbx/apac/hpc/hoomd-benchmarks/hoomd_benchmarks/md_pair.py", line 52, in __init__
    benchmark = cls(**vars(args))
  File "/work/apac4/xbx/apac/hpc/hoomd-benchmarks/hoomd_benchmarks/md_pair.py", line 52, in __init__
    benchmark = cls(**vars(args))
  File "/work/apac4/xbx/apac/hpc/hoomd-benchmarks/hoomd_benchmarks/md_pair.py", line 52, in __init__
    benchmark = cls(**vars(args))
  File "/work/apac4/xbx/apac/hpc/hoomd-benchmarks/hoomd_benchmarks/md_pair.py", line 52, in __init__
    benchmark = cls(**vars(args))
  File "/work/apac4/xbx/apac/hpc/hoomd-benchmarks/hoomd_benchmarks/md_pair.py", line 52, in __init__
    benchmark = cls(**vars(args))
  File "/work/apac4/xbx/apac/hpc/hoomd-benchmarks/hoomd_benchmarks/md_pair.py", line 52, in __init__
    benchmark = cls(**vars(args))
  File "/work/apac4/xbx/apac/hpc/hoomd-benchmarks/hoomd_benchmarks/md_pair.py", line 52, in __init__
    benchmark = cls(**vars(args))
  File "/work/apac4/xbx/apac/hpc/hoomd-benchmarks/hoomd_benchmarks/md_pair.py", line 52, in __init__
    benchmark = cls(**vars(args))
  File "/work/apac4/xbx/apac/hpc/hoomd-benchmarks/hoomd_benchmarks/md_pair.py", line 52, in __init__
    benchmark = cls(**vars(args))
  File "/work/apac4/xbx/apac/hpc/hoomd-benchmarks/hoomd_benchmarks/md_pair.py", line 52, in __init__
    benchmark = cls(**vars(args))
  File "/work/apac4/xbx/apac/hpc/hoomd-benchmarks/hoomd_benchmarks/md_pair.py", line 52, in __init__
    benchmark = cls(**vars(args))
  File "/work/apac4/xbx/apac/hpc/hoomd-benchmarks/hoomd_benchmarks/md_pair.py", line 52, in __init__
    benchmark = cls(**vars(args))
  File "/work/apac4/xbx/apac/hpc/hoomd-benchmarks/hoomd_benchmarks/md_pair.py", line 52, in __init__
    benchmark = cls(**vars(args))
  File "/work/apac4/xbx/apac/hpc/hoomd-benchmarks/hoomd_benchmarks/md_pair.py", line 52, in __init__
    benchmark = cls(**vars(args))
  File "/work/apac4/xbx/apac/hpc/hoomd-benchmarks/hoomd_benchmarks/md_pair.py", line 52, in __init__
    benchmark = cls(**vars(args))
  File "/work/apac4/xbx/apac/hpc/hoomd-benchmarks/hoomd_benchmarks/md_pair.py", line 52, in __init__
    benchmark = cls(**vars(args))
  File "/work/apac4/xbx/apac/hpc/hoomd-benchmarks/hoomd_benchmarks/md_pair.py", line 52, in __init__
    benchmark = cls(**vars(args))
  File "/work/apac4/xbx/apac/hpc/hoomd-benchmarks/hoomd_benchmarks/md_pair.py", line 52, in __init__
    benchmark = cls(**vars(args))
  File "/work/apac4/xbx/apac/hpc/hoomd-benchmarks/hoomd_benchmarks/md_pair.py", line 52, in __init__
    benchmark = cls(**vars(args))
  File "/work/apac4/xbx/apac/hpc/hoomd-benchmarks/hoomd_benchmarks/md_pair.py", line 52, in __init__
    benchmark = cls(**vars(args))
  File "/work/apac4/xbx/apac/hpc/hoomd-benchmarks/hoomd_benchmarks/md_pair.py", line 52, in __init__
    benchmark = cls(**vars(args))
  File "/work/apac4/xbx/apac/hpc/hoomd-benchmarks/hoomd_benchmarks/md_pair.py", line 52, in __init__
    benchmark = cls(**vars(args))
  File "/work/apac4/xbx/apac/hpc/hoomd-benchmarks/hoomd_benchmarks/md_pair.py", line 52, in __init__
    benchmark = cls(**vars(args))
  File "/work/apac4/xbx/apac/hpc/hoomd-benchmarks/hoomd_benchmarks/md_pair.py", line 52, in __init__
    benchmark = cls(**vars(args))
  File "/work/apac4/xbx/apac/hpc/hoomd-benchmarks/hoomd_benchmarks/md_pair.py", line 52, in __init__
    benchmark = cls(**vars(args))
  File "/work/apac4/xbx/apac/hpc/hoomd-benchmarks/hoomd_benchmarks/md_pair.py", line 52, in __init__
    benchmark = cls(**vars(args))
  File "/work/apac4/xbx/apac/hpc/hoomd-benchmarks/hoomd_benchmarks/md_pair.py", line 52, in __init__
    benchmark = cls(**vars(args))
  File "/work/apac4/xbx/apac/hpc/hoomd-benchmarks/hoomd_benchmarks/md_pair.py", line 52, in __init__
    benchmark = cls(**vars(args))
  File "/work/apac4/xbx/apac/hpc/hoomd-benchmarks/hoomd_benchmarks/md_pair.py", line 52, in __init__
    benchmark = cls(**vars(args))
  File "/work/apac4/xbx/apac/hpc/hoomd-benchmarks/hoomd_benchmarks/md_pair.py", line 52, in __init__
    benchmark = cls(**vars(args))
  File "/work/apac4/xbx/apac/hpc/hoomd-benchmarks/hoomd_benchmarks/md_pair.py", line 52, in __init__
    benchmark = cls(**vars(args))
  File "/work/apac4/xbx/apac/hpc/hoomd-benchmarks/hoomd_benchmarks/md_pair.py", line 52, in __init__
    benchmark = cls(**vars(args))
  File "/work/apac4/xbx/apac/hpc/hoomd-benchmarks/hoomd_benchmarks/md_pair.py", line 52, in __init__
    benchmark = cls(**vars(args))
  File "/work/apac4/xbx/apac/hpc/hoomd-benchmarks/hoomd_benchmarks/md_pair.py", line 52, in __init__
    benchmark = cls(**vars(args))
  File "/work/apac4/xbx/apac/hpc/hoomd-benchmarks/hoomd_benchmarks/md_pair.py", line 52, in __init__
    benchmark = cls(**vars(args))
  File "/work/apac4/xbx/apac/hpc/hoomd-benchmarks/hoomd_benchmarks/md_pair.py", line 52, in __init__
    benchmark = cls(**vars(args))
  File "/work/apac4/xbx/apac/hpc/hoomd-benchmarks/hoomd_benchmarks/md_pair.py", line 52, in __init__
    benchmark = cls(**vars(args))
  File "/work/apac4/xbx/apac/hpc/hoomd-benchmarks/hoomd_benchmarks/md_pair.py", line 52, in __init__
    benchmark = cls(**vars(args))
  File "/work/apac4/xbx/apac/hpc/hoomd-benchmarks/hoomd_benchmarks/md_pair.py", line 52, in __init__
    benchmark = cls(**vars(args))
  File "/work/apac4/xbx/apac/hpc/hoomd-benchmarks/hoomd_benchmarks/md_pair.py", line 52, in __init__
    benchmark = cls(**vars(args))
  File "/work/apac4/xbx/apac/hpc/hoomd-benchmarks/hoomd_benchmarks/md_pair.py", line 52, in __init__
    benchmark = cls(**vars(args))
  File "/work/apac4/xbx/apac/hpc/hoomd-benchmarks/hoomd_benchmarks/md_pair.py", line 52, in __init__
    super().__init__(**kwargs)
  File "/work/apac4/xbx/apac/hpc/hoomd-benchmarks/hoomd_benchmarks/common.py", line 93, in __init__
    self.sim = self.make_simulation()
  File "/work/apac4/xbx/apac/hpc/hoomd-benchmarks/hoomd_benchmarks/md_pair.py", line 108, in make_simulation
    super().__init__(**kwargs)
  File "/work/apac4/xbx/apac/hpc/hoomd-benchmarks/hoomd_benchmarks/common.py", line 93, in __init__
    super().__init__(**kwargs)
  File "/work/apac4/xbx/apac/hpc/hoomd-benchmarks/hoomd_benchmarks/common.py", line 93, in __init__
    super().__init__(**kwargs)
  File "/work/apac4/xbx/apac/hpc/hoomd-benchmarks/hoomd_benchmarks/common.py", line 93, in __init__
    self.sim = self.make_simulation()
  File "/work/apac4/xbx/apac/hpc/hoomd-benchmarks/hoomd_benchmarks/md_pair.py", line 108, in make_simulation
    self.sim = self.make_simulation()
  File "/work/apac4/xbx/apac/hpc/hoomd-benchmarks/hoomd_benchmarks/md_pair.py", line 108, in make_simulation
    pair = self.pair_class(nlist=cell)
    super().__init__(**kwargs)
  File "/work/apac4/xbx/apac/hpc/hoomd-benchmarks/hoomd_benchmarks/common.py", line 93, in __init__
    pair = self.pair_class(nlist=cell)
    self.sim = self.make_simulation()
  File "/work/apac4/xbx/apac/hpc/hoomd-benchmarks/hoomd_benchmarks/md_pair.py", line 108, in make_simulation
TypeError: 'LJ' object is not callable
    super().__init__(**kwargs)
  File "/work/apac4/xbx/apac/hpc/hoomd-benchmarks/hoomd_benchmarks/common.py", line 93, in __init__
TypeError: 'LJ' object is not callable
    self.sim = self.make_simulation()
  File "/work/apac4/xbx/apac/hpc/hoomd-benchmarks/hoomd_benchmarks/md_pair.py", line 108, in make_simulation
    super().__init__(**kwargs)
  File "/work/apac4/xbx/apac/hpc/hoomd-benchmarks/hoomd_benchmarks/common.py", line 93, in __init__
    super().__init__(**kwargs)
  File "/work/apac4/xbx/apac/hpc/hoomd-benchmarks/hoomd_benchmarks/common.py", line 93, in __init__
    super().__init__(**kwargs)
  File "/work/apac4/xbx/apac/hpc/hoomd-benchmarks/hoomd_benchmarks/common.py", line 93, in __init__
    super().__init__(**kwargs)
  File "/work/apac4/xbx/apac/hpc/hoomd-benchmarks/hoomd_benchmarks/common.py", line 93, in __init__
    super().__init__(**kwargs)
  File "/work/apac4/xbx/apac/hpc/hoomd-benchmarks/hoomd_benchmarks/common.py", line 93, in __init__
    self.sim = self.make_simulation()
  File "/work/apac4/xbx/apac/hpc/hoomd-benchmarks/hoomd_benchmarks/md_pair.py", line 108, in make_simulation
    self.sim = self.make_simulation()
  File "/work/apac4/xbx/apac/hpc/hoomd-benchmarks/hoomd_benchmarks/md_pair.py", line 108, in make_simulation
    super().__init__(**kwargs)
  File "/work/apac4/xbx/apac/hpc/hoomd-benchmarks/hoomd_benchmarks/common.py", line 93, in __init__
    super().__init__(**kwargs)
  File "/work/apac4/xbx/apac/hpc/hoomd-benchmarks/hoomd_benchmarks/common.py", line 93, in __init__
    super().__init__(**kwargs)
  File "/work/apac4/xbx/apac/hpc/hoomd-benchmarks/hoomd_benchmarks/common.py", line 93, in __init__
    self.sim = self.make_simulation()
  File "/work/apac4/xbx/apac/hpc/hoomd-benchmarks/hoomd_benchmarks/md_pair.py", line 108, in make_simulation
    self.sim = self.make_simulation()
  File "/work/apac4/xbx/apac/hpc/hoomd-benchmarks/hoomd_benchmarks/md_pair.py", line 108, in make_simulation
    self.sim = self.make_simulation()
  File "/work/apac4/xbx/apac/hpc/hoomd-benchmarks/hoomd_benchmarks/md_pair.py", line 108, in make_simulation
    super().__init__(**kwargs)
  File "/work/apac4/xbx/apac/hpc/hoomd-benchmarks/hoomd_benchmarks/common.py", line 93, in __init__
    super().__init__(**kwargs)
  File "/work/apac4/xbx/apac/hpc/hoomd-benchmarks/hoomd_benchmarks/common.py", line 93, in __init__
    self.sim = self.make_simulation()
  File "/work/apac4/xbx/apac/hpc/hoomd-benchmarks/hoomd_benchmarks/md_pair.py", line 108, in make_simulation
    super().__init__(**kwargs)
  File "/work/apac4/xbx/apac/hpc/hoomd-benchmarks/hoomd_benchmarks/common.py", line 93, in __init__
    super().__init__(**kwargs)
  File "/work/apac4/xbx/apac/hpc/hoomd-benchmarks/hoomd_benchmarks/common.py", line 93, in __init__
    pair = self.pair_class(nlist=cell)
    super().__init__(**kwargs)
  File "/work/apac4/xbx/apac/hpc/hoomd-benchmarks/hoomd_benchmarks/common.py", line 93, in __init__
    super().__init__(**kwargs)
  File "/work/apac4/xbx/apac/hpc/hoomd-benchmarks/hoomd_benchmarks/common.py", line 93, in __init__
    self.sim = self.make_simulation()
  File "/work/apac4/xbx/apac/hpc/hoomd-benchmarks/hoomd_benchmarks/md_pair.py", line 108, in make_simulation
TypeError: 'LJ' object is not callable
    super().__init__(**kwargs)
  File "/work/apac4/xbx/apac/hpc/hoomd-benchmarks/hoomd_benchmarks/common.py", line 93, in __init__
    self.sim = self.make_simulation()
  File "/work/apac4/xbx/apac/hpc/hoomd-benchmarks/hoomd_benchmarks/md_pair.py", line 108, in make_simulation
    self.sim = self.make_simulation()
  File "/work/apac4/xbx/apac/hpc/hoomd-benchmarks/hoomd_benchmarks/md_pair.py", line 108, in make_simulation
    self.sim = self.make_simulation()
  File "/work/apac4/xbx/apac/hpc/hoomd-benchmarks/hoomd_benchmarks/md_pair.py", line 108, in make_simulation
    pair = self.pair_class(nlist=cell)
TypeError: 'LJ' object is not callable
    super().__init__(**kwargs)
  File "/work/apac4/xbx/apac/hpc/hoomd-benchmarks/hoomd_benchmarks/common.py", line 93, in __init__
    super().__init__(**kwargs)
  File "/work/apac4/xbx/apac/hpc/hoomd-benchmarks/hoomd_benchmarks/common.py", line 93, in __init__
    self.sim = self.make_simulation()
  File "/work/apac4/xbx/apac/hpc/hoomd-benchmarks/hoomd_benchmarks/md_pair.py", line 108, in make_simulation
    super().__init__(**kwargs)
  File "/work/apac4/xbx/apac/hpc/hoomd-benchmarks/hoomd_benchmarks/common.py", line 93, in __init__
    self.sim = self.make_simulation()
  File "/work/apac4/xbx/apac/hpc/hoomd-benchmarks/hoomd_benchmarks/md_pair.py", line 108, in make_simulation
    pair = self.pair_class(nlist=cell)
    self.sim = self.make_simulation()
  File "/work/apac4/xbx/apac/hpc/hoomd-benchmarks/hoomd_benchmarks/md_pair.py", line 108, in make_simulation
TypeError: 'LJ' object is not callable
    super().__init__(**kwargs)
  File "/work/apac4/xbx/apac/hpc/hoomd-benchmarks/hoomd_benchmarks/common.py", line 93, in __init__
    self.sim = self.make_simulation()
  File "/work/apac4/xbx/apac/hpc/hoomd-benchmarks/hoomd_benchmarks/md_pair.py", line 108, in make_simulation
    super().__init__(**kwargs)
  File "/work/apac4/xbx/apac/hpc/hoomd-benchmarks/hoomd_benchmarks/common.py", line 93, in __init__
    self.sim = self.make_simulation()
  File "/work/apac4/xbx/apac/hpc/hoomd-benchmarks/hoomd_benchmarks/md_pair.py", line 108, in make_simulation
    self.sim = self.make_simulation()
  File "/work/apac4/xbx/apac/hpc/hoomd-benchmarks/hoomd_benchmarks/md_pair.py", line 108, in make_simulation
    pair = self.pair_class(nlist=cell)
TypeError: 'LJ' object is not callable
    super().__init__(**kwargs)
  File "/work/apac4/xbx/apac/hpc/hoomd-benchmarks/hoomd_benchmarks/common.py", line 93, in __init__
    pair = self.pair_class(nlist=cell)
TypeError: 'LJ' object is not callable
    pair = self.pair_class(nlist=cell)
TypeError: 'LJ' object is not callable
    super().__init__(**kwargs)
  File "/work/apac4/xbx/apac/hpc/hoomd-benchmarks/hoomd_benchmarks/common.py", line 93, in __init__
    self.sim = self.make_simulation()
  File "/work/apac4/xbx/apac/hpc/hoomd-benchmarks/hoomd_benchmarks/md_pair.py", line 108, in make_simulation
    super().__init__(**kwargs)
  File "/work/apac4/xbx/apac/hpc/hoomd-benchmarks/hoomd_benchmarks/common.py", line 93, in __init__
    super().__init__(**kwargs)
  File "/work/apac4/xbx/apac/hpc/hoomd-benchmarks/hoomd_benchmarks/common.py", line 93, in __init__
    super().__init__(**kwargs)
  File "/work/apac4/xbx/apac/hpc/hoomd-benchmarks/hoomd_benchmarks/common.py", line 93, in __init__
    pair = self.pair_class(nlist=cell)
    self.sim = self.make_simulation()
  File "/work/apac4/xbx/apac/hpc/hoomd-benchmarks/hoomd_benchmarks/md_pair.py", line 108, in make_simulation
    super().__init__(**kwargs)
  File "/work/apac4/xbx/apac/hpc/hoomd-benchmarks/hoomd_benchmarks/common.py", line 93, in __init__
TypeError: 'LJ' object is not callable
    super().__init__(**kwargs)
  File "/work/apac4/xbx/apac/hpc/hoomd-benchmarks/hoomd_benchmarks/common.py", line 93, in __init__
    self.sim = self.make_simulation()
  File "/work/apac4/xbx/apac/hpc/hoomd-benchmarks/hoomd_benchmarks/md_pair.py", line 108, in make_simulation
    pair = self.pair_class(nlist=cell)
    self.sim = self.make_simulation()
  File "/work/apac4/xbx/apac/hpc/hoomd-benchmarks/hoomd_benchmarks/md_pair.py", line 108, in make_simulation
TypeError: 'LJ' object is not callable
    super().__init__(**kwargs)
  File "/work/apac4/xbx/apac/hpc/hoomd-benchmarks/hoomd_benchmarks/common.py", line 93, in __init__
    pair = self.pair_class(nlist=cell)
    pair = self.pair_class(nlist=cell)
TypeError: 'LJ' object is not callable
TypeError: 'LJ' object is not callable
    self.sim = self.make_simulation()
  File "/work/apac4/xbx/apac/hpc/hoomd-benchmarks/hoomd_benchmarks/md_pair.py", line 108, in make_simulation
    pair = self.pair_class(nlist=cell)
TypeError: 'LJ' object is not callable
    self.sim = self.make_simulation()
  File "/work/apac4/xbx/apac/hpc/hoomd-benchmarks/hoomd_benchmarks/md_pair.py", line 108, in make_simulation
    super().__init__(**kwargs)
  File "/work/apac4/xbx/apac/hpc/hoomd-benchmarks/hoomd_benchmarks/common.py", line 93, in __init__
    pair = self.pair_class(nlist=cell)
TypeError: 'LJ' object is not callable
    pair = self.pair_class(nlist=cell)
    self.sim = self.make_simulation()
  File "/work/apac4/xbx/apac/hpc/hoomd-benchmarks/hoomd_benchmarks/md_pair.py", line 108, in make_simulation
    super().__init__(**kwargs)
  File "/work/apac4/xbx/apac/hpc/hoomd-benchmarks/hoomd_benchmarks/common.py", line 93, in __init__
TypeError: 'LJ' object is not callable
    self.sim = self.make_simulation()
  File "/work/apac4/xbx/apac/hpc/hoomd-benchmarks/hoomd_benchmarks/md_pair.py", line 108, in make_simulation
    pair = self.pair_class(nlist=cell)
TypeError: 'LJ' object is not callable
    super().__init__(**kwargs)
  File "/work/apac4/xbx/apac/hpc/hoomd-benchmarks/hoomd_benchmarks/common.py", line 93, in __init__
    self.sim = self.make_simulation()
  File "/work/apac4/xbx/apac/hpc/hoomd-benchmarks/hoomd_benchmarks/md_pair.py", line 108, in make_simulation
    self.sim = self.make_simulation()
  File "/work/apac4/xbx/apac/hpc/hoomd-benchmarks/hoomd_benchmarks/md_pair.py", line 108, in make_simulation
    pair = self.pair_class(nlist=cell)
    self.sim = self.make_simulation()
  File "/work/apac4/xbx/apac/hpc/hoomd-benchmarks/hoomd_benchmarks/md_pair.py", line 108, in make_simulation
    super().__init__(**kwargs)
  File "/work/apac4/xbx/apac/hpc/hoomd-benchmarks/hoomd_benchmarks/common.py", line 93, in __init__
    self.sim = self.make_simulation()
  File "/work/apac4/xbx/apac/hpc/hoomd-benchmarks/hoomd_benchmarks/md_pair.py", line 108, in make_simulation
    pair = self.pair_class(nlist=cell)
TypeError: 'LJ' object is not callable
    self.sim = self.make_simulation()
  File "/work/apac4/xbx/apac/hpc/hoomd-benchmarks/hoomd_benchmarks/md_pair.py", line 108, in make_simulation
TypeError: 'LJ' object is not callable
    self.sim = self.make_simulation()
  File "/work/apac4/xbx/apac/hpc/hoomd-benchmarks/hoomd_benchmarks/md_pair.py", line 108, in make_simulation
    pair = self.pair_class(nlist=cell)
    pair = self.pair_class(nlist=cell)
TypeError: 'LJ' object is not callable
TypeError: 'LJ' object is not callable
    self.sim = self.make_simulation()
  File "/work/apac4/xbx/apac/hpc/hoomd-benchmarks/hoomd_benchmarks/md_pair.py", line 108, in make_simulation
    pair = self.pair_class(nlist=cell)
TypeError: 'LJ' object is not callable
    pair = self.pair_class(nlist=cell)
TypeError: 'LJ' object is not callable
    super().__init__(**kwargs)
  File "/work/apac4/xbx/apac/hpc/hoomd-benchmarks/hoomd_benchmarks/common.py", line 93, in __init__
    self.sim = self.make_simulation()
  File "/work/apac4/xbx/apac/hpc/hoomd-benchmarks/hoomd_benchmarks/md_pair.py", line 108, in make_simulation
    self.sim = self.make_simulation()
  File "/work/apac4/xbx/apac/hpc/hoomd-benchmarks/hoomd_benchmarks/md_pair.py", line 108, in make_simulation
    pair = self.pair_class(nlist=cell)
TypeError: 'LJ' object is not callable
    super().__init__(**kwargs)
  File "/work/apac4/xbx/apac/hpc/hoomd-benchmarks/hoomd_benchmarks/common.py", line 93, in __init__
    self.sim = self.make_simulation()
  File "/work/apac4/xbx/apac/hpc/hoomd-benchmarks/hoomd_benchmarks/md_pair.py", line 108, in make_simulation
    super().__init__(**kwargs)
  File "/work/apac4/xbx/apac/hpc/hoomd-benchmarks/hoomd_benchmarks/common.py", line 93, in __init__
    self.sim = self.make_simulation()
  File "/work/apac4/xbx/apac/hpc/hoomd-benchmarks/hoomd_benchmarks/md_pair.py", line 108, in make_simulation
    pair = self.pair_class(nlist=cell)
    super().__init__(**kwargs)
  File "/work/apac4/xbx/apac/hpc/hoomd-benchmarks/hoomd_benchmarks/common.py", line 93, in __init__
    pair = self.pair_class(nlist=cell)
    pair = self.pair_class(nlist=cell)
TypeError: 'LJ' object is not callable
TypeError: 'LJ' object is not callable
    pair = self.pair_class(nlist=cell)
TypeError: 'LJ' object is not callable
    pair = self.pair_class(nlist=cell)
TypeError: 'LJ' object is not callable
    pair = self.pair_class(nlist=cell)
TypeError: 'LJ' object is not callable
TypeError: 'LJ' object is not callable
    self.sim = self.make_simulation()
  File "/work/apac4/xbx/apac/hpc/hoomd-benchmarks/hoomd_benchmarks/md_pair.py", line 108, in make_simulation
    self.sim = self.make_simulation()
  File "/work/apac4/xbx/apac/hpc/hoomd-benchmarks/hoomd_benchmarks/md_pair.py", line 108, in make_simulation
    pair = self.pair_class(nlist=cell)
TypeError: 'LJ' object is not callable
    pair = self.pair_class(nlist=cell)
    super().__init__(**kwargs)
  File "/work/apac4/xbx/apac/hpc/hoomd-benchmarks/hoomd_benchmarks/common.py", line 93, in __init__
TypeError: 'LJ' object is not callable
    super().__init__(**kwargs)
  File "/work/apac4/xbx/apac/hpc/hoomd-benchmarks/hoomd_benchmarks/common.py", line 93, in __init__
    pair = self.pair_class(nlist=cell)
    pair = self.pair_class(nlist=cell)
TypeError: 'LJ' object is not callable
TypeError: 'LJ' object is not callable
    pair = self.pair_class(nlist=cell)
TypeError: 'LJ' object is not callable
    pair = self.pair_class(nlist=cell)
TypeError: 'LJ' object is not callable
    pair = self.pair_class(nlist=cell)
TypeError: 'LJ' object is not callable
    self.sim = self.make_simulation()
  File "/work/apac4/xbx/apac/hpc/hoomd-benchmarks/hoomd_benchmarks/md_pair.py", line 108, in make_simulation
    super().__init__(**kwargs)
  File "/work/apac4/xbx/apac/hpc/hoomd-benchmarks/hoomd_benchmarks/common.py", line 93, in __init__
    pair = self.pair_class(nlist=cell)
TypeError: 'LJ' object is not callable
    pair = self.pair_class(nlist=cell)
TypeError: 'LJ' object is not callable
    self.sim = self.make_simulation()
  File "/work/apac4/xbx/apac/hpc/hoomd-benchmarks/hoomd_benchmarks/md_pair.py", line 108, in make_simulation
    super().__init__(**kwargs)
  File "/work/apac4/xbx/apac/hpc/hoomd-benchmarks/hoomd_benchmarks/common.py", line 93, in __init__
    super().__init__(**kwargs)
  File "/work/apac4/xbx/apac/hpc/hoomd-benchmarks/hoomd_benchmarks/common.py", line 93, in __init__
    pair = self.pair_class(nlist=cell)
TypeError: 'LJ' object is not callable
    pair = self.pair_class(nlist=cell)
TypeError: 'LJ' object is not callable
    pair = self.pair_class(nlist=cell)
TypeError: 'LJ' object is not callable
    pair = self.pair_class(nlist=cell)
TypeError: 'LJ' object is not callable
    self.sim = self.make_simulation()
  File "/work/apac4/xbx/apac/hpc/hoomd-benchmarks/hoomd_benchmarks/md_pair.py", line 108, in make_simulation
    pair = self.pair_class(nlist=cell)
    super().__init__(**kwargs)
  File "/work/apac4/xbx/apac/hpc/hoomd-benchmarks/hoomd_benchmarks/common.py", line 93, in __init__
    self.sim = self.make_simulation()
  File "/work/apac4/xbx/apac/hpc/hoomd-benchmarks/hoomd_benchmarks/md_pair.py", line 108, in make_simulation
    pair = self.pair_class(nlist=cell)
    pair = self.pair_class(nlist=cell)
TypeError: 'LJ' object is not callable
    self.sim = self.make_simulation()
  File "/work/apac4/xbx/apac/hpc/hoomd-benchmarks/hoomd_benchmarks/md_pair.py", line 108, in make_simulation
    pair = self.pair_class(nlist=cell)
TypeError: 'LJ' object is not callable
TypeError: 'LJ' object is not callable
    self.sim = self.make_simulation()
  File "/work/apac4/xbx/apac/hpc/hoomd-benchmarks/hoomd_benchmarks/md_pair.py", line 108, in make_simulation
    pair = self.pair_class(nlist=cell)
TypeError: 'LJ' object is not callable
    pair = self.pair_class(nlist=cell)
TypeError: 'LJ' object is not callable
TypeError: 'LJ' object is not callable
    super().__init__(**kwargs)
  File "/work/apac4/xbx/apac/hpc/hoomd-benchmarks/hoomd_benchmarks/common.py", line 93, in __init__
    self.sim = self.make_simulation()
  File "/work/apac4/xbx/apac/hpc/hoomd-benchmarks/hoomd_benchmarks/md_pair.py", line 108, in make_simulation
    pair = self.pair_class(nlist=cell)
TypeError: 'LJ' object is not callable
    super().__init__(**kwargs)
  File "/work/apac4/xbx/apac/hpc/hoomd-benchmarks/hoomd_benchmarks/common.py", line 93, in __init__
    self.sim = self.make_simulation()
  File "/work/apac4/xbx/apac/hpc/hoomd-benchmarks/hoomd_benchmarks/md_pair.py", line 108, in make_simulation
    pair = self.pair_class(nlist=cell)
TypeError: 'LJ' object is not callable
    super().__init__(**kwargs)
  File "/work/apac4/xbx/apac/hpc/hoomd-benchmarks/hoomd_benchmarks/common.py", line 93, in __init__
    self.sim = self.make_simulation()
  File "/work/apac4/xbx/apac/hpc/hoomd-benchmarks/hoomd_benchmarks/md_pair.py", line 108, in make_simulation
    pair = self.pair_class(nlist=cell)
TypeError: 'LJ' object is not callable
    super().__init__(**kwargs)
  File "/work/apac4/xbx/apac/hpc/hoomd-benchmarks/hoomd_benchmarks/common.py", line 93, in __init__
    self.sim = self.make_simulation()
  File "/work/apac4/xbx/apac/hpc/hoomd-benchmarks/hoomd_benchmarks/md_pair.py", line 108, in make_simulation
    pair = self.pair_class(nlist=cell)
TypeError: 'LJ' object is not callable
    super().__init__(**kwargs)
  File "/work/apac4/xbx/apac/hpc/hoomd-benchmarks/hoomd_benchmarks/common.py", line 93, in __init__
    super().__init__(**kwargs)
  File "/work/apac4/xbx/apac/hpc/hoomd-benchmarks/hoomd_benchmarks/common.py", line 93, in __init__
    super().__init__(**kwargs)
  File "/work/apac4/xbx/apac/hpc/hoomd-benchmarks/hoomd_benchmarks/common.py", line 93, in __init__
    self.sim = self.make_simulation()
  File "/work/apac4/xbx/apac/hpc/hoomd-benchmarks/hoomd_benchmarks/md_pair.py", line 108, in make_simulation
    super().__init__(**kwargs)
  File "/work/apac4/xbx/apac/hpc/hoomd-benchmarks/hoomd_benchmarks/common.py", line 93, in __init__
    self.sim = self.make_simulation()
  File "/work/apac4/xbx/apac/hpc/hoomd-benchmarks/hoomd_benchmarks/md_pair.py", line 108, in make_simulation
    super().__init__(**kwargs)
  File "/work/apac4/xbx/apac/hpc/hoomd-benchmarks/hoomd_benchmarks/common.py", line 93, in __init__
    self.sim = self.make_simulation()
  File "/work/apac4/xbx/apac/hpc/hoomd-benchmarks/hoomd_benchmarks/md_pair.py", line 108, in make_simulation
    self.sim = self.make_simulation()
  File "/work/apac4/xbx/apac/hpc/hoomd-benchmarks/hoomd_benchmarks/md_pair.py", line 108, in make_simulation
    self.sim = self.make_simulation()
  File "/work/apac4/xbx/apac/hpc/hoomd-benchmarks/hoomd_benchmarks/md_pair.py", line 108, in make_simulation
    super().__init__(**kwargs)
  File "/work/apac4/xbx/apac/hpc/hoomd-benchmarks/hoomd_benchmarks/common.py", line 93, in __init__
    super().__init__(**kwargs)
  File "/work/apac4/xbx/apac/hpc/hoomd-benchmarks/hoomd_benchmarks/common.py", line 93, in __init__
    pair = self.pair_class(nlist=cell)
TypeError: 'LJ' object is not callable
    super().__init__(**kwargs)
  File "/work/apac4/xbx/apac/hpc/hoomd-benchmarks/hoomd_benchmarks/common.py", line 93, in __init__
    self.sim = self.make_simulation()
  File "/work/apac4/xbx/apac/hpc/hoomd-benchmarks/hoomd_benchmarks/md_pair.py", line 108, in make_simulation
    pair = self.pair_class(nlist=cell)
TypeError: 'LJ' object is not callable
    self.sim = self.make_simulation()
  File "/work/apac4/xbx/apac/hpc/hoomd-benchmarks/hoomd_benchmarks/md_pair.py", line 108, in make_simulation
    self.sim = self.make_simulation()
  File "/work/apac4/xbx/apac/hpc/hoomd-benchmarks/hoomd_benchmarks/md_pair.py", line 108, in make_simulation
    super().__init__(**kwargs)
  File "/work/apac4/xbx/apac/hpc/hoomd-benchmarks/hoomd_benchmarks/common.py", line 93, in __init__
    pair = self.pair_class(nlist=cell)
    pair = self.pair_class(nlist=cell)
TypeError: 'LJ' object is not callable
TypeError: 'LJ' object is not callable
    self.sim = self.make_simulation()
  File "/work/apac4/xbx/apac/hpc/hoomd-benchmarks/hoomd_benchmarks/md_pair.py", line 108, in make_simulation
    super().__init__(**kwargs)
  File "/work/apac4/xbx/apac/hpc/hoomd-benchmarks/hoomd_benchmarks/common.py", line 93, in __init__
    super().__init__(**kwargs)
  File "/work/apac4/xbx/apac/hpc/hoomd-benchmarks/hoomd_benchmarks/common.py", line 93, in __init__
    pair = self.pair_class(nlist=cell)
TypeError: 'LJ' object is not callable
    pair = self.pair_class(nlist=cell)
TypeError: 'LJ' object is not callable
    pair = self.pair_class(nlist=cell)
TypeError: 'LJ' object is not callable
    self.sim = self.make_simulation()
  File "/work/apac4/xbx/apac/hpc/hoomd-benchmarks/hoomd_benchmarks/md_pair.py", line 108, in make_simulation
    self.sim = self.make_simulation()
  File "/work/apac4/xbx/apac/hpc/hoomd-benchmarks/hoomd_benchmarks/md_pair.py", line 108, in make_simulation
    super().__init__(**kwargs)
  File "/work/apac4/xbx/apac/hpc/hoomd-benchmarks/hoomd_benchmarks/common.py", line 93, in __init__
    super().__init__(**kwargs)
  File "/work/apac4/xbx/apac/hpc/hoomd-benchmarks/hoomd_benchmarks/common.py", line 93, in __init__
    self.sim = self.make_simulation()
  File "/work/apac4/xbx/apac/hpc/hoomd-benchmarks/hoomd_benchmarks/md_pair.py", line 108, in make_simulation
    self.sim = self.make_simulation()
  File "/work/apac4/xbx/apac/hpc/hoomd-benchmarks/hoomd_benchmarks/md_pair.py", line 108, in make_simulation
    super().__init__(**kwargs)
  File "/work/apac4/xbx/apac/hpc/hoomd-benchmarks/hoomd_benchmarks/common.py", line 93, in __init__
    pair = self.pair_class(nlist=cell)
TypeError: 'LJ' object is not callable
    self.sim = self.make_simulation()
  File "/work/apac4/xbx/apac/hpc/hoomd-benchmarks/hoomd_benchmarks/md_pair.py", line 108, in make_simulation
    super().__init__(**kwargs)
  File "/work/apac4/xbx/apac/hpc/hoomd-benchmarks/hoomd_benchmarks/common.py", line 93, in __init__
    pair = self.pair_class(nlist=cell)
TypeError: 'LJ' object is not callable
    pair = self.pair_class(nlist=cell)
TypeError: 'LJ' object is not callable
    pair = self.pair_class(nlist=cell)
    pair = self.pair_class(nlist=cell)
TypeError: 'LJ' object is not callable
    super().__init__(**kwargs)
  File "/work/apac4/xbx/apac/hpc/hoomd-benchmarks/hoomd_benchmarks/common.py", line 93, in __init__
    super().__init__(**kwargs)
  File "/work/apac4/xbx/apac/hpc/hoomd-benchmarks/hoomd_benchmarks/common.py", line 93, in __init__
    super().__init__(**kwargs)
  File "/work/apac4/xbx/apac/hpc/hoomd-benchmarks/hoomd_benchmarks/common.py", line 93, in __init__
TypeError: 'LJ' object is not callable
    pair = self.pair_class(nlist=cell)
TypeError: 'LJ' object is not callable
    super().__init__(**kwargs)
  File "/work/apac4/xbx/apac/hpc/hoomd-benchmarks/hoomd_benchmarks/common.py", line 93, in __init__
    self.sim = self.make_simulation()
  File "/work/apac4/xbx/apac/hpc/hoomd-benchmarks/hoomd_benchmarks/md_pair.py", line 108, in make_simulation
    pair = self.pair_class(nlist=cell)
TypeError: 'LJ' object is not callable
    super().__init__(**kwargs)
  File "/work/apac4/xbx/apac/hpc/hoomd-benchmarks/hoomd_benchmarks/common.py", line 93, in __init__
    pair = self.pair_class(nlist=cell)
TypeError: 'LJ' object is not callable
    self.sim = self.make_simulation()
  File "/work/apac4/xbx/apac/hpc/hoomd-benchmarks/hoomd_benchmarks/md_pair.py", line 108, in make_simulation
    self.sim = self.make_simulation()
  File "/work/apac4/xbx/apac/hpc/hoomd-benchmarks/hoomd_benchmarks/md_pair.py", line 108, in make_simulation
    self.sim = self.make_simulation()
  File "/work/apac4/xbx/apac/hpc/hoomd-benchmarks/hoomd_benchmarks/md_pair.py", line 108, in make_simulation
    self.sim = self.make_simulation()
  File "/work/apac4/xbx/apac/hpc/hoomd-benchmarks/hoomd_benchmarks/md_pair.py", line 108, in make_simulation
    pair = self.pair_class(nlist=cell)
    pair = self.pair_class(nlist=cell)
TypeError: 'LJ' object is not callable
    self.sim = self.make_simulation()
  File "/work/apac4/xbx/apac/hpc/hoomd-benchmarks/hoomd_benchmarks/md_pair.py", line 108, in make_simulation
TypeError: 'LJ' object is not callable
    pair = self.pair_class(nlist=cell)
    pair = self.pair_class(nlist=cell)
TypeError: 'LJ' object is not callable
TypeError: 'LJ' object is not callable
    pair = self.pair_class(nlist=cell)
TypeError: 'LJ' object is not callable
    super().__init__(**kwargs)
  File "/work/apac4/xbx/apac/hpc/hoomd-benchmarks/hoomd_benchmarks/common.py", line 93, in __init__
    self.sim = self.make_simulation()
  File "/work/apac4/xbx/apac/hpc/hoomd-benchmarks/hoomd_benchmarks/md_pair.py", line 108, in make_simulation
    super().__init__(**kwargs)
  File "/work/apac4/xbx/apac/hpc/hoomd-benchmarks/hoomd_benchmarks/common.py", line 93, in __init__
    self.sim = self.make_simulation()
  File "/work/apac4/xbx/apac/hpc/hoomd-benchmarks/hoomd_benchmarks/md_pair.py", line 108, in make_simulation
    super().__init__(**kwargs)
  File "/work/apac4/xbx/apac/hpc/hoomd-benchmarks/hoomd_benchmarks/common.py", line 93, in __init__
    self.sim = self.make_simulation()
  File "/work/apac4/xbx/apac/hpc/hoomd-benchmarks/hoomd_benchmarks/md_pair.py", line 108, in make_simulation
    super().__init__(**kwargs)
  File "/work/apac4/xbx/apac/hpc/hoomd-benchmarks/hoomd_benchmarks/common.py", line 93, in __init__
    super().__init__(**kwargs)
  File "/work/apac4/xbx/apac/hpc/hoomd-benchmarks/hoomd_benchmarks/common.py", line 93, in __init__
    super().__init__(**kwargs)
  File "/work/apac4/xbx/apac/hpc/hoomd-benchmarks/hoomd_benchmarks/common.py", line 93, in __init__
    super().__init__(**kwargs)
  File "/work/apac4/xbx/apac/hpc/hoomd-benchmarks/hoomd_benchmarks/common.py", line 93, in __init__
    self.sim = self.make_simulation()
  File "/work/apac4/xbx/apac/hpc/hoomd-benchmarks/hoomd_benchmarks/md_pair.py", line 108, in make_simulation
    self.sim = self.make_simulation()
    self.sim = self.make_simulation()
  File "/work/apac4/xbx/apac/hpc/hoomd-benchmarks/hoomd_benchmarks/md_pair.py", line 108, in make_simulation
  File "/work/apac4/xbx/apac/hpc/hoomd-benchmarks/hoomd_benchmarks/md_pair.py", line 108, in make_simulation
    self.sim = self.make_simulation()
  File "/work/apac4/xbx/apac/hpc/hoomd-benchmarks/hoomd_benchmarks/md_pair.py", line 108, in make_simulation
    super().__init__(**kwargs)
  File "/work/apac4/xbx/apac/hpc/hoomd-benchmarks/hoomd_benchmarks/common.py", line 93, in __init__
    pair = self.pair_class(nlist=cell)
TypeError: 'LJ' object is not callable
    pair = self.pair_class(nlist=cell)
TypeError: 'LJ' object is not callable
    pair = self.pair_class(nlist=cell)
    pair = self.pair_class(nlist=cell)
TypeError: 'LJ' object is not callable
    self.sim = self.make_simulation()
  File "/work/apac4/xbx/apac/hpc/hoomd-benchmarks/hoomd_benchmarks/md_pair.py", line 108, in make_simulation
TypeError: 'LJ' object is not callable
    pair = self.pair_class(nlist=cell)
TypeError: 'LJ' object is not callable
    pair = self.pair_class(nlist=cell)
    pair = self.pair_class(nlist=cell)
TypeError: 'LJ' object is not callable
    pair = self.pair_class(nlist=cell)
TypeError: 'LJ' object is not callable
    super().__init__(**kwargs)
  File "/work/apac4/xbx/apac/hpc/hoomd-benchmarks/hoomd_benchmarks/common.py", line 93, in __init__
    super().__init__(**kwargs)
  File "/work/apac4/xbx/apac/hpc/hoomd-benchmarks/hoomd_benchmarks/common.py", line 93, in __init__
TypeError: 'LJ' object is not callable
    self.sim = self.make_simulation()
  File "/work/apac4/xbx/apac/hpc/hoomd-benchmarks/hoomd_benchmarks/md_pair.py", line 108, in make_simulation
    pair = self.pair_class(nlist=cell)
    super().__init__(**kwargs)
  File "/work/apac4/xbx/apac/hpc/hoomd-benchmarks/hoomd_benchmarks/common.py", line 93, in __init__
TypeError: 'LJ' object is not callable
    super().__init__(**kwargs)
    self.sim = self.make_simulation()
  File "/work/apac4/xbx/apac/hpc/hoomd-benchmarks/hoomd_benchmarks/md_pair.py", line 108, in make_simulation
  File "/work/apac4/xbx/apac/hpc/hoomd-benchmarks/hoomd_benchmarks/common.py", line 93, in __init__
    self.sim = self.make_simulation()
  File "/work/apac4/xbx/apac/hpc/hoomd-benchmarks/hoomd_benchmarks/md_pair.py", line 108, in make_simulation
    self.sim = self.make_simulation()
  File "/work/apac4/xbx/apac/hpc/hoomd-benchmarks/hoomd_benchmarks/md_pair.py", line 108, in make_simulation
    super().__init__(**kwargs)
  File "/work/apac4/xbx/apac/hpc/hoomd-benchmarks/hoomd_benchmarks/common.py", line 93, in __init__
    super().__init__(**kwargs)
  File "/work/apac4/xbx/apac/hpc/hoomd-benchmarks/hoomd_benchmarks/common.py", line 93, in __init__
    super().__init__(**kwargs)
  File "/work/apac4/xbx/apac/hpc/hoomd-benchmarks/hoomd_benchmarks/common.py", line 93, in __init__
    super().__init__(**kwargs)
  File "/work/apac4/xbx/apac/hpc/hoomd-benchmarks/hoomd_benchmarks/common.py", line 93, in __init__
    super().__init__(**kwargs)
  File "/work/apac4/xbx/apac/hpc/hoomd-benchmarks/hoomd_benchmarks/common.py", line 93, in __init__
    self.sim = self.make_simulation()
  File "/work/apac4/xbx/apac/hpc/hoomd-benchmarks/hoomd_benchmarks/md_pair.py", line 108, in make_simulation
    pair = self.pair_class(nlist=cell)
    super().__init__(**kwargs)
  File "/work/apac4/xbx/apac/hpc/hoomd-benchmarks/hoomd_benchmarks/common.py", line 93, in __init__
    pair = self.pair_class(nlist=cell)
TypeError: 'LJ' object is not callable
TypeError: 'LJ' object is not callable
    self.sim = self.make_simulation()
  File "/work/apac4/xbx/apac/hpc/hoomd-benchmarks/hoomd_benchmarks/md_pair.py", line 108, in make_simulation
    super().__init__(**kwargs)
  File "/work/apac4/xbx/apac/hpc/hoomd-benchmarks/hoomd_benchmarks/common.py", line 93, in __init__
    super().__init__(**kwargs)
  File "/work/apac4/xbx/apac/hpc/hoomd-benchmarks/hoomd_benchmarks/common.py", line 93, in __init__
    self.sim = self.make_simulation()
  File "/work/apac4/xbx/apac/hpc/hoomd-benchmarks/hoomd_benchmarks/md_pair.py", line 108, in make_simulation
    super().__init__(**kwargs)
  File "/work/apac4/xbx/apac/hpc/hoomd-benchmarks/hoomd_benchmarks/common.py", line 93, in __init__
    self.sim = self.make_simulation()
  File "/work/apac4/xbx/apac/hpc/hoomd-benchmarks/hoomd_benchmarks/md_pair.py", line 108, in make_simulation
    super().__init__(**kwargs)
  File "/work/apac4/xbx/apac/hpc/hoomd-benchmarks/hoomd_benchmarks/common.py", line 93, in __init__
    super().__init__(**kwargs)
  File "/work/apac4/xbx/apac/hpc/hoomd-benchmarks/hoomd_benchmarks/common.py", line 93, in __init__
    self.sim = self.make_simulation()
  File "/work/apac4/xbx/apac/hpc/hoomd-benchmarks/hoomd_benchmarks/md_pair.py", line 108, in make_simulation
    pair = self.pair_class(nlist=cell)
TypeError: 'LJ' object is not callable
    self.sim = self.make_simulation()
  File "/work/apac4/xbx/apac/hpc/hoomd-benchmarks/hoomd_benchmarks/md_pair.py", line 108, in make_simulation
    pair = self.pair_class(nlist=cell)
TypeError: 'LJ' object is not callable
    pair = self.pair_class(nlist=cell)
TypeError: 'LJ' object is not callable
    pair = self.pair_class(nlist=cell)
TypeError: 'LJ' object is not callable
    pair = self.pair_class(nlist=cell)
TypeError: 'LJ' object is not callable
    super().__init__(**kwargs)
  File "/work/apac4/xbx/apac/hpc/hoomd-benchmarks/hoomd_benchmarks/common.py", line 93, in __init__
    pair = self.pair_class(nlist=cell)
TypeError: 'LJ' object is not callable
    pair = self.pair_class(nlist=cell)
TypeError: 'LJ' object is not callable
    self.sim = self.make_simulation()
  File "/work/apac4/xbx/apac/hpc/hoomd-benchmarks/hoomd_benchmarks/md_pair.py", line 108, in make_simulation
    self.sim = self.make_simulation()
  File "/work/apac4/xbx/apac/hpc/hoomd-benchmarks/hoomd_benchmarks/md_pair.py", line 108, in make_simulation
    self.sim = self.make_simulation()
  File "/work/apac4/xbx/apac/hpc/hoomd-benchmarks/hoomd_benchmarks/md_pair.py", line 108, in make_simulation
    self.sim = self.make_simulation()
  File "/work/apac4/xbx/apac/hpc/hoomd-benchmarks/hoomd_benchmarks/md_pair.py", line 108, in make_simulation
    pair = self.pair_class(nlist=cell)
    self.sim = self.make_simulation()
  File "/work/apac4/xbx/apac/hpc/hoomd-benchmarks/hoomd_benchmarks/md_pair.py", line 108, in make_simulation
    self.sim = self.make_simulation()
  File "/work/apac4/xbx/apac/hpc/hoomd-benchmarks/hoomd_benchmarks/md_pair.py", line 108, in make_simulation
    pair = self.pair_class(nlist=cell)
TypeError: 'LJ' object is not callable
TypeError: 'LJ' object is not callable
    pair = self.pair_class(nlist=cell)
    pair = self.pair_class(nlist=cell)
TypeError: 'LJ' object is not callable
    pair = self.pair_class(nlist=cell)
TypeError: 'LJ' object is not callable
    pair = self.pair_class(nlist=cell)
TypeError: 'LJ' object is not callable
TypeError: 'LJ' object is not callable
--------------------------------------------------------------------------
MPI_ABORT was invoked on rank 8 in communicator MPI_COMM_WORLD
with errorcode 1.

NOTE: invoking MPI_ABORT causes Open MPI to kill all MPI processes.
You may or may not see output from other processes, depending on
exactly when Open MPI kills them.
--------------------------------------------------------------------------
[b03u22a:2712422] [[36801,0],0] ORTE_ERROR_LOG: Data unpack would read past end of buffer in file util/show_help.c at line 501
[b03u22a:2712422] 94 more processes have sent help message help-mpi-api.txt / mpi-abort
[b03u22a:2712422] Set MCA parameter "orte_base_help_aggregate" to 0 to see all help / error messages
real 20.45
user 56.21
sys 50.85
