
------------------------------------------------------------
Sender: LSF System <lsfadmin@a08u11b>
Subject: Job 224767: <hpcx-xbx> in cluster <qmhpc> Exited

Job <hpcx-xbx> was submitted from host <b04u17l> by user <apac4> in cluster <qmhpc> at Tue Oct 29 16:45:29 2024
Job was executed on host(s) <24*a08u11b>, in queue <ssc-cpu>, as user <apac4> in cluster <qmhpc> at Tue Oct 29 16:46:06 2024
                            <24*a07u18a>
                            <24*a07u12b>
                            <24*a08u17a>
                            <24*a08u16b>
                            <24*a08u19a>
                            <24*a08u08b>
                            <24*a08u15a>
                            <24*a08u07b>
                            <24*a07u12a>
                            <24*a08u07a>
                            <24*a07u14a>
                            <24*a07u19b>
                            <24*a08u18a>
                            <24*a08u15b>
                            <24*a07u17a>
</work/apac4> was used as the home directory.
</work/apac4/xbx/apac/hpc/hoomd-benchmarks> was used as the working directory.
Started at Tue Oct 29 16:46:06 2024
Terminated at Tue Oct 29 16:46:14 2024
Results reported at Tue Oct 29 16:46:14 2024

Your job looked like:

------------------------------------------------------------
# LSBATCH: User input
#!/bin/bash
#BSUB -q ssc-cpu
#BSUB -n 384
#BSUB -e %J.err
#BSUB -o %J.out
#BSUB -R "span[ptile=24]"
#BSUB -J hpcx-xbx

hostfile=`echo $LSB_DJOB_HOSTFILE`
NP=`cat $hostfile | wc -l`
cd $LS_SUBCWD

source /work/apac4/miniforge3/etc/profile.d/conda.sh
conda activate apac-hpc-xbx

source /work/apac4/xbx/apac/hpc/hpcx-v2.7.0-gcc-MLNX_OFED_LINUX-4.7-1.0.0.1-redhat7.6-x86_64/hpcx-init.sh
module use /work/apac4/xbx/apac/hpc/hpcx-v2.7.0-gcc-MLNX_OFED_LINUX-4.7-1.0.0.1-redhat7.6-x86_64/modulefiles
module load hpcx

time -p mpirun --hostfile $LSB_DJOB_HOSTFILE -n $NP -x LD_LIBRARY_PATH -x PATH python3 -m hoomd_benchmarks.md_pair_wca --device CPU -N 2000000 --benchmark_steps 100000 -v

#time -p mpirun --hostfile $LSB_DJOB_HOSTFILE -n $NP -x LD_LIBRARY_PATH -x PATH -x CONDA_PREFIX -x CONDA_DEFAULT_ENV python3 -m hoomd_benchmarks.md_pair_wca --device CPU -N 2000000 --benchmark_steps 2000 -v

#time -p mpirun --hostfile $LSB_DJOB_HOSTFILE -n $NP -x LD_LIBRARY_PATH -x PATH -x CONDA_PREFIX -x CONDA_DEFAULT_ENV python3 -m hoomd_benchmarks.md_pair_wca --device CPU -N 2000000 --benchmark_steps 2000 -v

------------------------------------------------------------

Exited with exit code 139.

Resource usage summary:

    CPU time :                                   2.00 sec.
    Max Memory :                                 219 MB
    Average Memory :                             150.33 MB
    Total Requested Memory :                     -
    Delta Memory :                               -
    Max Swap :                                   -
    Max Processes :                              19
    Max Threads :                                23
    Run time :                                   8 sec.
    Turnaround time :                            45 sec.

The output (if any) is above this job summary.



PS:

Read file <224767.err> for stderr output of this job.

