mpirun: Forwarding signal 18 to job
--------------------------------------------------------------------------
MPI_ABORT was invoked on rank 15 in communicator MPI_COMM_WORLD
with errorcode 1.

NOTE: invoking MPI_ABORT causes Open MPI to kill all MPI processes.
You may or may not see output from other processes, depending on
exactly when Open MPI kills them.
--------------------------------------------------------------------------
Traceback (most recent call last):
  File "/work/apac4/miniforge3/envs/apac-hpc-xbx/lib/python3.10/runpy.py", line 196, in _run_module_as_main
    return _run_code(code, main_globals, None,
  File "/work/apac4/miniforge3/envs/apac-hpc-xbx/lib/python3.10/runpy.py", line 86, in _run_code
    exec(code, run_globals)
  File "/work/apac4/xbx/apac/hpc/hoomd-benchmarks/hoomd_benchmarks/md_pair_wca.py", line 34, in <module>
    MDPairWCA.main()
  File "/work/apac4/xbx/apac/hpc/hoomd-benchmarks/hoomd_benchmarks/common.py", line 220, in main
    performance = benchmark.execute()
  File "/work/apac4/xbx/apac/hpc/hoomd-benchmarks/hoomd_benchmarks/common.py", line 157, in execute
    run_benchmark(profiling=False)
  File "/work/apac4/xbx/apac/hpc/hoomd-benchmarks/hoomd_benchmarks/common.py", line 149, in run_benchmark
    self.run(self.benchmark_steps)
  File "/work/apac4/xbx/apac/hpc/hoomd-benchmarks/hoomd_benchmarks/common.py", line 105, in run
    self.sim.run(steps)
  File "/work/apac4/miniforge3/envs/apac-hpc-xbx/lib/python3.10/site-packages/hoomd/simulation.py", line 562, in run
    self._cpp_sys.run(steps_int, write_at_start)
KeyboardInterrupt
Traceback (most recent call last):
  File "/work/apac4/miniforge3/envs/apac-hpc-xbx/lib/python3.10/runpy.py", line 196, in _run_module_as_main
    return _run_code(code, main_globals, None,
  File "/work/apac4/miniforge3/envs/apac-hpc-xbx/lib/python3.10/runpy.py", line 86, in _run_code
    exec(code, run_globals)
  File "/work/apac4/xbx/apac/hpc/hoomd-benchmarks/hoomd_benchmarks/md_pair_wca.py", line 34, in <module>
    MDPairWCA.main()
  File "/work/apac4/xbx/apac/hpc/hoomd-benchmarks/hoomd_benchmarks/common.py", line 220, in main
    performance = benchmark.execute()
  File "/work/apac4/xbx/apac/hpc/hoomd-benchmarks/hoomd_benchmarks/common.py", line 157, in execute
    run_benchmark(profiling=False)
  File "/work/apac4/xbx/apac/hpc/hoomd-benchmarks/hoomd_benchmarks/common.py", line 149, in run_benchmark
    self.run(self.benchmark_steps)
  File "/work/apac4/xbx/apac/hpc/hoomd-benchmarks/hoomd_benchmarks/common.py", line 105, in run
    self.sim.run(steps)
  File "/work/apac4/miniforge3/envs/apac-hpc-xbx/lib/python3.10/site-packages/hoomd/simulation.py", line 562, in run
    self._cpp_sys.run(steps_int, write_at_start)
KeyboardInterrupt
Traceback (most recent call last):
  File "/work/apac4/miniforge3/envs/apac-hpc-xbx/lib/python3.10/runpy.py", line 196, in _run_module_as_main
    return _run_code(code, main_globals, None,
  File "/work/apac4/miniforge3/envs/apac-hpc-xbx/lib/python3.10/runpy.py", line 86, in _run_code
    exec(code, run_globals)
  File "/work/apac4/xbx/apac/hpc/hoomd-benchmarks/hoomd_benchmarks/md_pair_wca.py", line 34, in <module>
    MDPairWCA.main()
  File "/work/apac4/xbx/apac/hpc/hoomd-benchmarks/hoomd_benchmarks/common.py", line 220, in main
    performance = benchmark.execute()
  File "/work/apac4/xbx/apac/hpc/hoomd-benchmarks/hoomd_benchmarks/common.py", line 157, in execute
    run_benchmark(profiling=False)
  File "/work/apac4/xbx/apac/hpc/hoomd-benchmarks/hoomd_benchmarks/common.py", line 149, in run_benchmark
    self.run(self.benchmark_steps)
  File "/work/apac4/xbx/apac/hpc/hoomd-benchmarks/hoomd_benchmarks/common.py", line 105, in run
    self.sim.run(steps)
  File "/work/apac4/miniforge3/envs/apac-hpc-xbx/lib/python3.10/site-packages/hoomd/simulation.py", line 562, in run
    self._cpp_sys.run(steps_int, write_at_start)
KeyboardInterrupt
Traceback (most recent call last):
  File "/work/apac4/miniforge3/envs/apac-hpc-xbx/lib/python3.10/runpy.py", line 196, in _run_module_as_main
    return _run_code(code, main_globals, None,
  File "/work/apac4/miniforge3/envs/apac-hpc-xbx/lib/python3.10/runpy.py", line 86, in _run_code
    exec(code, run_globals)
  File "/work/apac4/xbx/apac/hpc/hoomd-benchmarks/hoomd_benchmarks/md_pair_wca.py", line 34, in <module>
    MDPairWCA.main()
  File "/work/apac4/xbx/apac/hpc/hoomd-benchmarks/hoomd_benchmarks/common.py", line 220, in main
    performance = benchmark.execute()
  File "/work/apac4/xbx/apac/hpc/hoomd-benchmarks/hoomd_benchmarks/common.py", line 157, in execute
    run_benchmark(profiling=False)
  File "/work/apac4/xbx/apac/hpc/hoomd-benchmarks/hoomd_benchmarks/common.py", line 149, in run_benchmark
    self.run(self.benchmark_steps)
  File "/work/apac4/xbx/apac/hpc/hoomd-benchmarks/hoomd_benchmarks/common.py", line 105, in run
    self.sim.run(steps)
  File "/work/apac4/miniforge3/envs/apac-hpc-xbx/lib/python3.10/site-packages/hoomd/simulation.py", line 562, in run
    self._cpp_sys.run(steps_int, write_at_start)
KeyboardInterrupt
Traceback (most recent call last):
  File "/work/apac4/miniforge3/envs/apac-hpc-xbx/lib/python3.10/runpy.py", line 196, in _run_module_as_main
    return _run_code(code, main_globals, None,
  File "/work/apac4/miniforge3/envs/apac-hpc-xbx/lib/python3.10/runpy.py", line 86, in _run_code
    exec(code, run_globals)
  File "/work/apac4/xbx/apac/hpc/hoomd-benchmarks/hoomd_benchmarks/md_pair_wca.py", line 34, in <module>
    MDPairWCA.main()
  File "/work/apac4/xbx/apac/hpc/hoomd-benchmarks/hoomd_benchmarks/common.py", line 220, in main
    performance = benchmark.execute()
  File "/work/apac4/xbx/apac/hpc/hoomd-benchmarks/hoomd_benchmarks/common.py", line 157, in execute
    run_benchmark(profiling=False)
  File "/work/apac4/xbx/apac/hpc/hoomd-benchmarks/hoomd_benchmarks/common.py", line 149, in run_benchmark
    self.run(self.benchmark_steps)
  File "/work/apac4/xbx/apac/hpc/hoomd-benchmarks/hoomd_benchmarks/common.py", line 105, in run
    self.sim.run(steps)
  File "/work/apac4/miniforge3/envs/apac-hpc-xbx/lib/python3.10/site-packages/hoomd/simulation.py", line 562, in run
    self._cpp_sys.run(steps_int, write_at_start)
KeyboardInterrupt
Traceback (most recent call last):
  File "/work/apac4/miniforge3/envs/apac-hpc-xbx/lib/python3.10/runpy.py", line 196, in _run_module_as_main
    return _run_code(code, main_globals, None,
  File "/work/apac4/miniforge3/envs/apac-hpc-xbx/lib/python3.10/runpy.py", line 86, in _run_code
    exec(code, run_globals)
  File "/work/apac4/xbx/apac/hpc/hoomd-benchmarks/hoomd_benchmarks/md_pair_wca.py", line 34, in <module>
    MDPairWCA.main()
  File "/work/apac4/xbx/apac/hpc/hoomd-benchmarks/hoomd_benchmarks/common.py", line 220, in main
    performance = benchmark.execute()
  File "/work/apac4/xbx/apac/hpc/hoomd-benchmarks/hoomd_benchmarks/common.py", line 157, in execute
    run_benchmark(profiling=False)
  File "/work/apac4/xbx/apac/hpc/hoomd-benchmarks/hoomd_benchmarks/common.py", line 149, in run_benchmark
    self.run(self.benchmark_steps)
  File "/work/apac4/xbx/apac/hpc/hoomd-benchmarks/hoomd_benchmarks/common.py", line 105, in run
    self.sim.run(steps)
  File "/work/apac4/miniforge3/envs/apac-hpc-xbx/lib/python3.10/site-packages/hoomd/simulation.py", line 562, in run
    self._cpp_sys.run(steps_int, write_at_start)
KeyboardInterrupt
Traceback (most recent call last):
  File "/work/apac4/miniforge3/envs/apac-hpc-xbx/lib/python3.10/runpy.py", line 196, in _run_module_as_main
    return _run_code(code, main_globals, None,
  File "/work/apac4/miniforge3/envs/apac-hpc-xbx/lib/python3.10/runpy.py", line 86, in _run_code
    exec(code, run_globals)
  File "/work/apac4/xbx/apac/hpc/hoomd-benchmarks/hoomd_benchmarks/md_pair_wca.py", line 34, in <module>
    MDPairWCA.main()
  File "/work/apac4/xbx/apac/hpc/hoomd-benchmarks/hoomd_benchmarks/common.py", line 220, in main
    performance = benchmark.execute()
  File "/work/apac4/xbx/apac/hpc/hoomd-benchmarks/hoomd_benchmarks/common.py", line 157, in execute
    run_benchmark(profiling=False)
  File "/work/apac4/xbx/apac/hpc/hoomd-benchmarks/hoomd_benchmarks/common.py", line 149, in run_benchmark
    self.run(self.benchmark_steps)
  File "/work/apac4/xbx/apac/hpc/hoomd-benchmarks/hoomd_benchmarks/common.py", line 105, in run
    self.sim.run(steps)
  File "/work/apac4/miniforge3/envs/apac-hpc-xbx/lib/python3.10/site-packages/hoomd/simulation.py", line 562, in run
    self._cpp_sys.run(steps_int, write_at_start)
KeyboardInterrupt
Traceback (most recent call last):
  File "/work/apac4/miniforge3/envs/apac-hpc-xbx/lib/python3.10/runpy.py", line 196, in _run_module_as_main
    return _run_code(code, main_globals, None,
  File "/work/apac4/miniforge3/envs/apac-hpc-xbx/lib/python3.10/runpy.py", line 86, in _run_code
    exec(code, run_globals)
  File "/work/apac4/xbx/apac/hpc/hoomd-benchmarks/hoomd_benchmarks/md_pair_wca.py", line 34, in <module>
    MDPairWCA.main()
  File "/work/apac4/xbx/apac/hpc/hoomd-benchmarks/hoomd_benchmarks/common.py", line 220, in main
    performance = benchmark.execute()
  File "/work/apac4/xbx/apac/hpc/hoomd-benchmarks/hoomd_benchmarks/common.py", line 157, in execute
    run_benchmark(profiling=False)
  File "/work/apac4/xbx/apac/hpc/hoomd-benchmarks/hoomd_benchmarks/common.py", line 149, in run_benchmark
    self.run(self.benchmark_steps)
  File "/work/apac4/xbx/apac/hpc/hoomd-benchmarks/hoomd_benchmarks/common.py", line 105, in run
    self.sim.run(steps)
  File "/work/apac4/miniforge3/envs/apac-hpc-xbx/lib/python3.10/site-packages/hoomd/simulation.py", line 562, in run
    self._cpp_sys.run(steps_int, write_at_start)
KeyboardInterrupt
Traceback (most recent call last):
  File "/work/apac4/miniforge3/envs/apac-hpc-xbx/lib/python3.10/runpy.py", line 196, in _run_module_as_main
    return _run_code(code, main_globals, None,
  File "/work/apac4/miniforge3/envs/apac-hpc-xbx/lib/python3.10/runpy.py", line 86, in _run_code
    exec(code, run_globals)
  File "/work/apac4/xbx/apac/hpc/hoomd-benchmarks/hoomd_benchmarks/md_pair_wca.py", line 34, in <module>
    MDPairWCA.main()
  File "/work/apac4/xbx/apac/hpc/hoomd-benchmarks/hoomd_benchmarks/common.py", line 220, in main
    performance = benchmark.execute()
  File "/work/apac4/xbx/apac/hpc/hoomd-benchmarks/hoomd_benchmarks/common.py", line 157, in execute
    run_benchmark(profiling=False)
  File "/work/apac4/xbx/apac/hpc/hoomd-benchmarks/hoomd_benchmarks/common.py", line 149, in run_benchmark
    self.run(self.benchmark_steps)
  File "/work/apac4/xbx/apac/hpc/hoomd-benchmarks/hoomd_benchmarks/common.py", line 105, in run
    self.sim.run(steps)
  File "/work/apac4/miniforge3/envs/apac-hpc-xbx/lib/python3.10/site-packages/hoomd/simulation.py", line 562, in run
    self._cpp_sys.run(steps_int, write_at_start)
KeyboardInterrupt
Traceback (most recent call last):
  File "/work/apac4/miniforge3/envs/apac-hpc-xbx/lib/python3.10/runpy.py", line 196, in _run_module_as_main
    return _run_code(code, main_globals, None,
  File "/work/apac4/miniforge3/envs/apac-hpc-xbx/lib/python3.10/runpy.py", line 86, in _run_code
    exec(code, run_globals)
  File "/work/apac4/xbx/apac/hpc/hoomd-benchmarks/hoomd_benchmarks/md_pair_wca.py", line 34, in <module>
    MDPairWCA.main()
  File "/work/apac4/xbx/apac/hpc/hoomd-benchmarks/hoomd_benchmarks/common.py", line 220, in main
    performance = benchmark.execute()
  File "/work/apac4/xbx/apac/hpc/hoomd-benchmarks/hoomd_benchmarks/common.py", line 157, in execute
    run_benchmark(profiling=False)
  File "/work/apac4/xbx/apac/hpc/hoomd-benchmarks/hoomd_benchmarks/common.py", line 149, in run_benchmark
    self.run(self.benchmark_steps)
  File "/work/apac4/xbx/apac/hpc/hoomd-benchmarks/hoomd_benchmarks/common.py", line 105, in run
    self.sim.run(steps)
  File "/work/apac4/miniforge3/envs/apac-hpc-xbx/lib/python3.10/site-packages/hoomd/simulation.py", line 562, in run
    self._cpp_sys.run(steps_int, write_at_start)
KeyboardInterrupt
Traceback (most recent call last):
  File "/work/apac4/miniforge3/envs/apac-hpc-xbx/lib/python3.10/runpy.py", line 196, in _run_module_as_main
    return _run_code(code, main_globals, None,
  File "/work/apac4/miniforge3/envs/apac-hpc-xbx/lib/python3.10/runpy.py", line 86, in _run_code
    exec(code, run_globals)
  File "/work/apac4/xbx/apac/hpc/hoomd-benchmarks/hoomd_benchmarks/md_pair_wca.py", line 34, in <module>
    MDPairWCA.main()
  File "/work/apac4/xbx/apac/hpc/hoomd-benchmarks/hoomd_benchmarks/common.py", line 220, in main
    performance = benchmark.execute()
  File "/work/apac4/xbx/apac/hpc/hoomd-benchmarks/hoomd_benchmarks/common.py", line 157, in execute
    run_benchmark(profiling=False)
  File "/work/apac4/xbx/apac/hpc/hoomd-benchmarks/hoomd_benchmarks/common.py", line 149, in run_benchmark
    self.run(self.benchmark_steps)
  File "/work/apac4/xbx/apac/hpc/hoomd-benchmarks/hoomd_benchmarks/common.py", line 105, in run
    self.sim.run(steps)
  File "/work/apac4/miniforge3/envs/apac-hpc-xbx/lib/python3.10/site-packages/hoomd/simulation.py", line 562, in run
    self._cpp_sys.run(steps_int, write_at_start)
KeyboardInterrupt
Traceback (most recent call last):
  File "/work/apac4/miniforge3/envs/apac-hpc-xbx/lib/python3.10/runpy.py", line 196, in _run_module_as_main
    return _run_code(code, main_globals, None,
  File "/work/apac4/miniforge3/envs/apac-hpc-xbx/lib/python3.10/runpy.py", line 86, in _run_code
    exec(code, run_globals)
  File "/work/apac4/xbx/apac/hpc/hoomd-benchmarks/hoomd_benchmarks/md_pair_wca.py", line 34, in <module>
    MDPairWCA.main()
  File "/work/apac4/xbx/apac/hpc/hoomd-benchmarks/hoomd_benchmarks/common.py", line 220, in main
    performance = benchmark.execute()
  File "/work/apac4/xbx/apac/hpc/hoomd-benchmarks/hoomd_benchmarks/common.py", line 157, in execute
    run_benchmark(profiling=False)
  File "/work/apac4/xbx/apac/hpc/hoomd-benchmarks/hoomd_benchmarks/common.py", line 149, in run_benchmark
    self.run(self.benchmark_steps)
  File "/work/apac4/xbx/apac/hpc/hoomd-benchmarks/hoomd_benchmarks/common.py", line 105, in run
    self.sim.run(steps)
  File "/work/apac4/miniforge3/envs/apac-hpc-xbx/lib/python3.10/site-packages/hoomd/simulation.py", line 562, in run
    self._cpp_sys.run(steps_int, write_at_start)
KeyboardInterrupt
Traceback (most recent call last):
  File "/work/apac4/miniforge3/envs/apac-hpc-xbx/lib/python3.10/runpy.py", line 196, in _run_module_as_main
    return _run_code(code, main_globals, None,
  File "/work/apac4/miniforge3/envs/apac-hpc-xbx/lib/python3.10/runpy.py", line 86, in _run_code
    exec(code, run_globals)
  File "/work/apac4/xbx/apac/hpc/hoomd-benchmarks/hoomd_benchmarks/md_pair_wca.py", line 34, in <module>
    MDPairWCA.main()
  File "/work/apac4/xbx/apac/hpc/hoomd-benchmarks/hoomd_benchmarks/common.py", line 220, in main
    performance = benchmark.execute()
  File "/work/apac4/xbx/apac/hpc/hoomd-benchmarks/hoomd_benchmarks/common.py", line 157, in execute
    run_benchmark(profiling=False)
  File "/work/apac4/xbx/apac/hpc/hoomd-benchmarks/hoomd_benchmarks/common.py", line 149, in run_benchmark
    self.run(self.benchmark_steps)
  File "/work/apac4/xbx/apac/hpc/hoomd-benchmarks/hoomd_benchmarks/common.py", line 105, in run
    self.sim.run(steps)
  File "/work/apac4/miniforge3/envs/apac-hpc-xbx/lib/python3.10/site-packages/hoomd/simulation.py", line 562, in run
    self._cpp_sys.run(steps_int, write_at_start)
KeyboardInterrupt
Traceback (most recent call last):
  File "/work/apac4/miniforge3/envs/apac-hpc-xbx/lib/python3.10/runpy.py", line 196, in _run_module_as_main
    return _run_code(code, main_globals, None,
  File "/work/apac4/miniforge3/envs/apac-hpc-xbx/lib/python3.10/runpy.py", line 86, in _run_code
    exec(code, run_globals)
  File "/work/apac4/xbx/apac/hpc/hoomd-benchmarks/hoomd_benchmarks/md_pair_wca.py", line 34, in <module>
    MDPairWCA.main()
  File "/work/apac4/xbx/apac/hpc/hoomd-benchmarks/hoomd_benchmarks/common.py", line 220, in main
    performance = benchmark.execute()
  File "/work/apac4/xbx/apac/hpc/hoomd-benchmarks/hoomd_benchmarks/common.py", line 157, in execute
    run_benchmark(profiling=False)
  File "/work/apac4/xbx/apac/hpc/hoomd-benchmarks/hoomd_benchmarks/common.py", line 149, in run_benchmark
    self.run(self.benchmark_steps)
  File "/work/apac4/xbx/apac/hpc/hoomd-benchmarks/hoomd_benchmarks/common.py", line 105, in run
    self.sim.run(steps)
  File "/work/apac4/miniforge3/envs/apac-hpc-xbx/lib/python3.10/site-packages/hoomd/simulation.py", line 562, in run
    self._cpp_sys.run(steps_int, write_at_start)
KeyboardInterrupt
Traceback (most recent call last):
  File "/work/apac4/miniforge3/envs/apac-hpc-xbx/lib/python3.10/runpy.py", line 196, in _run_module_as_main
    return _run_code(code, main_globals, None,
  File "/work/apac4/miniforge3/envs/apac-hpc-xbx/lib/python3.10/runpy.py", line 86, in _run_code
    exec(code, run_globals)
  File "/work/apac4/xbx/apac/hpc/hoomd-benchmarks/hoomd_benchmarks/md_pair_wca.py", line 34, in <module>
    MDPairWCA.main()
  File "/work/apac4/xbx/apac/hpc/hoomd-benchmarks/hoomd_benchmarks/common.py", line 220, in main
    performance = benchmark.execute()
  File "/work/apac4/xbx/apac/hpc/hoomd-benchmarks/hoomd_benchmarks/common.py", line 157, in execute
    run_benchmark(profiling=False)
  File "/work/apac4/xbx/apac/hpc/hoomd-benchmarks/hoomd_benchmarks/common.py", line 149, in run_benchmark
    self.run(self.benchmark_steps)
  File "/work/apac4/xbx/apac/hpc/hoomd-benchmarks/hoomd_benchmarks/common.py", line 105, in run
    self.sim.run(steps)
  File "/work/apac4/miniforge3/envs/apac-hpc-xbx/lib/python3.10/site-packages/hoomd/simulation.py", line 562, in run
    self._cpp_sys.run(steps_int, write_at_start)
KeyboardInterrupt
Traceback (most recent call last):
  File "/work/apac4/miniforge3/envs/apac-hpc-xbx/lib/python3.10/runpy.py", line 196, in _run_module_as_main
    return _run_code(code, main_globals, None,
  File "/work/apac4/miniforge3/envs/apac-hpc-xbx/lib/python3.10/runpy.py", line 86, in _run_code
    exec(code, run_globals)
  File "/work/apac4/xbx/apac/hpc/hoomd-benchmarks/hoomd_benchmarks/md_pair_wca.py", line 34, in <module>
    MDPairWCA.main()
  File "/work/apac4/xbx/apac/hpc/hoomd-benchmarks/hoomd_benchmarks/common.py", line 220, in main
    performance = benchmark.execute()
  File "/work/apac4/xbx/apac/hpc/hoomd-benchmarks/hoomd_benchmarks/common.py", line 157, in execute
    run_benchmark(profiling=False)
  File "/work/apac4/xbx/apac/hpc/hoomd-benchmarks/hoomd_benchmarks/common.py", line 149, in run_benchmark
    self.run(self.benchmark_steps)
  File "/work/apac4/xbx/apac/hpc/hoomd-benchmarks/hoomd_benchmarks/common.py", line 105, in run
    self.sim.run(steps)
  File "/work/apac4/miniforge3/envs/apac-hpc-xbx/lib/python3.10/site-packages/hoomd/simulation.py", line 562, in run
    self._cpp_sys.run(steps_int, write_at_start)
KeyboardInterrupt
Traceback (most recent call last):
  File "/work/apac4/miniforge3/envs/apac-hpc-xbx/lib/python3.10/runpy.py", line 196, in _run_module_as_main
    return _run_code(code, main_globals, None,
  File "/work/apac4/miniforge3/envs/apac-hpc-xbx/lib/python3.10/runpy.py", line 86, in _run_code
    exec(code, run_globals)
  File "/work/apac4/xbx/apac/hpc/hoomd-benchmarks/hoomd_benchmarks/md_pair_wca.py", line 34, in <module>
    MDPairWCA.main()
  File "/work/apac4/xbx/apac/hpc/hoomd-benchmarks/hoomd_benchmarks/common.py", line 220, in main
    performance = benchmark.execute()
  File "/work/apac4/xbx/apac/hpc/hoomd-benchmarks/hoomd_benchmarks/common.py", line 157, in execute
    run_benchmark(profiling=False)
  File "/work/apac4/xbx/apac/hpc/hoomd-benchmarks/hoomd_benchmarks/common.py", line 149, in run_benchmark
    self.run(self.benchmark_steps)
  File "/work/apac4/xbx/apac/hpc/hoomd-benchmarks/hoomd_benchmarks/common.py", line 105, in run
    self.sim.run(steps)
  File "/work/apac4/miniforge3/envs/apac-hpc-xbx/lib/python3.10/site-packages/hoomd/simulation.py", line 562, in run
    self._cpp_sys.run(steps_int, write_at_start)
KeyboardInterrupt
Traceback (most recent call last):
  File "/work/apac4/miniforge3/envs/apac-hpc-xbx/lib/python3.10/runpy.py", line 196, in _run_module_as_main
    return _run_code(code, main_globals, None,
  File "/work/apac4/miniforge3/envs/apac-hpc-xbx/lib/python3.10/runpy.py", line 86, in _run_code
    exec(code, run_globals)
  File "/work/apac4/xbx/apac/hpc/hoomd-benchmarks/hoomd_benchmarks/md_pair_wca.py", line 34, in <module>
    MDPairWCA.main()
  File "/work/apac4/xbx/apac/hpc/hoomd-benchmarks/hoomd_benchmarks/common.py", line 220, in main
    performance = benchmark.execute()
  File "/work/apac4/xbx/apac/hpc/hoomd-benchmarks/hoomd_benchmarks/common.py", line 157, in execute
    run_benchmark(profiling=False)
  File "/work/apac4/xbx/apac/hpc/hoomd-benchmarks/hoomd_benchmarks/common.py", line 149, in run_benchmark
    self.run(self.benchmark_steps)
  File "/work/apac4/xbx/apac/hpc/hoomd-benchmarks/hoomd_benchmarks/common.py", line 105, in run
    self.sim.run(steps)
  File "/work/apac4/miniforge3/envs/apac-hpc-xbx/lib/python3.10/site-packages/hoomd/simulation.py", line 562, in run
    self._cpp_sys.run(steps_int, write_at_start)
KeyboardInterrupt
Traceback (most recent call last):
  File "/work/apac4/miniforge3/envs/apac-hpc-xbx/lib/python3.10/runpy.py", line 196, in _run_module_as_main
    return _run_code(code, main_globals, None,
  File "/work/apac4/miniforge3/envs/apac-hpc-xbx/lib/python3.10/runpy.py", line 86, in _run_code
    exec(code, run_globals)
  File "/work/apac4/xbx/apac/hpc/hoomd-benchmarks/hoomd_benchmarks/md_pair_wca.py", line 34, in <module>
    MDPairWCA.main()
  File "/work/apac4/xbx/apac/hpc/hoomd-benchmarks/hoomd_benchmarks/common.py", line 220, in main
    performance = benchmark.execute()
  File "/work/apac4/xbx/apac/hpc/hoomd-benchmarks/hoomd_benchmarks/common.py", line 157, in execute
    run_benchmark(profiling=False)
  File "/work/apac4/xbx/apac/hpc/hoomd-benchmarks/hoomd_benchmarks/common.py", line 149, in run_benchmark
    self.run(self.benchmark_steps)
  File "/work/apac4/xbx/apac/hpc/hoomd-benchmarks/hoomd_benchmarks/common.py", line 105, in run
    self.sim.run(steps)
  File "/work/apac4/miniforge3/envs/apac-hpc-xbx/lib/python3.10/site-packages/hoomd/simulation.py", line 562, in run
    self._cpp_sys.run(steps_int, write_at_start)
KeyboardInterrupt
Traceback (most recent call last):
  File "/work/apac4/miniforge3/envs/apac-hpc-xbx/lib/python3.10/runpy.py", line 196, in _run_module_as_main
    return _run_code(code, main_globals, None,
  File "/work/apac4/miniforge3/envs/apac-hpc-xbx/lib/python3.10/runpy.py", line 86, in _run_code
    exec(code, run_globals)
  File "/work/apac4/xbx/apac/hpc/hoomd-benchmarks/hoomd_benchmarks/md_pair_wca.py", line 34, in <module>
    MDPairWCA.main()
  File "/work/apac4/xbx/apac/hpc/hoomd-benchmarks/hoomd_benchmarks/common.py", line 220, in main
    performance = benchmark.execute()
  File "/work/apac4/xbx/apac/hpc/hoomd-benchmarks/hoomd_benchmarks/common.py", line 157, in execute
    run_benchmark(profiling=False)
  File "/work/apac4/xbx/apac/hpc/hoomd-benchmarks/hoomd_benchmarks/common.py", line 149, in run_benchmark
    self.run(self.benchmark_steps)
  File "/work/apac4/xbx/apac/hpc/hoomd-benchmarks/hoomd_benchmarks/common.py", line 105, in run
    self.sim.run(steps)
  File "/work/apac4/miniforge3/envs/apac-hpc-xbx/lib/python3.10/site-packages/hoomd/simulation.py", line 562, in run
    self._cpp_sys.run(steps_int, write_at_start)
KeyboardInterrupt
Traceback (most recent call last):
  File "/work/apac4/miniforge3/envs/apac-hpc-xbx/lib/python3.10/runpy.py", line 196, in _run_module_as_main
    return _run_code(code, main_globals, None,
  File "/work/apac4/miniforge3/envs/apac-hpc-xbx/lib/python3.10/runpy.py", line 86, in _run_code
    exec(code, run_globals)
  File "/work/apac4/xbx/apac/hpc/hoomd-benchmarks/hoomd_benchmarks/md_pair_wca.py", line 34, in <module>
    MDPairWCA.main()
  File "/work/apac4/xbx/apac/hpc/hoomd-benchmarks/hoomd_benchmarks/common.py", line 220, in main
    performance = benchmark.execute()
  File "/work/apac4/xbx/apac/hpc/hoomd-benchmarks/hoomd_benchmarks/common.py", line 157, in execute
    run_benchmark(profiling=False)
  File "/work/apac4/xbx/apac/hpc/hoomd-benchmarks/hoomd_benchmarks/common.py", line 149, in run_benchmark
    self.run(self.benchmark_steps)
  File "/work/apac4/xbx/apac/hpc/hoomd-benchmarks/hoomd_benchmarks/common.py", line 105, in run
    self.sim.run(steps)
  File "/work/apac4/miniforge3/envs/apac-hpc-xbx/lib/python3.10/site-packages/hoomd/simulation.py", line 562, in run
    self._cpp_sys.run(steps_int, write_at_start)
KeyboardInterrupt
Traceback (most recent call last):
  File "/work/apac4/miniforge3/envs/apac-hpc-xbx/lib/python3.10/runpy.py", line 196, in _run_module_as_main
    return _run_code(code, main_globals, None,
  File "/work/apac4/miniforge3/envs/apac-hpc-xbx/lib/python3.10/runpy.py", line 86, in _run_code
    exec(code, run_globals)
  File "/work/apac4/xbx/apac/hpc/hoomd-benchmarks/hoomd_benchmarks/md_pair_wca.py", line 34, in <module>
    MDPairWCA.main()
  File "/work/apac4/xbx/apac/hpc/hoomd-benchmarks/hoomd_benchmarks/common.py", line 220, in main
    performance = benchmark.execute()
  File "/work/apac4/xbx/apac/hpc/hoomd-benchmarks/hoomd_benchmarks/common.py", line 157, in execute
    run_benchmark(profiling=False)
  File "/work/apac4/xbx/apac/hpc/hoomd-benchmarks/hoomd_benchmarks/common.py", line 149, in run_benchmark
    self.run(self.benchmark_steps)
  File "/work/apac4/xbx/apac/hpc/hoomd-benchmarks/hoomd_benchmarks/common.py", line 105, in run
    self.sim.run(steps)
  File "/work/apac4/miniforge3/envs/apac-hpc-xbx/lib/python3.10/site-packages/hoomd/simulation.py", line 562, in run
    self._cpp_sys.run(steps_int, write_at_start)
KeyboardInterrupt
Traceback (most recent call last):
  File "/work/apac4/miniforge3/envs/apac-hpc-xbx/lib/python3.10/runpy.py", line 196, in _run_module_as_main
    return _run_code(code, main_globals, None,
  File "/work/apac4/miniforge3/envs/apac-hpc-xbx/lib/python3.10/runpy.py", line 86, in _run_code
    exec(code, run_globals)
  File "/work/apac4/xbx/apac/hpc/hoomd-benchmarks/hoomd_benchmarks/md_pair_wca.py", line 34, in <module>
    MDPairWCA.main()
  File "/work/apac4/xbx/apac/hpc/hoomd-benchmarks/hoomd_benchmarks/common.py", line 220, in main
    performance = benchmark.execute()
  File "/work/apac4/xbx/apac/hpc/hoomd-benchmarks/hoomd_benchmarks/common.py", line 157, in execute
    run_benchmark(profiling=False)
  File "/work/apac4/xbx/apac/hpc/hoomd-benchmarks/hoomd_benchmarks/common.py", line 149, in run_benchmark
    self.run(self.benchmark_steps)
  File "/work/apac4/xbx/apac/hpc/hoomd-benchmarks/hoomd_benchmarks/common.py", line 105, in run
    self.sim.run(steps)
  File "/work/apac4/miniforge3/envs/apac-hpc-xbx/lib/python3.10/site-packages/hoomd/simulation.py", line 562, in run
    self._cpp_sys.run(steps_int, write_at_start)
KeyboardInterrupt
Traceback (most recent call last):
  File "/work/apac4/miniforge3/envs/apac-hpc-xbx/lib/python3.10/runpy.py", line 196, in _run_module_as_main
    return _run_code(code, main_globals, None,
  File "/work/apac4/miniforge3/envs/apac-hpc-xbx/lib/python3.10/runpy.py", line 86, in _run_code
    exec(code, run_globals)
  File "/work/apac4/xbx/apac/hpc/hoomd-benchmarks/hoomd_benchmarks/md_pair_wca.py", line 34, in <module>
    MDPairWCA.main()
  File "/work/apac4/xbx/apac/hpc/hoomd-benchmarks/hoomd_benchmarks/common.py", line 220, in main
    performance = benchmark.execute()
  File "/work/apac4/xbx/apac/hpc/hoomd-benchmarks/hoomd_benchmarks/common.py", line 157, in execute
    run_benchmark(profiling=False)
  File "/work/apac4/xbx/apac/hpc/hoomd-benchmarks/hoomd_benchmarks/common.py", line 149, in run_benchmark
    self.run(self.benchmark_steps)
  File "/work/apac4/xbx/apac/hpc/hoomd-benchmarks/hoomd_benchmarks/common.py", line 105, in run
    self.sim.run(steps)
  File "/work/apac4/miniforge3/envs/apac-hpc-xbx/lib/python3.10/site-packages/hoomd/simulation.py", line 562, in run
    self._cpp_sys.run(steps_int, write_at_start)
KeyboardInterrupt
[a08u18b:3674985] 23 more processes have sent help message help-mpi-api.txt / mpi-abort
[a08u18b:3674985] Set MCA parameter "orte_base_help_aggregate" to 0 to see all help / error messages
real 644.65
user 13767.04
sys 1272.77
