/work/apac4/miniforge3/envs/apac-hpc-xbx/bin/python3: Error while finding module specification for 'hoomd_benchmarks.md_pair_wca' (ModuleNotFoundError: No module named 'hoomd_benchmarks')
/work/apac4/miniforge3/envs/apac-hpc-xbx/bin/python3: Error while finding module specification for 'hoomd_benchmarks.md_pair_wca' (ModuleNotFoundError: No module named 'hoomd_benchmarks')
/work/apac4/miniforge3/envs/apac-hpc-xbx/bin/python3: Error while finding module specification for 'hoomd_benchmarks.md_pair_wca' (ModuleNotFoundError: No module named 'hoomd_benchmarks')
/work/apac4/miniforge3/envs/apac-hpc-xbx/bin/python3: Error while finding module specification for 'hoomd_benchmarks.md_pair_wca' (ModuleNotFoundError: No module named 'hoomd_benchmarks')
/work/apac4/miniforge3/envs/apac-hpc-xbx/bin/python3: Error while finding module specification for 'hoomd_benchmarks.md_pair_wca' (ModuleNotFoundError: No module named 'hoomd_benchmarks')
/work/apac4/miniforge3/envs/apac-hpc-xbx/bin/python3: Error while finding module specification for 'hoomd_benchmarks.md_pair_wca' (ModuleNotFoundError: No module named 'hoomd_benchmarks')
/work/apac4/miniforge3/envs/apac-hpc-xbx/bin/python3: Error while finding module specification for 'hoomd_benchmarks.md_pair_wca' (ModuleNotFoundError: No module named 'hoomd_benchmarks')
/work/apac4/miniforge3/envs/apac-hpc-xbx/bin/python3: Error while finding module specification for 'hoomd_benchmarks.md_pair_wca' (ModuleNotFoundError: No module named 'hoomd_benchmarks')
/work/apac4/miniforge3/envs/apac-hpc-xbx/bin/python3: Error while finding module specification for 'hoomd_benchmarks.md_pair_wca' (ModuleNotFoundError: No module named 'hoomd_benchmarks')
/work/apac4/miniforge3/envs/apac-hpc-xbx/bin/python3: Error while finding module specification for 'hoomd_benchmarks.md_pair_wca' (ModuleNotFoundError: No module named 'hoomd_benchmarks')
/work/apac4/miniforge3/envs/apac-hpc-xbx/bin/python3: Error while finding module specification for 'hoomd_benchmarks.md_pair_wca' (ModuleNotFoundError: No module named 'hoomd_benchmarks')
/work/apac4/miniforge3/envs/apac-hpc-xbx/bin/python3: Error while finding module specification for 'hoomd_benchmarks.md_pair_wca' (ModuleNotFoundError: No module named 'hoomd_benchmarks')
/work/apac4/miniforge3/envs/apac-hpc-xbx/bin/python3: Error while finding module specification for 'hoomd_benchmarks.md_pair_wca' (ModuleNotFoundError: No module named 'hoomd_benchmarks')
/work/apac4/miniforge3/envs/apac-hpc-xbx/bin/python3: Error while finding module specification for 'hoomd_benchmarks.md_pair_wca' (ModuleNotFoundError: No module named 'hoomd_benchmarks')
/work/apac4/miniforge3/envs/apac-hpc-xbx/bin/python3: Error while finding module specification for 'hoomd_benchmarks.md_pair_wca' (ModuleNotFoundError: No module named 'hoomd_benchmarks')
--------------------------------------------------------------------------
Primary job  terminated normally, but 1 process returned
a non-zero exit code. Per user-direction, the job has been aborted.
--------------------------------------------------------------------------
/work/apac4/miniforge3/envs/apac-hpc-xbx/bin/python3: Error while finding module specification for 'hoomd_benchmarks.md_pair_wca' (ModuleNotFoundError: No module named 'hoomd_benchmarks')
/work/apac4/miniforge3/envs/apac-hpc-xbx/bin/python3: Error while finding module specification for 'hoomd_benchmarks.md_pair_wca' (ModuleNotFoundError: No module named 'hoomd_benchmarks')
real 0.23
user 0.35
sys 0.20
